2023-10-09 14:56:02 - INFO - [base_logger.py : initialize_logger - 77] :: Initialized logger for the service [usermanagement] :: [SUCCESS]
2023-10-09 14:56:02 - INFO - [app_manager.py : __init__ - 29] :: Initialized cmn_logger with value: <Logger usermanagement (DEBUG)>
2023-10-09 14:56:02 - INFO - [app_manager.py : create_app_instance - 39] :: Received Service [usermanagement]
2023-10-09 14:56:02 - INFO - [app_manager.py : create_app_instance - 41] :: Created Flask Application Instance for service [usermanagement]
2023-10-09 14:56:02 - INFO - [app_manager.py : read_json_schema - 169] :: Received Schema File Path : /Users/kamalsaidevarapalli/Desktop/Workshop/PyPortalAdminstration/src/usermanagement_service/schemas/headers/reg_headers_schema.json
2023-10-09 14:56:02 - INFO - [app_manager.py : read_json_schema - 191] :: Schema Validation True
2023-10-09 14:56:02 - INFO - [app_manager.py : read_json_schema - 169] :: Received Schema File Path : /Users/kamalsaidevarapalli/Desktop/Workshop/PyPortalAdminstration/src/usermanagement_service/schemas/headers/getuser_headers_schema.json
2023-10-09 14:56:02 - INFO - [app_manager.py : read_json_schema - 191] :: Schema Validation True
2023-10-09 14:56:02 - INFO - [app_manager.py : read_json_schema - 169] :: Received Schema File Path : /Users/kamalsaidevarapalli/Desktop/Workshop/PyPortalAdminstration/src/usermanagement_service/schemas/headers/del_user_headers_schema.json
2023-10-09 14:56:02 - INFO - [app_manager.py : read_json_schema - 191] :: Schema Validation True
2023-10-09 14:56:02 - INFO - [app_manager.py : read_json_schema - 169] :: Received Schema File Path : /Users/kamalsaidevarapalli/Desktop/Workshop/PyPortalAdminstration/src/usermanagement_service/schemas/requests/register_user/req_schema.json
2023-10-09 14:56:02 - INFO - [app_manager.py : read_json_schema - 191] :: Schema Validation True
2023-10-09 14:56:02 - INFO - [app_manager.py : create_blueprint_instance - 103] :: Created Blueprint :: <Blueprint 'usermanagement_bp'> for the Application service ::usermanagement
2023-10-09 14:56:02 - INFO - [db_pool_manager.py : __init__ - 32] :: Initialized cmn_logger with value: <Logger usermanagement (DEBUG)>
2023-10-09 14:56:02 - INFO - [db_pool_manager.py : __init__ - 32] :: Initialized db_driver with value: postgresql
2023-10-09 14:56:02 - INFO - [db_pool_manager.py : __init__ - 32] :: Initialized db_user with value: usermanageradmin
2023-10-09 14:56:02 - INFO - [db_pool_manager.py : __init__ - 32] :: Initialized _db_password with value: testeventstreammonitor#123
2023-10-09 14:56:02 - INFO - [db_pool_manager.py : __init__ - 32] :: Initialized _db_ip_address with value: 127.0.0.1
2023-10-09 14:56:02 - INFO - [db_pool_manager.py : __init__ - 32] :: Initialized db_port with value: 3304
2023-10-09 14:56:02 - INFO - [db_pool_manager.py : __init__ - 32] :: Initialized db_name with value: USERS
2023-10-09 14:56:02 - INFO - [db_pool_manager.py : __init__ - 32] :: Initialized base with value: <class 'sqlalchemy.orm.decl_api.Base'>
2023-10-09 14:56:02 - INFO - [db_pool_manager.py : __init__ - 32] :: Initialized _retry_interval with value: 5
2023-10-09 14:56:02 - INFO - [db_pool_manager.py : __init__ - 32] :: Initialized _max_retries with value: 3
2023-10-09 14:56:02 - INFO - [db_pool_manager.py : __init__ - 32] :: Initialized _database_uri with value: None
2023-10-09 14:56:02 - INFO - [db_pool_manager.py : __init__ - 32] :: Initialized db_pool_size with value: 30
2023-10-09 14:56:02 - INFO - [db_pool_manager.py : __init__ - 32] :: Initialized db_pool_recycle with value: 60
2023-10-09 14:56:02 - INFO - [db_pool_manager.py : __init__ - 32] :: Initialized db_pool_timeout with value: 10
2023-10-09 14:56:02 - INFO - [db_pool_manager.py : __init__ - 32] :: Initialized db_pool_max_overflow with value: 20
2023-10-09 14:56:02 - INFO - [db_conn_manager.py : create_db_engine_for_service - 86] :: Creating DB-Engine using DatabaseURI for Service :: [usermanagement]
2023-10-09 14:56:02 - INFO - [db_conn_manager.py : _prepare_database_uri - 53] :: Preparing DatabaseURI for Service :: [<Logger usermanagement (DEBUG)>]
2023-10-09 14:56:02 - INFO - [db_conn_manager.py : _prepare_database_uri - 70] :: Prepared DatabaseURI for Service :: [usermanagement] - postgresql://usermanageradmin:Ishi%2306041995@127.0.0.1:3304/USERS
2023-10-09 14:56:02 - INFO - [db_conn_manager.py : create_db_engine_for_service - 95] :: Created DB-Engine using DatabaseURI for Service :: [Engine(postgresql://usermanageradmin:***@127.0.0.1:3304/USERS)]
2023-10-09 14:56:02 - INFO - [db_conn_manager.py : _check_database_connectivity - 300] :: Current Connection status set to :: False for the service :: usermanagement
2023-10-09 14:56:02 - INFO - [db_conn_manager.py : _check_database_connectivity - 306] :: Trying to establish the connection to the database :: [IN-PROGRESS]
2023-10-09 14:56:02 - INFO - [db_conn_manager.py : _check_database_connectivity - 310] :: Established the connection to the database :: [SUCCESS]
2023-10-09 14:56:02 - INFO - [db_conn_manager.py : _check_database_connectivity - 314] :: Current Connection status set to :: True for the service :: usermanagement
2023-10-09 14:56:02 - INFO - [db_conn_manager.py : _check_database_connectivity - 320] :: Closing the Current Connection as the connection was established for the service :: usermanagement
2023-10-09 14:56:02 - INFO - [db_conn_manager.py : create_database_for_service - 148] :: Database already exists :: USERS
2023-10-09 14:56:02 - INFO - [db_conn_manager.py : create_tables_associated_to_db_model - 341] :: Trying to create the tables if not present in the database...
2023-10-09 14:56:02 - INFO - [db_conn_manager.py : create_tables_associated_to_db_model - 345] :: Going to create the tables ...
2023-10-09 14:56:02 - INFO - [db_conn_manager.py : create_tables_associated_to_db_model - 348] :: Created the tables ...
2023-10-09 14:56:02 - INFO - [db_conn_manager.py : bind_db_app - 168] :: Binding SQLALCHEMY  to Application Instance for Service :: [usermanagement]
2023-10-09 14:56:02 - INFO - [db_conn_manager.py : bind_db_app - 174] :: Bound SQLALCHEMY :: [<SQLAlchemy>] to Application Instance for Service :: [usermanagement]
2023-10-09 14:56:02 - INFO - [db_conn_manager.py : migrate_db_bind_app - 196] :: Binding the db :: [<SQLAlchemy>] to app instance :: [<Flask 'usermanagement'>] for migrations
2023-10-09 14:56:02 - INFO - [db_conn_manager.py : migrate_db_bind_app - 202] :: Bound the db :: [<SQLAlchemy>] to app instance :: [<Flask 'usermanagement'>] for migrations
2023-10-09 14:56:02 - INFO - [db_pool_manager.py : create_pool_of_connections - 38] :: Creating Pool of connections for Service ==>[usermanagement] :: [STARTED]
2023-10-09 14:56:02 - INFO - [db_pool_manager.py : create_pool_of_connections - 54] :: Created Pool of connections for Service ==>[usermanagement] :: [SUCCESS]
2023-10-09 14:56:02 - INFO - [db_pool_manager.py : create_session_maker_to_connectio_pool - 74] :: Creating session maker for managing database sessions/interactions  :: [STARTED]
2023-10-09 14:56:02 - INFO - [db_pool_manager.py : create_session_maker_to_connectio_pool - 78] :: Created session using Pool_info :: <sqlalchemy.pool.impl.QueuePool object at 0x1060e6f40>
2023-10-09 14:56:02 - INFO - [db_pool_manager.py : create_session_maker_to_connectio_pool - 81] :: Created a session maker for database interactions sessionmaker(class_='Session', bind=Engine(postgresql://usermanageradmin:***@127.0.0.1:3304/USERS), autoflush=True, expire_on_commit=True) :: [SUCCESS]
2023-10-09 14:56:02 - INFO - [db_conn_manager.py : display_pool_info - 223] :: #---------------------------------[ POOL INFO ]----------------------------------------#
2023-10-09 14:56:02 - INFO - [db_conn_manager.py : display_pool_info - 226] :: Displaying Pool Info for Service ==>[usermanagement]
2023-10-09 14:56:02 - INFO - [db_conn_manager.py : display_pool_info - 231] :: Current Pool Info :: <sqlalchemy.pool.impl.QueuePool object at 0x1060e6f40> - ID: 4396576576
2023-10-09 14:56:02 - INFO - [db_conn_manager.py : display_pool_info - 236] :: Current Pool Size :: 30
2023-10-09 14:56:02 - INFO - [db_conn_manager.py : display_pool_info - 239] :: Checked Out Connections from Pool: 0
2023-10-09 14:56:02 - INFO - [db_conn_manager.py : display_pool_info - 244] :: Checked in Connections available in Pool: 0
2023-10-09 14:56:02 - INFO - [db_conn_manager.py : display_pool_info - 249] :: Current Pool Overflow Info: -30
2023-10-09 14:56:02 - INFO - [db_conn_manager.py : display_pool_info - 252] :: #---------------------------------[ POOL INFO ]----------------------------------------#
2023-10-09 14:56:02 - INFO - [app_manager.py : __init__ - 29] :: Initialized cmn_logger with value: <Logger usermanagement (DEBUG)>
2023-10-09 14:56:02 - INFO - [app_manager.py : create_app_instance - 39] :: Received Service [usermanagement]
2023-10-09 14:56:02 - INFO - [app_manager.py : create_app_instance - 41] :: Created Flask Application Instance for service [usermanagement]
2023-10-09 14:56:02 - INFO - [app_manager.py : read_json_schema - 169] :: Received Schema File Path : /Users/kamalsaidevarapalli/Desktop/Workshop/PyPortalAdminstration/src/usermanagement_service/schemas/headers/reg_headers_schema.json
2023-10-09 14:56:02 - INFO - [app_manager.py : read_json_schema - 191] :: Schema Validation True
2023-10-09 14:56:02 - INFO - [app_manager.py : read_json_schema - 169] :: Received Schema File Path : /Users/kamalsaidevarapalli/Desktop/Workshop/PyPortalAdminstration/src/usermanagement_service/schemas/headers/getuser_headers_schema.json
2023-10-09 14:56:02 - INFO - [app_manager.py : read_json_schema - 191] :: Schema Validation True
2023-10-09 14:56:02 - INFO - [app_manager.py : read_json_schema - 169] :: Received Schema File Path : /Users/kamalsaidevarapalli/Desktop/Workshop/PyPortalAdminstration/src/usermanagement_service/schemas/headers/del_user_headers_schema.json
2023-10-09 14:56:02 - INFO - [app_manager.py : read_json_schema - 191] :: Schema Validation True
2023-10-09 14:56:02 - INFO - [app_manager.py : read_json_schema - 169] :: Received Schema File Path : /Users/kamalsaidevarapalli/Desktop/Workshop/PyPortalAdminstration/src/usermanagement_service/schemas/requests/register_user/req_schema.json
2023-10-09 14:56:02 - INFO - [app_manager.py : read_json_schema - 191] :: Schema Validation True
2023-10-09 14:56:02 - INFO - [app_manager.py : create_blueprint_instance - 103] :: Created Blueprint :: <Blueprint 'usermanagement_bp'> for the Application service ::usermanagement
2023-10-09 14:56:02 - INFO - [db_pool_manager.py : __init__ - 32] :: Initialized cmn_logger with value: <Logger usermanagement (DEBUG)>
2023-10-09 14:56:02 - INFO - [db_pool_manager.py : __init__ - 32] :: Initialized db_driver with value: postgresql
2023-10-09 14:56:02 - INFO - [db_pool_manager.py : __init__ - 32] :: Initialized db_user with value: usermanageradmin
2023-10-09 14:56:02 - INFO - [db_pool_manager.py : __init__ - 32] :: Initialized _db_password with value: testeventstreammonitor#123
2023-10-09 14:56:02 - INFO - [db_pool_manager.py : __init__ - 32] :: Initialized _db_ip_address with value: 127.0.0.1
2023-10-09 14:56:02 - INFO - [db_pool_manager.py : __init__ - 32] :: Initialized db_port with value: 3304
2023-10-09 14:56:02 - INFO - [db_pool_manager.py : __init__ - 32] :: Initialized db_name with value: USERS
2023-10-09 14:56:02 - INFO - [db_pool_manager.py : __init__ - 32] :: Initialized base with value: <class 'sqlalchemy.orm.decl_api.Base'>
2023-10-09 14:56:02 - INFO - [db_pool_manager.py : __init__ - 32] :: Initialized _retry_interval with value: 5
2023-10-09 14:56:02 - INFO - [db_pool_manager.py : __init__ - 32] :: Initialized _max_retries with value: 3
2023-10-09 14:56:02 - INFO - [db_pool_manager.py : __init__ - 32] :: Initialized _database_uri with value: None
2023-10-09 14:56:02 - INFO - [db_pool_manager.py : __init__ - 32] :: Initialized db_pool_size with value: 30
2023-10-09 14:56:02 - INFO - [db_pool_manager.py : __init__ - 32] :: Initialized db_pool_recycle with value: 60
2023-10-09 14:56:02 - INFO - [db_pool_manager.py : __init__ - 32] :: Initialized db_pool_timeout with value: 10
2023-10-09 14:56:02 - INFO - [db_pool_manager.py : __init__ - 32] :: Initialized db_pool_max_overflow with value: 20
2023-10-09 14:56:02 - INFO - [db_conn_manager.py : create_db_engine_for_service - 86] :: Creating DB-Engine using DatabaseURI for Service :: [usermanagement]
2023-10-09 14:56:02 - INFO - [db_conn_manager.py : _prepare_database_uri - 53] :: Preparing DatabaseURI for Service :: [<Logger usermanagement (DEBUG)>]
2023-10-09 14:56:02 - INFO - [db_conn_manager.py : _prepare_database_uri - 70] :: Prepared DatabaseURI for Service :: [usermanagement] - postgresql://usermanageradmin:Ishi%2306041995@127.0.0.1:3304/USERS
2023-10-09 14:56:02 - INFO - [db_conn_manager.py : create_db_engine_for_service - 95] :: Created DB-Engine using DatabaseURI for Service :: [Engine(postgresql://usermanageradmin:***@127.0.0.1:3304/USERS)]
2023-10-09 14:56:02 - INFO - [db_conn_manager.py : _check_database_connectivity - 300] :: Current Connection status set to :: False for the service :: usermanagement
2023-10-09 14:56:02 - INFO - [db_conn_manager.py : _check_database_connectivity - 306] :: Trying to establish the connection to the database :: [IN-PROGRESS]
2023-10-09 14:56:02 - INFO - [db_conn_manager.py : _check_database_connectivity - 310] :: Established the connection to the database :: [SUCCESS]
2023-10-09 14:56:02 - INFO - [db_conn_manager.py : _check_database_connectivity - 314] :: Current Connection status set to :: True for the service :: usermanagement
2023-10-09 14:56:02 - INFO - [db_conn_manager.py : _check_database_connectivity - 320] :: Closing the Current Connection as the connection was established for the service :: usermanagement
2023-10-09 14:56:02 - INFO - [db_conn_manager.py : create_database_for_service - 148] :: Database already exists :: USERS
2023-10-09 14:56:02 - INFO - [db_conn_manager.py : create_tables_associated_to_db_model - 341] :: Trying to create the tables if not present in the database...
2023-10-09 14:56:02 - INFO - [db_conn_manager.py : create_tables_associated_to_db_model - 345] :: Going to create the tables ...
2023-10-09 14:56:02 - INFO - [db_conn_manager.py : create_tables_associated_to_db_model - 348] :: Created the tables ...
2023-10-09 14:56:02 - INFO - [db_conn_manager.py : bind_db_app - 168] :: Binding SQLALCHEMY  to Application Instance for Service :: [usermanagement]
2023-10-09 14:56:02 - INFO - [db_conn_manager.py : bind_db_app - 174] :: Bound SQLALCHEMY :: [<SQLAlchemy>] to Application Instance for Service :: [usermanagement]
2023-10-09 14:56:02 - INFO - [db_conn_manager.py : migrate_db_bind_app - 196] :: Binding the db :: [<SQLAlchemy>] to app instance :: [<Flask 'usermanagement'>] for migrations
2023-10-09 14:56:02 - INFO - [db_conn_manager.py : migrate_db_bind_app - 202] :: Bound the db :: [<SQLAlchemy>] to app instance :: [<Flask 'usermanagement'>] for migrations
2023-10-09 14:56:02 - INFO - [db_pool_manager.py : create_pool_of_connections - 38] :: Creating Pool of connections for Service ==>[usermanagement] :: [STARTED]
2023-10-09 14:56:02 - INFO - [db_pool_manager.py : create_pool_of_connections - 54] :: Created Pool of connections for Service ==>[usermanagement] :: [SUCCESS]
2023-10-09 14:56:02 - INFO - [db_pool_manager.py : create_session_maker_to_connectio_pool - 74] :: Creating session maker for managing database sessions/interactions  :: [STARTED]
2023-10-09 14:56:02 - INFO - [db_pool_manager.py : create_session_maker_to_connectio_pool - 78] :: Created session using Pool_info :: <sqlalchemy.pool.impl.QueuePool object at 0x10618fb20>
2023-10-09 14:56:02 - INFO - [db_pool_manager.py : create_session_maker_to_connectio_pool - 81] :: Created a session maker for database interactions sessionmaker(class_='Session', bind=Engine(postgresql://usermanageradmin:***@127.0.0.1:3304/USERS), autoflush=True, expire_on_commit=True) :: [SUCCESS]
2023-10-09 14:56:02 - INFO - [db_conn_manager.py : display_pool_info - 223] :: #---------------------------------[ POOL INFO ]----------------------------------------#
2023-10-09 14:56:02 - INFO - [db_conn_manager.py : display_pool_info - 226] :: Displaying Pool Info for Service ==>[usermanagement]
2023-10-09 14:56:02 - INFO - [db_conn_manager.py : display_pool_info - 231] :: Current Pool Info :: <sqlalchemy.pool.impl.QueuePool object at 0x10618fb20> - ID: 4397267744
2023-10-09 14:56:02 - INFO - [db_conn_manager.py : display_pool_info - 236] :: Current Pool Size :: 30
2023-10-09 14:56:02 - INFO - [db_conn_manager.py : display_pool_info - 239] :: Checked Out Connections from Pool: 0
2023-10-09 14:56:02 - INFO - [db_conn_manager.py : display_pool_info - 244] :: Checked in Connections available in Pool: 0
2023-10-09 14:56:02 - INFO - [db_conn_manager.py : display_pool_info - 249] :: Current Pool Overflow Info: -30
2023-10-09 14:56:02 - INFO - [db_conn_manager.py : display_pool_info - 252] :: #---------------------------------[ POOL INFO ]----------------------------------------#
2023-10-09 14:56:02 - INFO - [app_manager.py : register_blueprint_for_service - 130] :: Registering blueprints to the service :: <Flask 'usermanagement'>
2023-10-09 14:56:02 - INFO - [app_manager.py : display_registered_blueprints_for_service - 151] :: Added Blueprints :: /static/<path:filename>
2023-10-09 14:56:02 - INFO - [app_manager.py : display_registered_blueprints_for_service - 151] :: Added Blueprints :: /api/v1/airliner/registerUser
2023-10-09 14:56:02 - INFO - [grpc_base_server.py : __init__ - 16] :: Initialized cmn_logger with value: <Logger usermanagement (DEBUG)>
2023-10-09 14:56:02 - INFO - [grpc_base_server.py : __init__ - 16] :: Initialized grpc_server_ip with value: 127.0.0.1
2023-10-09 14:56:02 - INFO - [grpc_base_server.py : __init__ - 16] :: Initialized grpc_server_port with value: 50051
2023-10-09 14:56:02 - INFO - [grpc_base_server.py : __init__ - 16] :: Initialized max_workers_for_service with value: 4
2023-10-09 14:56:02 - INFO - [grpc_base_server.py : __init__ - 16] :: Initialized base_grpc_server with value: <grpc._server._Server object at 0x10640a610>
2023-10-09 14:56:02 - INFO - [grpc_base_server.py : bind_ip_port_server - 22] :: Registered GRPC server :: 127.0.0.1:50051
2023-10-09 14:56:02 - INFO - [grpc_base_server.py : bind_rpc_method_server - 38] :: Registered RPC call to the server of :: <grpc._server._Server object at 0x10640a610> :: <class 'src.usermanagement_service.user_management_grpc.user_grpc_server.UserValidationForTokenGenerationService'>
2023-10-09 14:56:02 - INFO - [notfication_producer.py : __init__ - 15] :: Initialized cmn_logger with value: <Logger usermanagement (DEBUG)>
2023-10-09 14:56:02 - INFO - [notfication_producer.py : __init__ - 15] :: Initialized producer_ip_address with value: 127.0.0.1
2023-10-09 14:56:02 - INFO - [notfication_producer.py : __init__ - 15] :: Initialized producer_port with value: 29092
2023-10-09 14:56:02 - INFO - [notfication_producer.py : __init__ - 15] :: Initialized topic_to_set with value: None
2023-10-09 14:56:02 - INFO - [notfication_producer.py : __init__ - 15] :: Initialized producer with value: <kafka.producer.kafka.KafkaProducer object at 0x1064784f0>
2023-10-09 14:56:02 - INFO - [grpc_base_server.py : start_base_server - 45] :: Started GRPC Server
2023-10-09 14:56:02 - INFO - [usermanagement.py : <module> - 18] :: Bound USER-MANAGEMENT-SERVICE at IP-ADDRESS:PORT :: 0.0.0.0:9091
2023-10-09 14:56:02 - INFO - [usermanagement.py : <module> - 23] :: Started the USER-MANAGEMENT server ...
2023-10-09 14:56:02 - INFO - [usermanagement.py : <module> - 24] :: Application is ready to serve traffic.
2023-10-09 14:56:11 - INFO - [create_user.py : register_user - 37] :: REQUEST ==> Received Endpoint for the request:: usermanagement_bp.register_user
2023-10-09 14:56:11 - INFO - [create_user.py : register_user - 42] :: REQUEST ==> Received url for the request :: http://127.0.0.1:9091/api/v1/airliner/registerUser
2023-10-09 14:56:11 - INFO - [create_user.py : register_user - 47] :: Received Headers from the request :: {'Content-Type': 'application/json', 'User-Agent': 'PostmanRuntime/7.33.0', 'Accept': '*/*', 'Host': '127.0.0.1:9091', 'Accept-Encoding': 'gzip, deflate, br', 'Connection': 'keep-alive', 'Content-Length': '198'}
2023-10-09 14:56:11 - INFO - [app_manager.py : generate_req_missing_params - 207] :: Validation for Request is  :: [STARTED]
2023-10-09 14:56:11 - INFO - [app_manager.py : generate_req_missing_params - 209] :: REQUEST <==> params ==> Param :: Content-Type :: Value :: application/json :: Type ::<class 'str'> 
2023-10-09 14:56:11 - INFO - [app_manager.py : generate_req_missing_params - 209] :: REQUEST <==> params ==> Param :: User-Agent :: Value :: PostmanRuntime/7.33.0 :: Type ::<class 'str'> 
2023-10-09 14:56:11 - INFO - [app_manager.py : generate_req_missing_params - 209] :: REQUEST <==> params ==> Param :: Accept :: Value :: */* :: Type ::<class 'str'> 
2023-10-09 14:56:11 - INFO - [app_manager.py : generate_req_missing_params - 209] :: REQUEST <==> params ==> Param :: Host :: Value :: 127.0.0.1:9091 :: Type ::<class 'str'> 
2023-10-09 14:56:11 - INFO - [app_manager.py : generate_req_missing_params - 209] :: REQUEST <==> params ==> Param :: Accept-Encoding :: Value :: gzip, deflate, br :: Type ::<class 'str'> 
2023-10-09 14:56:11 - INFO - [app_manager.py : generate_req_missing_params - 209] :: REQUEST <==> params ==> Param :: Connection :: Value :: keep-alive :: Type ::<class 'str'> 
2023-10-09 14:56:11 - INFO - [app_manager.py : generate_req_missing_params - 209] :: REQUEST <==> params ==> Param :: Content-Length :: Value :: 198 :: Type ::<class 'str'> 
2023-10-09 14:56:11 - INFO - [app_manager.py : generate_req_missing_params - 207] :: Validation for Request is  :: [STARTED]
2023-10-09 14:56:11 - INFO - [app_manager.py : generate_req_missing_params - 209] :: REQUEST <==> params ==> Param :: username :: Value :: kamalsai266 :: Type ::<class 'str'> 
2023-10-09 14:56:11 - INFO - [app_manager.py : generate_req_missing_params - 209] :: REQUEST <==> params ==> Param :: email :: Value :: devarapallikama1502@gmail.com :: Type ::<class 'str'> 
2023-10-09 14:56:11 - INFO - [app_manager.py : generate_req_missing_params - 209] :: REQUEST <==> params ==> Param :: firstName :: Value :: kamal :: Type ::<class 'str'> 
2023-10-09 14:56:11 - INFO - [app_manager.py : generate_req_missing_params - 209] :: REQUEST <==> params ==> Param :: lastName :: Value :: devarapalli :: Type ::<class 'str'> 
2023-10-09 14:56:11 - INFO - [app_manager.py : generate_req_missing_params - 209] :: REQUEST <==> params ==> Param :: dateOfBirth :: Value :: 06-4-1997 :: Type ::<class 'str'> 
2023-10-09 14:56:11 - INFO - [app_manager.py : generate_req_missing_params - 209] :: REQUEST <==> params ==> Param :: password :: Value :: Ish#123456 :: Type ::<class 'str'> 
2023-10-09 14:56:11 - INFO - [create_user.py : register_user - 88] :: Processing the request data... :: [STARTED]
2023-10-09 14:56:11 - INFO - [util_helpers.py : is_username_email_already_exists_in_db - 27] :: Querying UserName :: kamalsai266 , Email :: devarapallikama1502@gmail.com in the Database to check the if already exists :: 
2023-10-09 14:56:11 - INFO - [util_helpers.py : is_username_email_already_exists_in_db - 47] :: Result for the Query Response :: False
2023-10-09 14:56:11 - INFO - [user.py : __init__ - 35] :: Initialized user_dict with value: {}
2023-10-09 14:56:11 - INFO - [user.py : __init__ - 35] :: Initialized user_map_db_instance with value: None
2023-10-09 14:56:11 - INFO - [user.py : __init__ - 35] :: Initialized username with value: kamalsai266
2023-10-09 14:56:11 - INFO - [user.py : __init__ - 35] :: Initialized firstname with value: kamal
2023-10-09 14:56:11 - INFO - [user.py : __init__ - 35] :: Initialized lastname with value: devarapalli
2023-10-09 14:56:11 - INFO - [user.py : __init__ - 35] :: Initialized dateofbirth with value: 06-4-1997
2023-10-09 14:56:11 - INFO - [user.py : __init__ - 35] :: Initialized email with value: devarapallikama1502@gmail.com
2023-10-09 14:56:11 - INFO - [user.py : __init__ - 35] :: Initialized pwd with value: b'$2b$12$k1xoFPw8OHJKjCprw5OFi.JXIfVV9XerSR5j7mH0LIE3vkCwn0Ruq'
2023-10-09 14:56:11 - INFO - [user.py : __init__ - 35] :: Initialized created_at with value: 2023-10-09 14:56:11.944327
2023-10-09 14:56:11 - INFO - [user.py : __init__ - 35] :: Initialized updated_at with value: 2023-10-09 14:56:11.944361
2023-10-09 14:56:11 - INFO - [user.py : add_user - 51] :: Instance creation for User :: {'username': 'kamalsai266', 'firstname': 'kamal', 'lastname': 'devarapalli', 'password': b'$2b$12$k1xoFPw8OHJKjCprw5OFi.JXIfVV9XerSR5j7mH0LIE3vkCwn0Ruq', 'email': 'devarapallikama1502@gmail.com', 'dateofbirth': '06-4-1997', 'created_at': '2023-10-09 14:56:11.944327', 'updated_at': '2023-10-09 14:56:11.944361'} [SUCCESS] :: ID :: 4399683264
2023-10-09 14:56:11 - INFO - [user.py : map_user_instance_to_db_model - 66] :: Mapping the request data to the database model:: [STARTED]
2023-10-09 14:56:11 - INFO - [user.py : map_user_instance_to_db_model - 81] :: Mapping the request data to the database model:: [SUCCESS]
2023-10-09 14:56:11 - INFO - [create_user.py : register_user - 161] :: Data adding into  DataBase session UserID='None', UserName='kamalsai266',         FirstName='kamal', LastName='devarapalli',         Email='devarapallikama1502@gmail.com', Password='b'$2b$12$k1xoFPw8OHJKjCprw5OFi.JXIfVV9XerSR5j7mH0LIE3vkCwn0Ruq'',         DateOfBirth='06-4-1997', CreatedAt='2023-10-09 14:56:11.944327', UpdatedAt='2023-10-09 14:56:11.944361':: [STARTED]
2023-10-09 14:56:11 - INFO - [create_user.py : register_user - 167] :: Data added into  DataBase session UserID='None', UserName='kamalsai266',         FirstName='kamal', LastName='devarapalli',         Email='devarapallikama1502@gmail.com', Password='b'$2b$12$k1xoFPw8OHJKjCprw5OFi.JXIfVV9XerSR5j7mH0LIE3vkCwn0Ruq'',         DateOfBirth='06-4-1997', CreatedAt='2023-10-09 14:56:11.944327', UpdatedAt='2023-10-09 14:56:11.944361':: [SUCCESS]
2023-10-09 14:56:11 - INFO - [create_user.py : register_user - 172] :: Added Data is committed into DataBase of session <sqlalchemy.orm.session.Session object at 0x106595d90>:: [SUCCESS]
2023-10-09 14:56:11 - INFO - [util_helpers.py : convert_db_model_to_resp - 65] :: Converting db model to response obj :: [STARTED]
2023-10-09 14:56:11 - INFO - [util_helpers.py : convert_db_model_to_resp - 77] :: Converting db model to response obj :: [SUCCESS]
2023-10-09 14:56:11 - INFO - [create_user_success_response.py : __init__ - 40] :: Initializing CreateSuccessResponse object ID: 4401483984
2023-10-09 14:56:11 - INFO - [create_user_success_response.py : __init__ - 47] :: Initialized _response_body with value: {'data': {'ID': None, 'Username': 'kamalsai266', 'FirstName': 'kamal', 'LastName': 'devarapalli', 'Email': 'devarapallikama1502@gmail.com', 'DateOfBirth': '06-4-1997', 'Password': b'$2b$12$k1xoFPw8OHJKjCprw5OFi.JXIfVV9XerSR5j7mH0LIE3vkCwn0Ruq', 'CreatedAt': '2023-10-09 14:56:11.944327', 'UpdatedAt': '2023-10-09 14:56:11.944361'}, 'message': ''}
2023-10-09 14:56:11 - INFO - [create_user_success_response.py : __init__ - 47] :: Initialized _serialized_response with value: None
2023-10-09 14:56:11 - INFO - [create_user_success_response.py : __init__ - 47] :: Initialized _success_response_body with value: {}
2023-10-09 14:56:11 - INFO - [create_user_success_response.py : __init__ - 47] :: Initialized _user_instance with value: {}
2023-10-09 14:56:11 - INFO - [create_user_success_response.py : __init__ - 47] :: Initialized _prepared_success_response_body with value: {}
2023-10-09 14:56:11 - INFO - [create_user_success_response.py : __init__ - 47] :: Initialized _response_message with value: User Created Successfully
2023-10-09 14:56:11 - INFO - [user_success_response.py : _prepare_success_response_body - 66] :: Generating Success response :: [STARTED] :: <class 'dict'> 
2023-10-09 14:56:11 - INFO - [user_success_response.py : _prepare_success_response_body - 84] :: Generated Success response :: [SUCCESS] :: {'user': {'userId': None, 'username': 'kamalsai266', 'email': 'devarapallikama1502@gmail.com', 'dateOfBirth': '06-4-1997', 'firstName': 'kamal', 'lastName': 'devarapalli', 'CreatedAt': '2023-10-09 14:56:11.944327', 'UpdatedAt': '2023-10-09 14:56:11.944361'}} 
2023-10-09 14:56:11 - INFO - [user_success_response.py : _serialize_response_data - 99] :: Serializing the response data :: {'user': {'userId': None, 'username': 'kamalsai266', 'email': 'devarapallikama1502@gmail.com', 'dateOfBirth': '06-4-1997', 'firstName': 'kamal', 'lastName': 'devarapalli', 'CreatedAt': '2023-10-09 14:56:11.944327', 'UpdatedAt': '2023-10-09 14:56:11.944361'}} , <class 'dict'> [STARTED]
2023-10-09 14:56:11 - INFO - [user_success_response.py : _serialize_response_data - 105] :: Serializing the response data :: {'user': {'userId': None, 'username': 'kamalsai266', 'email': 'devarapallikama1502@gmail.com', 'dateOfBirth': '06-4-1997', 'firstName': 'kamal', 'lastName': 'devarapalli', 'CreatedAt': '2023-10-09 14:56:11.944327', 'UpdatedAt': '2023-10-09 14:56:11.944361'}} , <class 'dict'> [SUCCESS]
2023-10-09 14:56:11 - INFO - [create_user.py : register_user - 224] :: Prepared success response and sending back to client  <Response 258 bytes [201 CREATED]>:: [STARTED]
2023-10-09 14:56:13 - INFO - [create_user.py : register_user - 37] :: REQUEST ==> Received Endpoint for the request:: usermanagement_bp.register_user
2023-10-09 14:56:13 - INFO - [create_user.py : register_user - 42] :: REQUEST ==> Received url for the request :: http://127.0.0.1:9091/api/v1/airliner/registerUser
2023-10-09 14:56:13 - INFO - [create_user.py : register_user - 47] :: Received Headers from the request :: {'Content-Type': 'application/json', 'User-Agent': 'PostmanRuntime/7.33.0', 'Accept': '*/*', 'Host': '127.0.0.1:9091', 'Accept-Encoding': 'gzip, deflate, br', 'Connection': 'keep-alive', 'Content-Length': '198'}
2023-10-09 14:56:13 - INFO - [app_manager.py : generate_req_missing_params - 207] :: Validation for Request is  :: [STARTED]
2023-10-09 14:56:13 - INFO - [app_manager.py : generate_req_missing_params - 209] :: REQUEST <==> params ==> Param :: Content-Type :: Value :: application/json :: Type ::<class 'str'> 
2023-10-09 14:56:13 - INFO - [app_manager.py : generate_req_missing_params - 209] :: REQUEST <==> params ==> Param :: User-Agent :: Value :: PostmanRuntime/7.33.0 :: Type ::<class 'str'> 
2023-10-09 14:56:13 - INFO - [app_manager.py : generate_req_missing_params - 209] :: REQUEST <==> params ==> Param :: Accept :: Value :: */* :: Type ::<class 'str'> 
2023-10-09 14:56:13 - INFO - [app_manager.py : generate_req_missing_params - 209] :: REQUEST <==> params ==> Param :: Host :: Value :: 127.0.0.1:9091 :: Type ::<class 'str'> 
2023-10-09 14:56:13 - INFO - [app_manager.py : generate_req_missing_params - 209] :: REQUEST <==> params ==> Param :: Accept-Encoding :: Value :: gzip, deflate, br :: Type ::<class 'str'> 
2023-10-09 14:56:13 - INFO - [app_manager.py : generate_req_missing_params - 209] :: REQUEST <==> params ==> Param :: Connection :: Value :: keep-alive :: Type ::<class 'str'> 
2023-10-09 14:56:13 - INFO - [app_manager.py : generate_req_missing_params - 209] :: REQUEST <==> params ==> Param :: Content-Length :: Value :: 198 :: Type ::<class 'str'> 
2023-10-09 14:56:13 - INFO - [app_manager.py : generate_req_missing_params - 207] :: Validation for Request is  :: [STARTED]
2023-10-09 14:56:13 - INFO - [app_manager.py : generate_req_missing_params - 209] :: REQUEST <==> params ==> Param :: username :: Value :: kamalsai266 :: Type ::<class 'str'> 
2023-10-09 14:56:13 - INFO - [app_manager.py : generate_req_missing_params - 209] :: REQUEST <==> params ==> Param :: email :: Value :: devarapallikama1502@gmail.com :: Type ::<class 'str'> 
2023-10-09 14:56:13 - INFO - [app_manager.py : generate_req_missing_params - 209] :: REQUEST <==> params ==> Param :: firstName :: Value :: kamal :: Type ::<class 'str'> 
2023-10-09 14:56:13 - INFO - [app_manager.py : generate_req_missing_params - 209] :: REQUEST <==> params ==> Param :: lastName :: Value :: devarapalli :: Type ::<class 'str'> 
2023-10-09 14:56:13 - INFO - [app_manager.py : generate_req_missing_params - 209] :: REQUEST <==> params ==> Param :: dateOfBirth :: Value :: 06-4-1997 :: Type ::<class 'str'> 
2023-10-09 14:56:13 - INFO - [app_manager.py : generate_req_missing_params - 209] :: REQUEST <==> params ==> Param :: password :: Value :: Ish#123456 :: Type ::<class 'str'> 
2023-10-09 14:56:13 - INFO - [create_user.py : register_user - 88] :: Processing the request data... :: [STARTED]
2023-10-09 14:56:13 - INFO - [util_helpers.py : is_username_email_already_exists_in_db - 27] :: Querying UserName :: kamalsai266 , Email :: devarapallikama1502@gmail.com in the Database to check the if already exists :: 
2023-10-09 14:56:13 - INFO - [util_helpers.py : is_username_email_already_exists_in_db - 47] :: Result for the Query Response :: False
2023-10-09 14:56:14 - INFO - [user.py : __init__ - 35] :: Initialized user_dict with value: {}
2023-10-09 14:56:14 - INFO - [user.py : __init__ - 35] :: Initialized user_map_db_instance with value: None
2023-10-09 14:56:14 - INFO - [user.py : __init__ - 35] :: Initialized username with value: kamalsai266
2023-10-09 14:56:14 - INFO - [user.py : __init__ - 35] :: Initialized firstname with value: kamal
2023-10-09 14:56:14 - INFO - [user.py : __init__ - 35] :: Initialized lastname with value: devarapalli
2023-10-09 14:56:14 - INFO - [user.py : __init__ - 35] :: Initialized dateofbirth with value: 06-4-1997
2023-10-09 14:56:14 - INFO - [user.py : __init__ - 35] :: Initialized email with value: devarapallikama1502@gmail.com
2023-10-09 14:56:14 - INFO - [user.py : __init__ - 35] :: Initialized pwd with value: b'$2b$12$OADJr0WHIVLXon2lmJg.oOdOs.5JiNJyYLpBqOaHHO8V1K/qXp0i2'
2023-10-09 14:56:14 - INFO - [user.py : __init__ - 35] :: Initialized created_at with value: 2023-10-09 14:56:14.212470
2023-10-09 14:56:14 - INFO - [user.py : __init__ - 35] :: Initialized updated_at with value: 2023-10-09 14:56:14.212489
2023-10-09 14:56:14 - INFO - [user.py : add_user - 51] :: Instance creation for User :: {'username': 'kamalsai266', 'firstname': 'kamal', 'lastname': 'devarapalli', 'password': b'$2b$12$OADJr0WHIVLXon2lmJg.oOdOs.5JiNJyYLpBqOaHHO8V1K/qXp0i2', 'email': 'devarapallikama1502@gmail.com', 'dateofbirth': '06-4-1997', 'created_at': '2023-10-09 14:56:14.212470', 'updated_at': '2023-10-09 14:56:14.212489'} [SUCCESS] :: ID :: 4401550976
2023-10-09 14:56:14 - INFO - [user.py : map_user_instance_to_db_model - 66] :: Mapping the request data to the database model:: [STARTED]
2023-10-09 14:56:14 - INFO - [user.py : map_user_instance_to_db_model - 81] :: Mapping the request data to the database model:: [SUCCESS]
2023-10-09 14:56:14 - INFO - [create_user.py : register_user - 161] :: Data adding into  DataBase session UserID='None', UserName='kamalsai266',         FirstName='kamal', LastName='devarapalli',         Email='devarapallikama1502@gmail.com', Password='b'$2b$12$OADJr0WHIVLXon2lmJg.oOdOs.5JiNJyYLpBqOaHHO8V1K/qXp0i2'',         DateOfBirth='06-4-1997', CreatedAt='2023-10-09 14:56:14.212470', UpdatedAt='2023-10-09 14:56:14.212489':: [STARTED]
2023-10-09 14:56:14 - INFO - [create_user.py : register_user - 167] :: Data added into  DataBase session UserID='None', UserName='kamalsai266',         FirstName='kamal', LastName='devarapalli',         Email='devarapallikama1502@gmail.com', Password='b'$2b$12$OADJr0WHIVLXon2lmJg.oOdOs.5JiNJyYLpBqOaHHO8V1K/qXp0i2'',         DateOfBirth='06-4-1997', CreatedAt='2023-10-09 14:56:14.212470', UpdatedAt='2023-10-09 14:56:14.212489':: [SUCCESS]
2023-10-09 14:56:14 - INFO - [create_user.py : register_user - 172] :: Added Data is committed into DataBase of session <sqlalchemy.orm.session.Session object at 0x106595850>:: [SUCCESS]
2023-10-09 14:56:14 - INFO - [util_helpers.py : convert_db_model_to_resp - 65] :: Converting db model to response obj :: [STARTED]
2023-10-09 14:56:14 - INFO - [util_helpers.py : convert_db_model_to_resp - 77] :: Converting db model to response obj :: [SUCCESS]
2023-10-09 14:56:14 - INFO - [create_user_success_response.py : __init__ - 40] :: Initializing CreateSuccessResponse object ID: 4401470672
2023-10-09 14:56:14 - INFO - [create_user_success_response.py : __init__ - 47] :: Initialized _response_body with value: {'data': {'ID': None, 'Username': 'kamalsai266', 'FirstName': 'kamal', 'LastName': 'devarapalli', 'Email': 'devarapallikama1502@gmail.com', 'DateOfBirth': '06-4-1997', 'Password': b'$2b$12$OADJr0WHIVLXon2lmJg.oOdOs.5JiNJyYLpBqOaHHO8V1K/qXp0i2', 'CreatedAt': '2023-10-09 14:56:14.212470', 'UpdatedAt': '2023-10-09 14:56:14.212489'}, 'message': ''}
2023-10-09 14:56:14 - INFO - [create_user_success_response.py : __init__ - 47] :: Initialized _serialized_response with value: None
2023-10-09 14:56:14 - INFO - [create_user_success_response.py : __init__ - 47] :: Initialized _success_response_body with value: {}
2023-10-09 14:56:14 - INFO - [create_user_success_response.py : __init__ - 47] :: Initialized _user_instance with value: {}
2023-10-09 14:56:14 - INFO - [create_user_success_response.py : __init__ - 47] :: Initialized _prepared_success_response_body with value: {}
2023-10-09 14:56:14 - INFO - [create_user_success_response.py : __init__ - 47] :: Initialized _response_message with value: User Created Successfully
2023-10-09 14:56:14 - INFO - [user_success_response.py : _prepare_success_response_body - 66] :: Generating Success response :: [STARTED] :: <class 'dict'> 
2023-10-09 14:56:14 - INFO - [user_success_response.py : _prepare_success_response_body - 84] :: Generated Success response :: [SUCCESS] :: {'user': {'userId': None, 'username': 'kamalsai266', 'email': 'devarapallikama1502@gmail.com', 'dateOfBirth': '06-4-1997', 'firstName': 'kamal', 'lastName': 'devarapalli', 'CreatedAt': '2023-10-09 14:56:14.212470', 'UpdatedAt': '2023-10-09 14:56:14.212489'}} 
2023-10-09 14:56:14 - INFO - [user_success_response.py : _serialize_response_data - 99] :: Serializing the response data :: {'user': {'userId': None, 'username': 'kamalsai266', 'email': 'devarapallikama1502@gmail.com', 'dateOfBirth': '06-4-1997', 'firstName': 'kamal', 'lastName': 'devarapalli', 'CreatedAt': '2023-10-09 14:56:14.212470', 'UpdatedAt': '2023-10-09 14:56:14.212489'}} , <class 'dict'> [STARTED]
2023-10-09 14:56:14 - INFO - [user_success_response.py : _serialize_response_data - 105] :: Serializing the response data :: {'user': {'userId': None, 'username': 'kamalsai266', 'email': 'devarapallikama1502@gmail.com', 'dateOfBirth': '06-4-1997', 'firstName': 'kamal', 'lastName': 'devarapalli', 'CreatedAt': '2023-10-09 14:56:14.212470', 'UpdatedAt': '2023-10-09 14:56:14.212489'}} , <class 'dict'> [SUCCESS]
2023-10-09 14:56:14 - INFO - [create_user.py : register_user - 224] :: Prepared success response and sending back to client  <Response 258 bytes [201 CREATED]>:: [STARTED]
2023-10-09 14:56:14 - INFO - [create_user.py : register_user - 37] :: REQUEST ==> Received Endpoint for the request:: usermanagement_bp.register_user
2023-10-09 14:56:14 - INFO - [create_user.py : register_user - 42] :: REQUEST ==> Received url for the request :: http://127.0.0.1:9091/api/v1/airliner/registerUser
2023-10-09 14:56:14 - INFO - [create_user.py : register_user - 47] :: Received Headers from the request :: {'Content-Type': 'application/json', 'User-Agent': 'PostmanRuntime/7.33.0', 'Accept': '*/*', 'Host': '127.0.0.1:9091', 'Accept-Encoding': 'gzip, deflate, br', 'Connection': 'keep-alive', 'Content-Length': '198'}
2023-10-09 14:56:14 - INFO - [app_manager.py : generate_req_missing_params - 207] :: Validation for Request is  :: [STARTED]
2023-10-09 14:56:14 - INFO - [app_manager.py : generate_req_missing_params - 209] :: REQUEST <==> params ==> Param :: Content-Type :: Value :: application/json :: Type ::<class 'str'> 
2023-10-09 14:56:14 - INFO - [app_manager.py : generate_req_missing_params - 209] :: REQUEST <==> params ==> Param :: User-Agent :: Value :: PostmanRuntime/7.33.0 :: Type ::<class 'str'> 
2023-10-09 14:56:14 - INFO - [app_manager.py : generate_req_missing_params - 209] :: REQUEST <==> params ==> Param :: Accept :: Value :: */* :: Type ::<class 'str'> 
2023-10-09 14:56:14 - INFO - [app_manager.py : generate_req_missing_params - 209] :: REQUEST <==> params ==> Param :: Host :: Value :: 127.0.0.1:9091 :: Type ::<class 'str'> 
2023-10-09 14:56:14 - INFO - [app_manager.py : generate_req_missing_params - 209] :: REQUEST <==> params ==> Param :: Accept-Encoding :: Value :: gzip, deflate, br :: Type ::<class 'str'> 
2023-10-09 14:56:14 - INFO - [app_manager.py : generate_req_missing_params - 209] :: REQUEST <==> params ==> Param :: Connection :: Value :: keep-alive :: Type ::<class 'str'> 
2023-10-09 14:56:14 - INFO - [app_manager.py : generate_req_missing_params - 209] :: REQUEST <==> params ==> Param :: Content-Length :: Value :: 198 :: Type ::<class 'str'> 
2023-10-09 14:56:14 - INFO - [app_manager.py : generate_req_missing_params - 207] :: Validation for Request is  :: [STARTED]
2023-10-09 14:56:14 - INFO - [app_manager.py : generate_req_missing_params - 209] :: REQUEST <==> params ==> Param :: username :: Value :: kamalsai266 :: Type ::<class 'str'> 
2023-10-09 14:56:14 - INFO - [app_manager.py : generate_req_missing_params - 209] :: REQUEST <==> params ==> Param :: email :: Value :: devarapallikama1502@gmail.com :: Type ::<class 'str'> 
2023-10-09 14:56:15 - INFO - [app_manager.py : generate_req_missing_params - 209] :: REQUEST <==> params ==> Param :: firstName :: Value :: kamal :: Type ::<class 'str'> 
2023-10-09 14:56:15 - INFO - [app_manager.py : generate_req_missing_params - 209] :: REQUEST <==> params ==> Param :: lastName :: Value :: devarapalli :: Type ::<class 'str'> 
2023-10-09 14:56:15 - INFO - [app_manager.py : generate_req_missing_params - 209] :: REQUEST <==> params ==> Param :: dateOfBirth :: Value :: 06-4-1997 :: Type ::<class 'str'> 
2023-10-09 14:56:15 - INFO - [app_manager.py : generate_req_missing_params - 209] :: REQUEST <==> params ==> Param :: password :: Value :: Ish#123456 :: Type ::<class 'str'> 
2023-10-09 14:56:15 - INFO - [create_user.py : register_user - 88] :: Processing the request data... :: [STARTED]
2023-10-09 14:56:15 - INFO - [util_helpers.py : is_username_email_already_exists_in_db - 27] :: Querying UserName :: kamalsai266 , Email :: devarapallikama1502@gmail.com in the Database to check the if already exists :: 
2023-10-09 14:56:15 - INFO - [util_helpers.py : is_username_email_already_exists_in_db - 47] :: Result for the Query Response :: False
2023-10-09 14:56:15 - INFO - [user.py : __init__ - 35] :: Initialized user_dict with value: {}
2023-10-09 14:56:15 - INFO - [user.py : __init__ - 35] :: Initialized user_map_db_instance with value: None
2023-10-09 14:56:15 - INFO - [user.py : __init__ - 35] :: Initialized username with value: kamalsai266
2023-10-09 14:56:15 - INFO - [user.py : __init__ - 35] :: Initialized firstname with value: kamal
2023-10-09 14:56:15 - INFO - [user.py : __init__ - 35] :: Initialized lastname with value: devarapalli
2023-10-09 14:56:15 - INFO - [user.py : __init__ - 35] :: Initialized dateofbirth with value: 06-4-1997
2023-10-09 14:56:15 - INFO - [user.py : __init__ - 35] :: Initialized email with value: devarapallikama1502@gmail.com
2023-10-09 14:56:15 - INFO - [user.py : __init__ - 35] :: Initialized pwd with value: b'$2b$12$V4eg9R5ATjDsalcstMKkQOjqoIVV1REJbmM0.QSOqECQND/Rc6cjm'
2023-10-09 14:56:15 - INFO - [user.py : __init__ - 35] :: Initialized created_at with value: 2023-10-09 14:56:15.430992
2023-10-09 14:56:15 - INFO - [user.py : __init__ - 35] :: Initialized updated_at with value: 2023-10-09 14:56:15.431005
2023-10-09 14:56:15 - INFO - [user.py : add_user - 51] :: Instance creation for User :: {'username': 'kamalsai266', 'firstname': 'kamal', 'lastname': 'devarapalli', 'password': b'$2b$12$V4eg9R5ATjDsalcstMKkQOjqoIVV1REJbmM0.QSOqECQND/Rc6cjm', 'email': 'devarapallikama1502@gmail.com', 'dateofbirth': '06-4-1997', 'created_at': '2023-10-09 14:56:15.430992', 'updated_at': '2023-10-09 14:56:15.431005'} [SUCCESS] :: ID :: 4401528512
2023-10-09 14:56:15 - INFO - [user.py : map_user_instance_to_db_model - 66] :: Mapping the request data to the database model:: [STARTED]
2023-10-09 14:56:15 - INFO - [user.py : map_user_instance_to_db_model - 81] :: Mapping the request data to the database model:: [SUCCESS]
2023-10-09 14:56:15 - INFO - [create_user.py : register_user - 161] :: Data adding into  DataBase session UserID='None', UserName='kamalsai266',         FirstName='kamal', LastName='devarapalli',         Email='devarapallikama1502@gmail.com', Password='b'$2b$12$V4eg9R5ATjDsalcstMKkQOjqoIVV1REJbmM0.QSOqECQND/Rc6cjm'',         DateOfBirth='06-4-1997', CreatedAt='2023-10-09 14:56:15.430992', UpdatedAt='2023-10-09 14:56:15.431005':: [STARTED]
2023-10-09 14:56:15 - INFO - [create_user.py : register_user - 167] :: Data added into  DataBase session UserID='None', UserName='kamalsai266',         FirstName='kamal', LastName='devarapalli',         Email='devarapallikama1502@gmail.com', Password='b'$2b$12$V4eg9R5ATjDsalcstMKkQOjqoIVV1REJbmM0.QSOqECQND/Rc6cjm'',         DateOfBirth='06-4-1997', CreatedAt='2023-10-09 14:56:15.430992', UpdatedAt='2023-10-09 14:56:15.431005':: [SUCCESS]
2023-10-09 14:56:15 - INFO - [create_user.py : register_user - 172] :: Added Data is committed into DataBase of session <sqlalchemy.orm.session.Session object at 0x106577190>:: [SUCCESS]
2023-10-09 14:56:15 - INFO - [util_helpers.py : convert_db_model_to_resp - 65] :: Converting db model to response obj :: [STARTED]
2023-10-09 14:56:15 - INFO - [util_helpers.py : convert_db_model_to_resp - 77] :: Converting db model to response obj :: [SUCCESS]
2023-10-09 14:56:15 - INFO - [create_user_success_response.py : __init__ - 40] :: Initializing CreateSuccessResponse object ID: 4401468128
2023-10-09 14:56:15 - INFO - [create_user_success_response.py : __init__ - 47] :: Initialized _response_body with value: {'data': {'ID': None, 'Username': 'kamalsai266', 'FirstName': 'kamal', 'LastName': 'devarapalli', 'Email': 'devarapallikama1502@gmail.com', 'DateOfBirth': '06-4-1997', 'Password': b'$2b$12$V4eg9R5ATjDsalcstMKkQOjqoIVV1REJbmM0.QSOqECQND/Rc6cjm', 'CreatedAt': '2023-10-09 14:56:15.430992', 'UpdatedAt': '2023-10-09 14:56:15.431005'}, 'message': ''}
2023-10-09 14:56:15 - INFO - [create_user_success_response.py : __init__ - 47] :: Initialized _serialized_response with value: None
2023-10-09 14:56:15 - INFO - [create_user_success_response.py : __init__ - 47] :: Initialized _success_response_body with value: {}
2023-10-09 14:56:15 - INFO - [create_user_success_response.py : __init__ - 47] :: Initialized _user_instance with value: {}
2023-10-09 14:56:15 - INFO - [create_user_success_response.py : __init__ - 47] :: Initialized _prepared_success_response_body with value: {}
2023-10-09 14:56:15 - INFO - [create_user_success_response.py : __init__ - 47] :: Initialized _response_message with value: User Created Successfully
2023-10-09 14:56:15 - INFO - [user_success_response.py : _prepare_success_response_body - 66] :: Generating Success response :: [STARTED] :: <class 'dict'> 
2023-10-09 14:56:15 - INFO - [user_success_response.py : _prepare_success_response_body - 84] :: Generated Success response :: [SUCCESS] :: {'user': {'userId': None, 'username': 'kamalsai266', 'email': 'devarapallikama1502@gmail.com', 'dateOfBirth': '06-4-1997', 'firstName': 'kamal', 'lastName': 'devarapalli', 'CreatedAt': '2023-10-09 14:56:15.430992', 'UpdatedAt': '2023-10-09 14:56:15.431005'}} 
2023-10-09 14:56:15 - INFO - [user_success_response.py : _serialize_response_data - 99] :: Serializing the response data :: {'user': {'userId': None, 'username': 'kamalsai266', 'email': 'devarapallikama1502@gmail.com', 'dateOfBirth': '06-4-1997', 'firstName': 'kamal', 'lastName': 'devarapalli', 'CreatedAt': '2023-10-09 14:56:15.430992', 'UpdatedAt': '2023-10-09 14:56:15.431005'}} , <class 'dict'> [STARTED]
2023-10-09 14:56:15 - INFO - [user_success_response.py : _serialize_response_data - 105] :: Serializing the response data :: {'user': {'userId': None, 'username': 'kamalsai266', 'email': 'devarapallikama1502@gmail.com', 'dateOfBirth': '06-4-1997', 'firstName': 'kamal', 'lastName': 'devarapalli', 'CreatedAt': '2023-10-09 14:56:15.430992', 'UpdatedAt': '2023-10-09 14:56:15.431005'}} , <class 'dict'> [SUCCESS]
2023-10-09 14:56:15 - INFO - [create_user.py : register_user - 224] :: Prepared success response and sending back to client  <Response 258 bytes [201 CREATED]>:: [STARTED]
2023-10-09 14:56:16 - INFO - [create_user.py : register_user - 37] :: REQUEST ==> Received Endpoint for the request:: usermanagement_bp.register_user
2023-10-09 14:56:16 - INFO - [create_user.py : register_user - 42] :: REQUEST ==> Received url for the request :: http://127.0.0.1:9091/api/v1/airliner/registerUser
2023-10-09 14:56:16 - INFO - [create_user.py : register_user - 47] :: Received Headers from the request :: {'Content-Type': 'application/json', 'User-Agent': 'PostmanRuntime/7.33.0', 'Accept': '*/*', 'Host': '127.0.0.1:9091', 'Accept-Encoding': 'gzip, deflate, br', 'Connection': 'keep-alive', 'Content-Length': '198'}
2023-10-09 14:56:16 - INFO - [app_manager.py : generate_req_missing_params - 207] :: Validation for Request is  :: [STARTED]
2023-10-09 14:56:16 - INFO - [app_manager.py : generate_req_missing_params - 209] :: REQUEST <==> params ==> Param :: Content-Type :: Value :: application/json :: Type ::<class 'str'> 
2023-10-09 14:56:16 - INFO - [app_manager.py : generate_req_missing_params - 209] :: REQUEST <==> params ==> Param :: User-Agent :: Value :: PostmanRuntime/7.33.0 :: Type ::<class 'str'> 
2023-10-09 14:56:16 - INFO - [app_manager.py : generate_req_missing_params - 209] :: REQUEST <==> params ==> Param :: Accept :: Value :: */* :: Type ::<class 'str'> 
2023-10-09 14:56:16 - INFO - [app_manager.py : generate_req_missing_params - 209] :: REQUEST <==> params ==> Param :: Host :: Value :: 127.0.0.1:9091 :: Type ::<class 'str'> 
2023-10-09 14:56:16 - INFO - [app_manager.py : generate_req_missing_params - 209] :: REQUEST <==> params ==> Param :: Accept-Encoding :: Value :: gzip, deflate, br :: Type ::<class 'str'> 
2023-10-09 14:56:16 - INFO - [app_manager.py : generate_req_missing_params - 209] :: REQUEST <==> params ==> Param :: Connection :: Value :: keep-alive :: Type ::<class 'str'> 
2023-10-09 14:56:16 - INFO - [app_manager.py : generate_req_missing_params - 209] :: REQUEST <==> params ==> Param :: Content-Length :: Value :: 198 :: Type ::<class 'str'> 
2023-10-09 14:56:16 - INFO - [app_manager.py : generate_req_missing_params - 207] :: Validation for Request is  :: [STARTED]
2023-10-09 14:56:16 - INFO - [app_manager.py : generate_req_missing_params - 209] :: REQUEST <==> params ==> Param :: username :: Value :: kamalsai266 :: Type ::<class 'str'> 
2023-10-09 14:56:16 - INFO - [app_manager.py : generate_req_missing_params - 209] :: REQUEST <==> params ==> Param :: email :: Value :: devarapallikama1502@gmail.com :: Type ::<class 'str'> 
2023-10-09 14:56:16 - INFO - [app_manager.py : generate_req_missing_params - 209] :: REQUEST <==> params ==> Param :: firstName :: Value :: kamal :: Type ::<class 'str'> 
2023-10-09 14:56:16 - INFO - [app_manager.py : generate_req_missing_params - 209] :: REQUEST <==> params ==> Param :: lastName :: Value :: devarapalli :: Type ::<class 'str'> 
2023-10-09 14:56:16 - INFO - [app_manager.py : generate_req_missing_params - 209] :: REQUEST <==> params ==> Param :: dateOfBirth :: Value :: 06-4-1997 :: Type ::<class 'str'> 
2023-10-09 14:56:16 - INFO - [app_manager.py : generate_req_missing_params - 209] :: REQUEST <==> params ==> Param :: password :: Value :: Ish#123456 :: Type ::<class 'str'> 
2023-10-09 14:56:16 - INFO - [create_user.py : register_user - 88] :: Processing the request data... :: [STARTED]
2023-10-09 14:56:16 - INFO - [util_helpers.py : is_username_email_already_exists_in_db - 27] :: Querying UserName :: kamalsai266 , Email :: devarapallikama1502@gmail.com in the Database to check the if already exists :: 
2023-10-09 14:56:16 - INFO - [util_helpers.py : is_username_email_already_exists_in_db - 47] :: Result for the Query Response :: False
2023-10-09 14:56:16 - INFO - [user.py : __init__ - 35] :: Initialized user_dict with value: {}
2023-10-09 14:56:16 - INFO - [user.py : __init__ - 35] :: Initialized user_map_db_instance with value: None
2023-10-09 14:56:16 - INFO - [user.py : __init__ - 35] :: Initialized username with value: kamalsai266
2023-10-09 14:56:16 - INFO - [user.py : __init__ - 35] :: Initialized firstname with value: kamal
2023-10-09 14:56:16 - INFO - [user.py : __init__ - 35] :: Initialized lastname with value: devarapalli
2023-10-09 14:56:16 - INFO - [user.py : __init__ - 35] :: Initialized dateofbirth with value: 06-4-1997
2023-10-09 14:56:16 - INFO - [user.py : __init__ - 35] :: Initialized email with value: devarapallikama1502@gmail.com
2023-10-09 14:56:16 - INFO - [user.py : __init__ - 35] :: Initialized pwd with value: b'$2b$12$iDex4vtArFSdXAjjaMWlY..rXah9oJnqJk8j7VFnx2J7Ytd0rOPw2'
2023-10-09 14:56:16 - INFO - [user.py : __init__ - 35] :: Initialized created_at with value: 2023-10-09 14:56:16.939745
2023-10-09 14:56:16 - INFO - [user.py : __init__ - 35] :: Initialized updated_at with value: 2023-10-09 14:56:16.939764
2023-10-09 14:56:16 - INFO - [user.py : add_user - 51] :: Instance creation for User :: {'username': 'kamalsai266', 'firstname': 'kamal', 'lastname': 'devarapalli', 'password': b'$2b$12$iDex4vtArFSdXAjjaMWlY..rXah9oJnqJk8j7VFnx2J7Ytd0rOPw2', 'email': 'devarapallikama1502@gmail.com', 'dateofbirth': '06-4-1997', 'created_at': '2023-10-09 14:56:16.939745', 'updated_at': '2023-10-09 14:56:16.939764'} [SUCCESS] :: ID :: 4401550336
2023-10-09 14:56:16 - INFO - [user.py : map_user_instance_to_db_model - 66] :: Mapping the request data to the database model:: [STARTED]
2023-10-09 14:56:16 - INFO - [user.py : map_user_instance_to_db_model - 81] :: Mapping the request data to the database model:: [SUCCESS]
2023-10-09 14:56:16 - INFO - [create_user.py : register_user - 161] :: Data adding into  DataBase session UserID='None', UserName='kamalsai266',         FirstName='kamal', LastName='devarapalli',         Email='devarapallikama1502@gmail.com', Password='b'$2b$12$iDex4vtArFSdXAjjaMWlY..rXah9oJnqJk8j7VFnx2J7Ytd0rOPw2'',         DateOfBirth='06-4-1997', CreatedAt='2023-10-09 14:56:16.939745', UpdatedAt='2023-10-09 14:56:16.939764':: [STARTED]
2023-10-09 14:56:16 - INFO - [create_user.py : register_user - 167] :: Data added into  DataBase session UserID='None', UserName='kamalsai266',         FirstName='kamal', LastName='devarapalli',         Email='devarapallikama1502@gmail.com', Password='b'$2b$12$iDex4vtArFSdXAjjaMWlY..rXah9oJnqJk8j7VFnx2J7Ytd0rOPw2'',         DateOfBirth='06-4-1997', CreatedAt='2023-10-09 14:56:16.939745', UpdatedAt='2023-10-09 14:56:16.939764':: [SUCCESS]
2023-10-09 14:56:16 - INFO - [create_user.py : register_user - 172] :: Added Data is committed into DataBase of session <sqlalchemy.orm.session.Session object at 0x106591340>:: [SUCCESS]
2023-10-09 14:56:16 - INFO - [util_helpers.py : convert_db_model_to_resp - 65] :: Converting db model to response obj :: [STARTED]
2023-10-09 14:56:16 - INFO - [util_helpers.py : convert_db_model_to_resp - 77] :: Converting db model to response obj :: [SUCCESS]
2023-10-09 14:56:16 - INFO - [create_user_success_response.py : __init__ - 40] :: Initializing CreateSuccessResponse object ID: 4401660688
2023-10-09 14:56:16 - INFO - [create_user_success_response.py : __init__ - 47] :: Initialized _response_body with value: {'data': {'ID': None, 'Username': 'kamalsai266', 'FirstName': 'kamal', 'LastName': 'devarapalli', 'Email': 'devarapallikama1502@gmail.com', 'DateOfBirth': '06-4-1997', 'Password': b'$2b$12$iDex4vtArFSdXAjjaMWlY..rXah9oJnqJk8j7VFnx2J7Ytd0rOPw2', 'CreatedAt': '2023-10-09 14:56:16.939745', 'UpdatedAt': '2023-10-09 14:56:16.939764'}, 'message': ''}
2023-10-09 14:56:16 - INFO - [create_user_success_response.py : __init__ - 47] :: Initialized _serialized_response with value: None
2023-10-09 14:56:16 - INFO - [create_user_success_response.py : __init__ - 47] :: Initialized _success_response_body with value: {}
2023-10-09 14:56:16 - INFO - [create_user_success_response.py : __init__ - 47] :: Initialized _user_instance with value: {}
2023-10-09 14:56:16 - INFO - [create_user_success_response.py : __init__ - 47] :: Initialized _prepared_success_response_body with value: {}
2023-10-09 14:56:16 - INFO - [create_user_success_response.py : __init__ - 47] :: Initialized _response_message with value: User Created Successfully
2023-10-09 14:56:16 - INFO - [user_success_response.py : _prepare_success_response_body - 66] :: Generating Success response :: [STARTED] :: <class 'dict'> 
2023-10-09 14:56:16 - INFO - [user_success_response.py : _prepare_success_response_body - 84] :: Generated Success response :: [SUCCESS] :: {'user': {'userId': None, 'username': 'kamalsai266', 'email': 'devarapallikama1502@gmail.com', 'dateOfBirth': '06-4-1997', 'firstName': 'kamal', 'lastName': 'devarapalli', 'CreatedAt': '2023-10-09 14:56:16.939745', 'UpdatedAt': '2023-10-09 14:56:16.939764'}} 
2023-10-09 14:56:16 - INFO - [user_success_response.py : _serialize_response_data - 99] :: Serializing the response data :: {'user': {'userId': None, 'username': 'kamalsai266', 'email': 'devarapallikama1502@gmail.com', 'dateOfBirth': '06-4-1997', 'firstName': 'kamal', 'lastName': 'devarapalli', 'CreatedAt': '2023-10-09 14:56:16.939745', 'UpdatedAt': '2023-10-09 14:56:16.939764'}} , <class 'dict'> [STARTED]
2023-10-09 14:56:16 - INFO - [user_success_response.py : _serialize_response_data - 105] :: Serializing the response data :: {'user': {'userId': None, 'username': 'kamalsai266', 'email': 'devarapallikama1502@gmail.com', 'dateOfBirth': '06-4-1997', 'firstName': 'kamal', 'lastName': 'devarapalli', 'CreatedAt': '2023-10-09 14:56:16.939745', 'UpdatedAt': '2023-10-09 14:56:16.939764'}} , <class 'dict'> [SUCCESS]
2023-10-09 14:56:16 - INFO - [create_user.py : register_user - 224] :: Prepared success response and sending back to client  <Response 258 bytes [201 CREATED]>:: [STARTED]
2023-10-09 16:11:18 - INFO - [create_user.py : register_user - 37] :: REQUEST ==> Received Endpoint for the request:: usermanagement_bp.register_user
2023-10-09 16:11:18 - INFO - [create_user.py : register_user - 42] :: REQUEST ==> Received url for the request :: http://127.0.0.1:9091/api/v1/airliner/registerUser
2023-10-09 16:11:18 - INFO - [create_user.py : register_user - 47] :: Received Headers from the request :: {'Content-Type': 'application/json', 'User-Agent': 'PostmanRuntime/7.33.0', 'Accept': '*/*', 'Host': '127.0.0.1:9091', 'Accept-Encoding': 'gzip, deflate, br', 'Connection': 'keep-alive', 'Content-Length': '198'}
2023-10-09 16:11:18 - INFO - [app_manager.py : generate_req_missing_params - 207] :: Validation for Request is  :: [STARTED]
2023-10-09 16:11:18 - INFO - [app_manager.py : generate_req_missing_params - 209] :: REQUEST <==> params ==> Param :: Content-Type :: Value :: application/json :: Type ::<class 'str'> 
2023-10-09 16:11:18 - INFO - [app_manager.py : generate_req_missing_params - 209] :: REQUEST <==> params ==> Param :: User-Agent :: Value :: PostmanRuntime/7.33.0 :: Type ::<class 'str'> 
2023-10-09 16:11:18 - INFO - [app_manager.py : generate_req_missing_params - 209] :: REQUEST <==> params ==> Param :: Accept :: Value :: */* :: Type ::<class 'str'> 
2023-10-09 16:11:18 - INFO - [app_manager.py : generate_req_missing_params - 209] :: REQUEST <==> params ==> Param :: Host :: Value :: 127.0.0.1:9091 :: Type ::<class 'str'> 
2023-10-09 16:11:18 - INFO - [app_manager.py : generate_req_missing_params - 209] :: REQUEST <==> params ==> Param :: Accept-Encoding :: Value :: gzip, deflate, br :: Type ::<class 'str'> 
2023-10-09 16:11:18 - INFO - [app_manager.py : generate_req_missing_params - 209] :: REQUEST <==> params ==> Param :: Connection :: Value :: keep-alive :: Type ::<class 'str'> 
2023-10-09 16:11:18 - INFO - [app_manager.py : generate_req_missing_params - 209] :: REQUEST <==> params ==> Param :: Content-Length :: Value :: 198 :: Type ::<class 'str'> 
2023-10-09 16:11:18 - INFO - [app_manager.py : generate_req_missing_params - 207] :: Validation for Request is  :: [STARTED]
2023-10-09 16:11:18 - INFO - [app_manager.py : generate_req_missing_params - 209] :: REQUEST <==> params ==> Param :: username :: Value :: kamalsai266 :: Type ::<class 'str'> 
2023-10-09 16:11:18 - INFO - [app_manager.py : generate_req_missing_params - 209] :: REQUEST <==> params ==> Param :: email :: Value :: devarapallikama1502@gmail.com :: Type ::<class 'str'> 
2023-10-09 16:11:18 - INFO - [app_manager.py : generate_req_missing_params - 209] :: REQUEST <==> params ==> Param :: firstName :: Value :: kamal :: Type ::<class 'str'> 
2023-10-09 16:11:18 - INFO - [app_manager.py : generate_req_missing_params - 209] :: REQUEST <==> params ==> Param :: lastName :: Value :: devarapalli :: Type ::<class 'str'> 
2023-10-09 16:11:18 - INFO - [app_manager.py : generate_req_missing_params - 209] :: REQUEST <==> params ==> Param :: dateOfBirth :: Value :: 06-4-1997 :: Type ::<class 'str'> 
2023-10-09 16:11:18 - INFO - [app_manager.py : generate_req_missing_params - 209] :: REQUEST <==> params ==> Param :: password :: Value :: Ish#123456 :: Type ::<class 'str'> 
2023-10-09 16:11:18 - INFO - [create_user.py : register_user - 88] :: Processing the request data... :: [STARTED]
2023-10-09 16:11:18 - INFO - [util_helpers.py : is_username_email_already_exists_in_db - 27] :: Querying UserName :: kamalsai266 , Email :: devarapallikama1502@gmail.com in the Database to check the if already exists :: 
2023-10-09 16:11:18 - INFO - [util_helpers.py : is_username_email_already_exists_in_db - 47] :: Result for the Query Response :: False
2023-10-09 16:11:18 - INFO - [user.py : __init__ - 35] :: Initialized user_dict with value: {}
2023-10-09 16:11:18 - INFO - [user.py : __init__ - 35] :: Initialized user_map_db_instance with value: None
2023-10-09 16:11:18 - INFO - [user.py : __init__ - 35] :: Initialized username with value: kamalsai266
2023-10-09 16:11:18 - INFO - [user.py : __init__ - 35] :: Initialized firstname with value: kamal
2023-10-09 16:11:18 - INFO - [user.py : __init__ - 35] :: Initialized lastname with value: devarapalli
2023-10-09 16:11:18 - INFO - [user.py : __init__ - 35] :: Initialized dateofbirth with value: 06-4-1997
2023-10-09 16:11:18 - INFO - [user.py : __init__ - 35] :: Initialized email with value: devarapallikama1502@gmail.com
2023-10-09 16:11:18 - INFO - [user.py : __init__ - 35] :: Initialized pwd with value: b'$2b$12$bsO9CD0NGxFgYDCJor7Vd.Nz4lGu6sO2oNFxf3A6vkBiIbRSOt502'
2023-10-09 16:11:18 - INFO - [user.py : __init__ - 35] :: Initialized created_at with value: 2023-10-09 16:11:18.782806
2023-10-09 16:11:18 - INFO - [user.py : __init__ - 35] :: Initialized updated_at with value: 2023-10-09 16:11:18.782844
2023-10-09 16:11:18 - INFO - [user.py : add_user - 51] :: Instance creation for User :: {'username': 'kamalsai266', 'firstname': 'kamal', 'lastname': 'devarapalli', 'password': b'$2b$12$bsO9CD0NGxFgYDCJor7Vd.Nz4lGu6sO2oNFxf3A6vkBiIbRSOt502', 'email': 'devarapallikama1502@gmail.com', 'dateofbirth': '06-4-1997', 'created_at': '2023-10-09 16:11:18.782806', 'updated_at': '2023-10-09 16:11:18.782844'} [SUCCESS] :: ID :: 4401713856
2023-10-09 16:11:18 - INFO - [user.py : map_user_instance_to_db_model - 66] :: Mapping the request data to the database model:: [STARTED]
2023-10-09 16:11:18 - INFO - [user.py : map_user_instance_to_db_model - 81] :: Mapping the request data to the database model:: [SUCCESS]
2023-10-09 16:11:18 - INFO - [create_user.py : register_user - 161] :: Data adding into  DataBase session UserID='None', UserName='kamalsai266',         FirstName='kamal', LastName='devarapalli',         Email='devarapallikama1502@gmail.com', Password='b'$2b$12$bsO9CD0NGxFgYDCJor7Vd.Nz4lGu6sO2oNFxf3A6vkBiIbRSOt502'',         DateOfBirth='06-4-1997', CreatedAt='2023-10-09 16:11:18.782806', UpdatedAt='2023-10-09 16:11:18.782844':: [STARTED]
2023-10-09 16:11:18 - INFO - [create_user.py : register_user - 167] :: Data added into  DataBase session UserID='None', UserName='kamalsai266',         FirstName='kamal', LastName='devarapalli',         Email='devarapallikama1502@gmail.com', Password='b'$2b$12$bsO9CD0NGxFgYDCJor7Vd.Nz4lGu6sO2oNFxf3A6vkBiIbRSOt502'',         DateOfBirth='06-4-1997', CreatedAt='2023-10-09 16:11:18.782806', UpdatedAt='2023-10-09 16:11:18.782844':: [SUCCESS]
2023-10-09 16:11:18 - INFO - [create_user.py : register_user - 172] :: Added Data is committed into DataBase of session <sqlalchemy.orm.session.Session object at 0x106541af0>:: [SUCCESS]
2023-10-09 16:11:18 - INFO - [util_helpers.py : convert_db_model_to_resp - 65] :: Converting db model to response obj :: [STARTED]
2023-10-09 16:11:18 - INFO - [util_helpers.py : convert_db_model_to_resp - 77] :: Converting db model to response obj :: [SUCCESS]
2023-10-09 16:11:18 - INFO - [create_user_success_response.py : __init__ - 40] :: Initializing CreateSuccessResponse object ID: 4401484224
2023-10-09 16:11:18 - INFO - [create_user_success_response.py : __init__ - 47] :: Initialized _response_body with value: {'data': {'ID': None, 'Username': 'kamalsai266', 'FirstName': 'kamal', 'LastName': 'devarapalli', 'Email': 'devarapallikama1502@gmail.com', 'DateOfBirth': '06-4-1997', 'Password': b'$2b$12$bsO9CD0NGxFgYDCJor7Vd.Nz4lGu6sO2oNFxf3A6vkBiIbRSOt502', 'CreatedAt': '2023-10-09 16:11:18.782806', 'UpdatedAt': '2023-10-09 16:11:18.782844'}, 'message': ''}
2023-10-09 16:11:18 - INFO - [create_user_success_response.py : __init__ - 47] :: Initialized _serialized_response with value: None
2023-10-09 16:11:18 - INFO - [create_user_success_response.py : __init__ - 47] :: Initialized _success_response_body with value: {}
2023-10-09 16:11:18 - INFO - [create_user_success_response.py : __init__ - 47] :: Initialized _user_instance with value: {}
2023-10-09 16:11:18 - INFO - [create_user_success_response.py : __init__ - 47] :: Initialized _prepared_success_response_body with value: {}
2023-10-09 16:11:18 - INFO - [create_user_success_response.py : __init__ - 47] :: Initialized _response_message with value: User Created Successfully
2023-10-09 16:11:18 - INFO - [user_success_response.py : _prepare_success_response_body - 66] :: Generating Success response :: [STARTED] :: <class 'dict'> 
2023-10-09 16:11:18 - INFO - [user_success_response.py : _prepare_success_response_body - 84] :: Generated Success response :: [SUCCESS] :: {'user': {'userId': None, 'username': 'kamalsai266', 'email': 'devarapallikama1502@gmail.com', 'dateOfBirth': '06-4-1997', 'firstName': 'kamal', 'lastName': 'devarapalli', 'CreatedAt': '2023-10-09 16:11:18.782806', 'UpdatedAt': '2023-10-09 16:11:18.782844'}} 
2023-10-09 16:11:18 - INFO - [user_success_response.py : _serialize_response_data - 99] :: Serializing the response data :: {'user': {'userId': None, 'username': 'kamalsai266', 'email': 'devarapallikama1502@gmail.com', 'dateOfBirth': '06-4-1997', 'firstName': 'kamal', 'lastName': 'devarapalli', 'CreatedAt': '2023-10-09 16:11:18.782806', 'UpdatedAt': '2023-10-09 16:11:18.782844'}} , <class 'dict'> [STARTED]
2023-10-09 16:11:18 - INFO - [user_success_response.py : _serialize_response_data - 105] :: Serializing the response data :: {'user': {'userId': None, 'username': 'kamalsai266', 'email': 'devarapallikama1502@gmail.com', 'dateOfBirth': '06-4-1997', 'firstName': 'kamal', 'lastName': 'devarapalli', 'CreatedAt': '2023-10-09 16:11:18.782806', 'UpdatedAt': '2023-10-09 16:11:18.782844'}} , <class 'dict'> [SUCCESS]
2023-10-09 16:11:18 - INFO - [create_user.py : register_user - 224] :: Prepared success response and sending back to client  <Response 258 bytes [201 CREATED]>:: [STARTED]
