2023-08-21 15:40:27 - INFO - [base_logger.py : 34] :: Initialized logger for the service [registration] :: [SUCCESS]
2023-08-21 15:40:27 - INFO - [create_app.py : 42] :: Received Service [registration]
2023-08-21 15:40:27 - INFO - [create_app.py : 44] :: Flask of Application Instance created for service [registration] ,  App Name :: [<Flask 'registration'>] ==> SUCCESS
2023-08-21 15:40:27 - INFO - [create_app.py : 53] :: Created Blueprint :: <Blueprint 'registration_bp'> for the Application service ::registration
2023-08-21 15:40:27 - INFO - [create_app.py : 71] :: Added Blueprints :: /static/<path:filename>
2023-08-21 15:40:27 - INFO - [create_app.py : 81] :: Creating DB-Engine using DatabaseURI for Service :: [registration]
2023-08-21 15:40:27 - INFO - [create_app.py : 75] :: Preparing DatabaseURI for Service :: [registration]
2023-08-21 15:40:27 - INFO - [create_app.py : 77] :: Prepared DatabaseURI for Service :: [registration] - mysql+pymysql://root:testeventstreammonitor#123@127.0.0.1:3304/REGISTRATIONS
2023-08-21 15:40:27 - INFO - [create_app.py : 83] :: Created DB-Engine using DatabaseURIfor Service :: [Engine(mysql+pymysql://root:***@127.0.0.1:3304/REGISTRATIONS)]
2023-08-21 15:40:27 - INFO - [create_app.py : 112] :: Current Connection status set to :: False for the service :: registration
2023-08-21 15:40:27 - INFO - [create_app.py : 113] :: Trying to establish the connection to the database :: [IN-PROGRESS]
2023-08-21 15:40:27 - INFO - [create_app.py : 117] :: Established the connection to the database :: [SUCCESS]
2023-08-21 15:40:27 - INFO - [create_app.py : 119] :: Current Connection status set to :: True for the service :: registration
2023-08-21 15:40:27 - INFO - [create_app.py : 121] :: Closing the Current Connection as the connection was established for the service :: registration
2023-08-21 15:40:27 - INFO - [create_app.py : 154] :: Database already exists :: REGISTRATIONS
2023-08-21 15:40:27 - INFO - [create_app.py : 130] :: Trying to create the tables if not present in the database...
2023-08-21 15:40:27 - INFO - [create_app.py : 132] :: Going to create the tables ...
2023-08-21 15:40:27 - INFO - [create_app.py : 135] :: Created the tables ...
2023-08-21 15:40:27 - INFO - [create_app.py : 88] :: Binding SQLALCHEMY using DatabaseURI:: [mysql+pymysql://root:testeventstreammonitor#123@127.0.0.1:3304/REGISTRATIONS] to Application Instance for Service :: [registration]
2023-08-21 15:40:27 - INFO - [create_app.py : 90] :: Binded SQLALCHEMY :: [<SQLAlchemy>] to Application Instance for Service :: [registration]
2023-08-21 15:40:27 - INFO - [create_app.py : 94] :: Initialized Pool for Service ==>[registration] :: [SUCCESS]
2023-08-21 15:40:27 - INFO - [create_app.py : 163] :: #---------------------------------[ POOL - INFO ]----------------------------------------#
2023-08-21 15:40:27 - INFO - [create_app.py : 164] :: Displaying Pool_Info for Service ==>[registration] 
2023-08-21 15:40:27 - INFO - [create_app.py : 165] :: Current Pool Info :: <sqlalchemy.pool.impl.QueuePool object at 0x105a813d0> - ID: 4389868496
2023-08-21 15:40:27 - INFO - [create_app.py : 166] :: Current Pool Size ::  100
2023-08-21 15:40:27 - INFO - [create_app.py : 167] :: Checked Out Connections from Pool  0
2023-08-21 15:40:27 - INFO - [create_app.py : 168] :: Checked in Connections available in Pool :: 0
2023-08-21 15:40:27 - INFO - [create_app.py : 169] :: Current Pool Overflow Info :: -100
2023-08-21 15:40:27 - INFO - [create_app.py : 170] :: #---------------------------------[ POOL - INFO ]----------------------------------------#
2023-08-21 15:40:27 - INFO - [create_app.py : 57] :: Registering blueprints to the service :: <Flask 'registration'>
2023-08-21 15:40:27 - INFO - [create_app.py : 71] :: Added Blueprints :: /static/<path:filename>
2023-08-21 15:40:27 - INFO - [create_app.py : 71] :: Added Blueprints :: /api/v1/airliner/registerUser
2023-08-21 15:40:27 - INFO - [__init__.py : 55] :: Created GRPC server with the workers of max :: 10
2023-08-21 15:40:27 - INFO - [__init__.py : 58] :: Registered GRPC server to the server :: UserValidationForTokenGenerationService
2023-08-21 15:40:27 - INFO - [__init__.py : 61] :: Starting GRPC server for the Token-User service with the IP & PORT:: localhost:8081
2023-08-21 15:40:27 - INFO - [registration_app.py : 5] :: Started the grpc server ...
2023-08-21 15:40:27 - INFO - [registration_app.py : 6] :: Started the REGISTRATION server ...
2023-08-21 15:40:27 - INFO - [registration_app.py : 7] :: Application is ready to server traffic.
2023-08-21 15:40:30 - INFO - [registration_controller.py : 11] :: REQUEST ==> Received Endpoint :: registration_bp.add_user
2023-08-21 15:40:30 - INFO - [registration_controller.py : 13] :: Received Headers from the request :: {'Content-Type': 'application/json', 'User-Agent': 'PostmanRuntime/7.32.3', 'Accept': '*/*', 'Host': '127.0.0.1:9091', 'Accept-Encoding': 'gzip, deflate, br', 'Connection': 'keep-alive', 'Content-Length': '175'}
2023-08-21 15:40:30 - INFO - [registration_controller.py : 14] :: Validation for Request-Header is  :: [STARTED]
2023-08-21 15:40:30 - DEBUG - [req_header_validation.py : 9] :: REQUEST <==> params ==> Param :: Content-Type :: Value :: application/json :: Type ::<class 'str'> 
2023-08-21 15:40:30 - DEBUG - [req_header_validation.py : 9] :: REQUEST <==> params ==> Param :: User-Agent :: Value :: PostmanRuntime/7.32.3 :: Type ::<class 'str'> 
2023-08-21 15:40:30 - DEBUG - [req_header_validation.py : 9] :: REQUEST <==> params ==> Param :: Accept :: Value :: */* :: Type ::<class 'str'> 
2023-08-21 15:40:30 - DEBUG - [req_header_validation.py : 9] :: REQUEST <==> params ==> Param :: Host :: Value :: 127.0.0.1:9091 :: Type ::<class 'str'> 
2023-08-21 15:40:30 - DEBUG - [req_header_validation.py : 9] :: REQUEST <==> params ==> Param :: Accept-Encoding :: Value :: gzip, deflate, br :: Type ::<class 'str'> 
2023-08-21 15:40:30 - DEBUG - [req_header_validation.py : 9] :: REQUEST <==> params ==> Param :: Connection :: Value :: keep-alive :: Type ::<class 'str'> 
2023-08-21 15:40:30 - DEBUG - [req_header_validation.py : 9] :: REQUEST <==> params ==> Param :: Content-Length :: Value :: 175 :: Type ::<class 'str'> 
2023-08-21 15:40:30 - INFO - [req_header_validation.py : 16] :: Checking the data and do validations...
2023-08-21 15:40:30 - ERROR - [req_header_validation.py : 31] :: Error occurred :: 'bool' object has no attribute 'get' 	Line No: 18
2023-08-21 15:40:30 - INFO - [registration_controller.py : 17] :: Validation for Request-Header is  :: [SUCCESS]
2023-08-21 15:40:30 - INFO - [registration_controller.py : 20] :: Validation for Request-Body is  :: [STARTED]
2023-08-21 15:40:30 - DEBUG - [req_header_validation.py : 9] :: REQUEST <==> params ==> Param :: email :: Value :: devarapallikamalsai@gmail.com :: Type ::<class 'str'> 
2023-08-21 15:40:30 - DEBUG - [req_header_validation.py : 9] :: REQUEST <==> params ==> Param :: firstName :: Value :: kamal :: Type ::<class 'str'> 
2023-08-21 15:40:30 - DEBUG - [req_header_validation.py : 9] :: REQUEST <==> params ==> Param :: lastName :: Value :: devarapalli :: Type ::<class 'str'> 
2023-08-21 15:40:30 - DEBUG - [req_header_validation.py : 9] :: REQUEST <==> params ==> Param :: dateOfBirth :: Value :: 06-4-1995 :: Type ::<class 'str'> 
2023-08-21 15:40:30 - DEBUG - [req_header_validation.py : 9] :: REQUEST <==> params ==> Param :: password :: Value :: testeventstreammonitor#123 :: Type ::<class 'str'> 
2023-08-21 15:40:30 - INFO - [req_header_validation.py : 16] :: Checking the data and do validations...
2023-08-21 15:40:30 - ERROR - [req_header_validation.py : 31] :: Error occurred :: 'bool' object has no attribute 'get' 	Line No: 18
2023-08-21 15:40:30 - INFO - [registration_controller.py : 22] :: Validation for Request-body is  :: [SUCCESS]
