2023-09-07 14:54:14 - INFO - [base_logger.py : create_logger_for_service - 30] :: Initialized logger for the service [registration] :: [SUCCESS]
2023-09-07 14:54:14 - INFO - [create_app.py : create_app_instance - 61] :: Received Service [registration]
2023-09-07 14:54:14 - INFO - [create_app.py : create_app_instance - 63] :: Flask of Application Instance created for service [registration] ,  App Name :: [<Flask 'registration'>] ==> SUCCESS
2023-09-07 14:54:14 - INFO - [create_app.py : read_json_schema - 285] :: Received Schema File Path : /Users/kamalsaidevarapalli/Desktop/Workshop/AirlinerAdminstration/src/registration_service/schemas/headers/reg_headers_schema.json
2023-09-07 14:54:14 - INFO - [create_app.py : read_json_schema - 295] :: Schema Validation True
2023-09-07 14:54:14 - INFO - [create_app.py : read_json_schema - 285] :: Received Schema File Path : /Users/kamalsaidevarapalli/Desktop/Workshop/AirlinerAdminstration/src/registration_service/schemas/headers/getuser_headers_schema.json
2023-09-07 14:54:14 - INFO - [create_app.py : read_json_schema - 295] :: Schema Validation True
2023-09-07 14:54:14 - INFO - [create_app.py : read_json_schema - 285] :: Received Schema File Path : /Users/kamalsaidevarapalli/Desktop/Workshop/AirlinerAdminstration/src/registration_service/schemas/requests/register_user/req_schema.json
2023-09-07 14:54:14 - INFO - [create_app.py : read_json_schema - 295] :: Schema Validation True
2023-09-07 14:54:14 - INFO - [create_app.py : create_blueprint - 79] :: Created Blueprint :: <Blueprint 'registration_bp'> for the Application service ::registration
2023-09-07 14:54:14 - INFO - [create_app.py : display_registered_blueprints_for_service - 111] :: Added Blueprints :: /static/<path:filename>
2023-09-07 14:54:14 - INFO - [create_app.py : create_db_engine - 131] :: Creating DB-Engine using DatabaseURI for Service :: [registration]
2023-09-07 14:54:14 - INFO - [create_app.py : get_database_uri - 120] :: Preparing DatabaseURI for Service :: [registration]
2023-09-07 14:54:14 - INFO - [create_app.py : get_database_uri - 122] :: Prepared DatabaseURI for Service :: [registration] - postgresql://airlineradmin:Ishi%2306041995@127.0.0.1:3304/REGISTRATIONS
2023-09-07 14:54:14 - INFO - [create_app.py : create_db_engine - 136] :: Created DB-Engine using DatabaseURI for Service :: [Engine(postgresql://airlineradmin:***@127.0.0.1:3304/REGISTRATIONS)]
2023-09-07 14:54:14 - INFO - [create_app.py : check_database_connectivity - 235] :: Current Connection status set to :: False for the service :: registration
2023-09-07 14:54:14 - INFO - [create_app.py : check_database_connectivity - 236] :: Trying to establish the connection to the database :: [IN-PROGRESS]
2023-09-07 14:54:14 - INFO - [create_app.py : check_database_connectivity - 240] :: Established the connection to the database :: [SUCCESS]
2023-09-07 14:54:14 - INFO - [create_app.py : check_database_connectivity - 242] :: Current Connection status set to :: True for the service :: registration
2023-09-07 14:54:14 - INFO - [create_app.py : check_database_connectivity - 244] :: Closing the Current Connection as the connection was established for the service :: registration
2023-09-07 14:54:14 - INFO - [create_app.py : init_databases_for_service - 277] :: Database already exists :: REGISTRATIONS
2023-09-07 14:54:14 - INFO - [create_app.py : create_tables_associated_to_db_model - 253] :: Trying to create the tables if not present in the database...
2023-09-07 14:54:14 - INFO - [create_app.py : create_tables_associated_to_db_model - 255] :: Going to create the tables ...
2023-09-07 14:54:14 - INFO - [create_app.py : create_tables_associated_to_db_model - 258] :: Created the tables ...
2023-09-07 14:54:14 - INFO - [create_app.py : bind_db_app - 155] :: Binding SQLALCHEMY using DatabaseURI:: [postgresql://airlineradmin:Ishi%2306041995@127.0.0.1:3304/REGISTRATIONS] to Application Instance for Service :: [registration]
2023-09-07 14:54:14 - INFO - [create_app.py : bind_db_app - 157] :: Binded SQLALCHEMY :: [<SQLAlchemy>] to Application Instance for Service :: [registration]
2023-09-07 14:54:14 - INFO - [create_app.py : create_pool_of_connections - 164] :: Creating Pool of connections for Service ==>[registration] :: [STARTED]
2023-09-07 14:54:14 - INFO - [create_app.py : create_pool_of_connections - 166] :: Created Pool of connections for Service ==>[registration] :: [SUCCESS]
2023-09-07 14:54:14 - INFO - [create_app.py : create_pool_of_connections - 167] :: Creating session using pool of connections  :: [STARTED]
2023-09-07 14:54:14 - INFO - [create_app.py : create_pool_of_connections - 168] :: Creating  a session maker for database interactions
2023-09-07 14:54:14 - INFO - [create_app.py : create_pool_of_connections - 170] :: Created session using Pool_info :: <sqlalchemy.pool.impl.QueuePool object at 0x10802f430>
2023-09-07 14:54:14 - INFO - [create_app.py : create_pool_of_connections - 171] :: Initialised a session maker for database interactions sessionmaker(class_='Session', bind=Engine(postgresql://airlineradmin:***@127.0.0.1:3304/REGISTRATIONS), autoflush=True, expire_on_commit=True)
2023-09-07 14:54:14 - INFO - [create_app.py : display_pool_info - 212] :: #---------------------------------[ POOL - INFO ]----------------------------------------#
2023-09-07 14:54:14 - INFO - [create_app.py : display_pool_info - 213] :: Displaying Pool_Info for Service ==>[registration] 
2023-09-07 14:54:14 - INFO - [create_app.py : display_pool_info - 214] :: Current Pool Info :: <sqlalchemy.pool.impl.QueuePool object at 0x10802f430> - ID: 4429378608
2023-09-07 14:54:14 - INFO - [create_app.py : display_pool_info - 215] :: Current Pool Size ::  100
2023-09-07 14:54:14 - INFO - [create_app.py : display_pool_info - 216] :: Checked Out Connections from Pool  0
2023-09-07 14:54:14 - INFO - [create_app.py : display_pool_info - 217] :: Checked in Connections available in Pool :: 0
2023-09-07 14:54:14 - INFO - [create_app.py : display_pool_info - 218] :: Current Pool Overflow Info :: -100
2023-09-07 14:54:14 - INFO - [create_app.py : display_pool_info - 219] :: #---------------------------------[ POOL - INFO ]----------------------------------------#
2023-09-07 14:54:14 - INFO - [create_app.py : register_blueprint - 86] :: Registering blueprints to the service :: <Flask 'registration'>
2023-09-07 14:54:14 - INFO - [create_app.py : display_registered_blueprints_for_service - 111] :: Added Blueprints :: /static/<path:filename>
2023-09-07 14:54:14 - INFO - [create_app.py : display_registered_blueprints_for_service - 111] :: Added Blueprints :: /api/v1/airliner/registerUser
2023-09-07 14:54:14 - INFO - [create_app.py : display_registered_blueprints_for_service - 111] :: Added Blueprints :: /api/v1/airliner/getUser/<int:userid>
2023-09-07 14:54:14 - INFO - [create_app.py : register_err_handler - 94] :: Registering Error Handler 500-<function internal_server_error at 0x108103ee0> to the service :: <Flask 'registration'>
2023-09-07 14:54:14 - INFO - [create_app.py : register_err_handler - 94] :: Registering Error Handler 400-<function bad_request at 0x1081038b0> to the service :: <Flask 'registration'>
2023-09-07 14:54:14 - INFO - [create_app.py : register_err_handler - 94] :: Registering Error Handler 404-<function not_found at 0x108103f70> to the service :: <Flask 'registration'>
2023-09-07 14:54:14 - INFO - [create_app.py : display_registered_err_handlers - 103] :: Error Code: None, Handler Function: {}
2023-09-07 14:54:14 - INFO - [__init__.py : <module> - 100] :: Created GRPC server with the workers of max :: 10
2023-09-07 14:54:14 - INFO - [__init__.py : <module> - 103] :: Registered GRPC server to the server :: UserValidationForTokenGenerationService
2023-09-07 14:54:14 - INFO - [__init__.py : <module> - 108] :: Starting GRPC server for the Token-User service with the IP & PORT:: 0.0.0.0:9092
2023-09-07 14:54:14 - INFO - [registration_service.py : <module> - 7] :: Started the grpc server ...
2023-09-07 14:54:14 - INFO - [registration_service.py : <module> - 8] :: Started the REGISTRATION server ...
2023-09-07 14:54:14 - INFO - [registration_service.py : <module> - 9] :: Binded REGISTRATION-SERVICE at IP-ADDRESS:PORT :: 0.0.0.0:9091
2023-09-07 14:54:14 - INFO - [registration_service.py : <module> - 10] :: Application is ready to server traffic.
2023-09-07 14:54:23 - INFO - [user_controller.py : get_user_info - 99] :: REQUEST ==> Received Endpoint :: registration_bp.get_user_info
2023-09-07 14:54:23 - INFO - [user_controller.py : get_user_info - 101] :: Received Headers from the request :: {'User-Agent': 'PostmanRuntime/7.32.3', 'Accept': '*/*', 'Host': '127.0.0.1:5000', 'Accept-Encoding': 'gzip, deflate, br', 'Connection': 'keep-alive'}
2023-09-07 14:54:23 - INFO - [create_app.py : generate_req_missing_params - 300] :: Validation for Request is  :: [STARTED]
2023-09-07 14:54:23 - INFO - [create_app.py : generate_req_missing_params - 302] :: REQUEST <==> params ==> Param :: User-Agent :: Value :: PostmanRuntime/7.32.3 :: Type ::<class 'str'> 
2023-09-07 14:54:23 - INFO - [create_app.py : generate_req_missing_params - 302] :: REQUEST <==> params ==> Param :: Accept :: Value :: */* :: Type ::<class 'str'> 
2023-09-07 14:54:23 - INFO - [create_app.py : generate_req_missing_params - 302] :: REQUEST <==> params ==> Param :: Host :: Value :: 127.0.0.1:5000 :: Type ::<class 'str'> 
2023-09-07 14:54:23 - INFO - [create_app.py : generate_req_missing_params - 302] :: REQUEST <==> params ==> Param :: Accept-Encoding :: Value :: gzip, deflate, br :: Type ::<class 'str'> 
2023-09-07 14:54:23 - INFO - [create_app.py : generate_req_missing_params - 302] :: REQUEST <==> params ==> Param :: Connection :: Value :: keep-alive :: Type ::<class 'str'> 
2023-09-07 14:54:23 - INFO - [user_controller.py : get_user_info - 108] :: Received userid from the url :: 2000
2023-09-07 14:54:23 - INFO - [user_controller.py : get_user_info - 109] :: Processing the request data... :: [STARTED]
2023-09-07 14:54:23 - INFO - [user_controller.py : get_user_info - 110] :: Mapping the request data to the database model:: [STARTED]
2023-09-07 14:54:23 - ERROR - [create_app.py : get_session_for_service - 179] :: Creating session using pool of connections  :: [STARTED]
2023-09-07 14:54:23 - INFO - [create_app.py : get_session_for_service - 181] :: Using session to store the data in to DataBase Session-Id  :: <sqlalchemy.orm.session.Session object at 0x1081f1c40>
2023-09-07 14:54:23 - INFO - [create_app.py : display_pool_info - 212] :: #---------------------------------[ POOL - INFO ]----------------------------------------#
2023-09-07 14:54:23 - INFO - [create_app.py : display_pool_info - 213] :: Displaying Pool_Info for Service ==>[registration] 
2023-09-07 14:54:23 - INFO - [create_app.py : display_pool_info - 214] :: Current Pool Info :: <sqlalchemy.pool.impl.QueuePool object at 0x10802f430> - ID: 4429378608
2023-09-07 14:54:23 - INFO - [create_app.py : display_pool_info - 215] :: Current Pool Size ::  100
2023-09-07 14:54:23 - INFO - [create_app.py : display_pool_info - 216] :: Checked Out Connections from Pool  0
2023-09-07 14:54:23 - INFO - [create_app.py : display_pool_info - 217] :: Checked in Connections available in Pool :: 0
2023-09-07 14:54:23 - INFO - [create_app.py : display_pool_info - 218] :: Current Pool Overflow Info :: -100
2023-09-07 14:54:23 - INFO - [create_app.py : display_pool_info - 219] :: #---------------------------------[ POOL - INFO ]----------------------------------------#
2023-09-07 14:54:23 - INFO - [user.py : convert_db_model_to_response - 41] :: Converting db model to response obj :: [STARTED]
2023-09-07 14:54:23 - INFO - [user.py : convert_db_model_to_response - 52] :: Converting db model to response obj :: [FAILED]
2023-09-07 14:54:23 - ERROR - [user.py : convert_db_model_to_response - 53] :: Error occurred :: 'NoneType' object has no attribute '__table__'	Line No:: 44
2023-09-07 14:54:23 - INFO - [user.py : generate_success_response - 59] :: Generating Success response  :: [STARTED]
2023-09-07 14:54:23 - INFO - [user.py : generate_success_response - 79] :: Generating Success response  :: [FAILED]
2023-09-07 14:54:23 - ERROR - [user.py : generate_success_response - 80] :: Error occurred :: 'data'	Line No:: 66
2023-09-07 14:54:23 - INFO - [user_controller.py : get_user_info - 123] :: Generating Success response  :: [STARTED] :: {'message': 'Retrieved User'}
2023-09-07 14:54:23 - INFO - [create_app.py : close_session_for_service - 201] :: Closing the  session  <sqlalchemy.orm.session.Session object at 0x1081f1c40>:: [STARTED]
2023-09-07 14:54:23 - INFO - [create_app.py : close_session_for_service - 203] :: Closed session of Session-Id <sqlalchemy.orm.session.Session object at 0x1081f1c40>:: [SUCCESS]
