2023-08-18 20:32:47 - INFO - [base_logger.py : 34] :: Initialized logger for the service [registration] :: [SUCCESS]
2023-08-18 20:32:47 - INFO - [create_app.py : 41] :: Received Service [registration]
2023-08-18 20:32:47 - INFO - [create_app.py : 43] :: Flask of Application Instance created for service [registration] ,  App Name :: [<Flask 'registration'>] ==> SUCCESS
2023-08-18 20:32:47 - INFO - [create_app.py : 48] :: Created Blueprint :: <Blueprint 'registration_bp'> for the Application service ::registration
2023-08-18 20:32:47 - INFO - [create_app.py : 58] :: Added Blueprints :: /static/<path:filename>
2023-08-18 20:32:47 - INFO - [create_app.py : 68] :: Creating DB-Engine using DatabaseURI for Service :: [registration]
2023-08-18 20:32:47 - INFO - [create_app.py : 62] :: Preparing DatabaseURI for Service :: [registration]
2023-08-18 20:32:47 - INFO - [create_app.py : 64] :: Prepared DatabaseURI for Service :: [registration] - mysql+pymysql://root:testeventstreammonitor#123@127.0.0.1:3304/REGISTRATIONS
2023-08-18 20:32:47 - INFO - [create_app.py : 70] :: Created DB-Engine using DatabaseURIfor Service :: [Engine(mysql+pymysql://root:***@127.0.0.1:3304/REGISTRATIONS)]
2023-08-18 20:32:47 - INFO - [create_app.py : 99] :: Current Connection status set to :: False for the service :: registration
2023-08-18 20:32:47 - INFO - [create_app.py : 100] :: Trying to establish the connection to the database :: [IN-PROGRESS]
2023-08-18 20:32:47 - INFO - [create_app.py : 104] :: Established the connection to the database :: [SUCCESS]
2023-08-18 20:32:47 - INFO - [create_app.py : 106] :: Current Connection status set to :: True for the service :: registration
2023-08-18 20:32:47 - INFO - [create_app.py : 108] :: Closing the Current Connection as the connection was established for the service :: registration
2023-08-18 20:32:47 - INFO - [create_app.py : 141] :: Database already exists :: REGISTRATIONS
2023-08-18 20:32:47 - INFO - [create_app.py : 117] :: Trying to create the tables if not present in the database...
2023-08-18 20:32:47 - INFO - [create_app.py : 119] :: Going to create the tables ...
2023-08-18 20:32:47 - INFO - [create_app.py : 122] :: Created the tables ...
2023-08-18 20:32:47 - INFO - [create_app.py : 75] :: Binding SQLALCHEMY using DatabaseURI:: [mysql+pymysql://root:testeventstreammonitor#123@127.0.0.1:3304/REGISTRATIONS] to Application Instance for Service :: [registration]
2023-08-18 20:32:47 - INFO - [create_app.py : 77] :: Binded SQLALCHEMY :: [<SQLAlchemy>] to Application Instance for Service :: [registration]
2023-08-18 20:32:47 - INFO - [create_app.py : 81] :: Initialized Pool for Service ==>[registration] :: [SUCCESS]
2023-08-18 20:32:47 - INFO - [create_app.py : 150] :: #---------------------------------[ POOL - INFO ]----------------------------------------#
2023-08-18 20:32:47 - INFO - [create_app.py : 151] :: Displaying Pool_Info for Service ==>[registration] 
2023-08-18 20:32:47 - INFO - [create_app.py : 152] :: Current Pool Info :: <sqlalchemy.pool.impl.QueuePool object at 0x1044a93a0> - ID: 4366963616
2023-08-18 20:32:47 - INFO - [create_app.py : 153] :: Current Pool Size ::  100
2023-08-18 20:32:47 - INFO - [create_app.py : 154] :: Checked Out Connections from Pool  0
2023-08-18 20:32:47 - INFO - [create_app.py : 155] :: Checked in Connections available in Pool :: 0
2023-08-18 20:32:47 - INFO - [create_app.py : 156] :: Current Pool Overflow Info :: -100
2023-08-18 20:32:47 - INFO - [create_app.py : 157] :: #---------------------------------[ POOL - INFO ]----------------------------------------#
2023-08-18 20:32:47 - INFO - [create_app.py : 52] :: Registering blueprints to the service :: <Flask 'registration'>
2023-08-18 20:32:47 - INFO - [create_app.py : 58] :: Added Blueprints :: /static/<path:filename>
2023-08-18 20:32:47 - INFO - [create_app.py : 58] :: Added Blueprints :: /api/v1/airliner/registerUser
2023-08-18 20:32:47 - INFO - [__init__.py : 55] :: Created GRPC server with the workers of max :: 10
2023-08-18 20:32:47 - INFO - [__init__.py : 58] :: Registered GRPC server to the server :: UserValidationForTokenGenerationService
2023-08-18 20:32:47 - INFO - [__init__.py : 61] :: Starting GRPC server for the Token-User service with the IP & PORT:: localhost:8081
2023-08-18 20:32:47 - INFO - [registration_app.py : 5] :: Started the grpc server ...
2023-08-18 20:32:47 - INFO - [registration_app.py : 6] :: Started the REGISTRATION server ...
2023-08-18 20:32:47 - INFO - [registration_app.py : 7] :: Application is ready to server traffic.
2023-08-18 20:32:51 - INFO - [registration_controller.py : 11] :: REQUEST ==> Received Endpoint :: registration_bp.add_user
2023-08-18 20:32:51 - INFO - [registration_controller.py : 13] :: Received Headers from the request :: {'Content-Type': 'application/json', 'User-Agent': 'PostmanRuntime/7.32.3', 'Accept': '*/*', 'Host': '127.0.0.1:9091', 'Accept-Encoding': 'gzip, deflate, br', 'Connection': 'keep-alive', 'Content-Length': '195'}
2023-08-18 20:32:51 - INFO - [registration_controller.py : 14] :: Validation for Request-Header is  :: [STARTED]
2023-08-18 20:32:51 - DEBUG - [req_header_validation.py : 8] :: REQUEST <==> HEADER.params ==> Param :: Content-Type :: Value :: application/json :: Type ::<class 'str'> 
2023-08-18 20:32:51 - DEBUG - [req_header_validation.py : 8] :: REQUEST <==> HEADER.params ==> Param :: User-Agent :: Value :: PostmanRuntime/7.32.3 :: Type ::<class 'str'> 
2023-08-18 20:32:51 - DEBUG - [req_header_validation.py : 8] :: REQUEST <==> HEADER.params ==> Param :: Accept :: Value :: */* :: Type ::<class 'str'> 
2023-08-18 20:32:51 - DEBUG - [req_header_validation.py : 8] :: REQUEST <==> HEADER.params ==> Param :: Host :: Value :: 127.0.0.1:9091 :: Type ::<class 'str'> 
2023-08-18 20:32:51 - DEBUG - [req_header_validation.py : 8] :: REQUEST <==> HEADER.params ==> Param :: Accept-Encoding :: Value :: gzip, deflate, br :: Type ::<class 'str'> 
2023-08-18 20:32:51 - DEBUG - [req_header_validation.py : 8] :: REQUEST <==> HEADER.params ==> Param :: Connection :: Value :: keep-alive :: Type ::<class 'str'> 
2023-08-18 20:32:51 - DEBUG - [req_header_validation.py : 8] :: REQUEST <==> HEADER.params ==> Param :: Content-Length :: Value :: 195 :: Type ::<class 'str'> 
2023-08-18 20:32:51 - INFO - [registration_controller.py : 17] :: Validation for Request-Header is  :: [SUCCESS]
2023-08-18 20:32:51 - INFO - [registration_controller.py : 20] :: Validation for Request-Body is  :: [STARTED]
2023-08-18 20:32:51 - DEBUG - [req_header_validation.py : 8] :: REQUEST <==> HEADER.params ==> Param :: username :: Value :: kamal :: Type ::<class 'str'> 
2023-08-18 20:32:51 - DEBUG - [req_header_validation.py : 8] :: REQUEST <==> HEADER.params ==> Param :: email :: Value :: devarapallikamalsai@gmail.com :: Type ::<class 'str'> 
2023-08-18 20:32:51 - DEBUG - [req_header_validation.py : 8] :: REQUEST <==> HEADER.params ==> Param :: firstName :: Value :: kamal :: Type ::<class 'str'> 
2023-08-18 20:32:51 - DEBUG - [req_header_validation.py : 8] :: REQUEST <==> HEADER.params ==> Param :: lastName :: Value :: devarapalli :: Type ::<class 'str'> 
2023-08-18 20:32:51 - DEBUG - [req_header_validation.py : 8] :: REQUEST <==> HEADER.params ==> Param :: dateOfBirth :: Value :: 06-4-1995 :: Type ::<class 'str'> 
2023-08-18 20:32:51 - DEBUG - [req_header_validation.py : 8] :: REQUEST <==> HEADER.params ==> Param :: password :: Value :: testeventstreammonitor#123 :: Type ::<class 'str'> 
2023-08-18 20:32:51 - INFO - [registration_controller.py : 22] :: Validation for Request-body is  :: [SUCCESS]
2023-08-18 20:32:51 - INFO - [registration_controller.py : 30] :: Processing the request data... :: [STARTED]
2023-08-18 20:32:51 - INFO - [registration_controller.py : 11] :: REQUEST ==> Received Endpoint :: registration_bp.add_user
2023-08-18 20:32:51 - INFO - [registration_controller.py : 13] :: Received Headers from the request :: {'Content-Type': 'application/json', 'User-Agent': 'PostmanRuntime/7.32.3', 'Accept': '*/*', 'Host': '127.0.0.1:9091', 'Accept-Encoding': 'gzip, deflate, br', 'Connection': 'keep-alive', 'Content-Length': '195'}
2023-08-18 20:32:51 - INFO - [registration_controller.py : 14] :: Validation for Request-Header is  :: [STARTED]
2023-08-18 20:32:51 - DEBUG - [req_header_validation.py : 8] :: REQUEST <==> HEADER.params ==> Param :: Content-Type :: Value :: application/json :: Type ::<class 'str'> 
2023-08-18 20:32:51 - DEBUG - [req_header_validation.py : 8] :: REQUEST <==> HEADER.params ==> Param :: User-Agent :: Value :: PostmanRuntime/7.32.3 :: Type ::<class 'str'> 
2023-08-18 20:32:51 - DEBUG - [req_header_validation.py : 8] :: REQUEST <==> HEADER.params ==> Param :: Accept :: Value :: */* :: Type ::<class 'str'> 
2023-08-18 20:32:51 - DEBUG - [req_header_validation.py : 8] :: REQUEST <==> HEADER.params ==> Param :: Host :: Value :: 127.0.0.1:9091 :: Type ::<class 'str'> 
2023-08-18 20:32:51 - DEBUG - [req_header_validation.py : 8] :: REQUEST <==> HEADER.params ==> Param :: Accept-Encoding :: Value :: gzip, deflate, br :: Type ::<class 'str'> 
2023-08-18 20:32:51 - DEBUG - [req_header_validation.py : 8] :: REQUEST <==> HEADER.params ==> Param :: Connection :: Value :: keep-alive :: Type ::<class 'str'> 
2023-08-18 20:32:51 - DEBUG - [req_header_validation.py : 8] :: REQUEST <==> HEADER.params ==> Param :: Content-Length :: Value :: 195 :: Type ::<class 'str'> 
2023-08-18 20:32:51 - INFO - [registration_controller.py : 17] :: Validation for Request-Header is  :: [SUCCESS]
2023-08-18 20:32:51 - INFO - [registration_controller.py : 20] :: Validation for Request-Body is  :: [STARTED]
2023-08-18 20:32:51 - DEBUG - [req_header_validation.py : 8] :: REQUEST <==> HEADER.params ==> Param :: username :: Value :: kamal :: Type ::<class 'str'> 
2023-08-18 20:32:51 - DEBUG - [req_header_validation.py : 8] :: REQUEST <==> HEADER.params ==> Param :: email :: Value :: devarapallikamalsai@gmail.com :: Type ::<class 'str'> 
2023-08-18 20:32:51 - DEBUG - [req_header_validation.py : 8] :: REQUEST <==> HEADER.params ==> Param :: firstName :: Value :: kamal :: Type ::<class 'str'> 
2023-08-18 20:32:51 - DEBUG - [req_header_validation.py : 8] :: REQUEST <==> HEADER.params ==> Param :: lastName :: Value :: devarapalli :: Type ::<class 'str'> 
2023-08-18 20:32:51 - DEBUG - [req_header_validation.py : 8] :: REQUEST <==> HEADER.params ==> Param :: dateOfBirth :: Value :: 06-4-1995 :: Type ::<class 'str'> 
2023-08-18 20:32:51 - DEBUG - [req_header_validation.py : 8] :: REQUEST <==> HEADER.params ==> Param :: password :: Value :: testeventstreammonitor#123 :: Type ::<class 'str'> 
2023-08-18 20:32:51 - INFO - [registration_controller.py : 22] :: Validation for Request-body is  :: [SUCCESS]
2023-08-18 20:32:51 - INFO - [registration_controller.py : 30] :: Processing the request data... :: [STARTED]
2023-08-18 20:32:51 - INFO - [registration_controller.py : 32] :: Instance creation for User :: [SUCCESS] :: UserName :: kamal,FirstName :: kamal, LastName :: devarapalli, Emailaddress :: devarapallikamalsai@gmail.com , Password :: b'$2b$12$2gwZfYQOwfiL5f0PeyNqTehLlOFXRNpz743tZ344zpp9MqgE0UoNi', CreatedAt :: 2023-08-18 20:32:47.706262, UpdatedAt :: 2023-08-18 20:32:47.706268
2023-08-18 20:32:51 - INFO - [registration_controller.py : 33] :: Mapping the request data to the database model:: [STARTED]
2023-08-18 20:32:51 - INFO - [registration_controller.py : 42] :: Mapping the request data to the database model:: [SUCCESS]
2023-08-18 20:32:51 - INFO - [create_app.py : 163] :: Creating session using pool of connections  :: [STARTED]
2023-08-18 20:32:51 - INFO - [create_app.py : 164] :: Creating session using Pool_info :: <sqlalchemy.pool.impl.QueuePool object at 0x1044a93a0>
2023-08-18 20:32:51 - INFO - [create_app.py : 165] :: Initialising  a session maker for database interactions
2023-08-18 20:32:51 - INFO - [create_app.py : 167] :: Initialised a session maker for database interactions sessionmaker(class_='Session', bind=Engine(mysql+pymysql://root:***@127.0.0.1:3304/REGISTRATIONS), autoflush=True, expire_on_commit=True)
2023-08-18 20:32:51 - INFO - [create_app.py : 169] :: Created session to store the data in to DataBase Session-Id  :: <sqlalchemy.orm.session.Session object at 0x104a69a30>
2023-08-18 20:32:51 - INFO - [create_app.py : 150] :: #---------------------------------[ POOL - INFO ]----------------------------------------#
2023-08-18 20:32:51 - INFO - [create_app.py : 151] :: Displaying Pool_Info for Service ==>[registration] 
2023-08-18 20:32:51 - INFO - [create_app.py : 152] :: Current Pool Info :: <sqlalchemy.pool.impl.QueuePool object at 0x1044a93a0> - ID: 4366963616
2023-08-18 20:32:51 - INFO - [create_app.py : 153] :: Current Pool Size ::  100
2023-08-18 20:32:51 - INFO - [create_app.py : 154] :: Checked Out Connections from Pool  0
2023-08-18 20:32:51 - INFO - [create_app.py : 155] :: Checked in Connections available in Pool :: 0
2023-08-18 20:32:51 - INFO - [create_app.py : 156] :: Current Pool Overflow Info :: -100
2023-08-18 20:32:51 - INFO - [create_app.py : 157] :: #---------------------------------[ POOL - INFO ]----------------------------------------#
2023-08-18 20:32:51 - INFO - [registration_controller.py : 47] :: Data added into  DataBase session UserID='None', UserName='kamal',         FirstName='kamal', LastName='devarapalli',         Email='devarapallikamalsai@gmail.com', Password='b'$2b$12$2gwZfYQOwfiL5f0PeyNqTehLlOFXRNpz743tZ344zpp9MqgE0UoNi'',         DateOfBirth='06-4-1995', CreatedAt='2023-08-18 20:32:47.706262', UpdatedAt='2023-08-18 20:32:47.706268':: SUCCESS
2023-08-18 20:32:51 - INFO - [registration_controller.py : 49] :: Added Data is committed into  DataBase <sqlalchemy.orm.session.Session object at 0x104a69a30>:: SUCCESS
2023-08-18 20:32:51 - INFO - [registration_controller.py : 50] :: Generating Success response  :: [STARTED]
2023-08-18 20:32:51 - INFO - [registration_controller.py : 53] :: Generating Success response  :: [STARTED] :: {'message': 'User  is created', 'user': {'userId': 9, 'username': 'kamal', 'email': 'devarapallikamalsai@gmail.com', 'dateOfBirth': '06-4-1995', 'firstName': 'kamal', 'lastName': 'devarapalli', 'CreatedAt': datetime.datetime(2023, 8, 18, 20, 32, 48), 'UpdatedAt': datetime.datetime(2023, 8, 18, 20, 32, 48)}}
2023-08-18 20:32:51 - INFO - [registration_controller.py : 11] :: REQUEST ==> Received Endpoint :: registration_bp.add_user
2023-08-18 20:32:51 - INFO - [registration_controller.py : 13] :: Received Headers from the request :: {'Content-Type': 'application/json', 'User-Agent': 'PostmanRuntime/7.32.3', 'Accept': '*/*', 'Host': '127.0.0.1:9091', 'Accept-Encoding': 'gzip, deflate, br', 'Connection': 'keep-alive', 'Content-Length': '195'}
2023-08-18 20:32:51 - INFO - [registration_controller.py : 14] :: Validation for Request-Header is  :: [STARTED]
2023-08-18 20:32:51 - DEBUG - [req_header_validation.py : 8] :: REQUEST <==> HEADER.params ==> Param :: Content-Type :: Value :: application/json :: Type ::<class 'str'> 
2023-08-18 20:32:51 - DEBUG - [req_header_validation.py : 8] :: REQUEST <==> HEADER.params ==> Param :: User-Agent :: Value :: PostmanRuntime/7.32.3 :: Type ::<class 'str'> 
2023-08-18 20:32:51 - DEBUG - [req_header_validation.py : 8] :: REQUEST <==> HEADER.params ==> Param :: Accept :: Value :: */* :: Type ::<class 'str'> 
2023-08-18 20:32:51 - DEBUG - [req_header_validation.py : 8] :: REQUEST <==> HEADER.params ==> Param :: Host :: Value :: 127.0.0.1:9091 :: Type ::<class 'str'> 
2023-08-18 20:32:51 - DEBUG - [req_header_validation.py : 8] :: REQUEST <==> HEADER.params ==> Param :: Accept-Encoding :: Value :: gzip, deflate, br :: Type ::<class 'str'> 
2023-08-18 20:32:51 - DEBUG - [req_header_validation.py : 8] :: REQUEST <==> HEADER.params ==> Param :: Connection :: Value :: keep-alive :: Type ::<class 'str'> 
2023-08-18 20:32:51 - DEBUG - [req_header_validation.py : 8] :: REQUEST <==> HEADER.params ==> Param :: Content-Length :: Value :: 195 :: Type ::<class 'str'> 
2023-08-18 20:32:51 - INFO - [registration_controller.py : 17] :: Validation for Request-Header is  :: [SUCCESS]
2023-08-18 20:32:51 - INFO - [registration_controller.py : 20] :: Validation for Request-Body is  :: [STARTED]
2023-08-18 20:32:51 - DEBUG - [req_header_validation.py : 8] :: REQUEST <==> HEADER.params ==> Param :: username :: Value :: kamal :: Type ::<class 'str'> 
2023-08-18 20:32:51 - DEBUG - [req_header_validation.py : 8] :: REQUEST <==> HEADER.params ==> Param :: email :: Value :: devarapallikamalsai@gmail.com :: Type ::<class 'str'> 
2023-08-18 20:32:51 - DEBUG - [req_header_validation.py : 8] :: REQUEST <==> HEADER.params ==> Param :: firstName :: Value :: kamal :: Type ::<class 'str'> 
2023-08-18 20:32:51 - DEBUG - [req_header_validation.py : 8] :: REQUEST <==> HEADER.params ==> Param :: lastName :: Value :: devarapalli :: Type ::<class 'str'> 
2023-08-18 20:32:51 - DEBUG - [req_header_validation.py : 8] :: REQUEST <==> HEADER.params ==> Param :: dateOfBirth :: Value :: 06-4-1995 :: Type ::<class 'str'> 
2023-08-18 20:32:51 - DEBUG - [req_header_validation.py : 8] :: REQUEST <==> HEADER.params ==> Param :: password :: Value :: testeventstreammonitor#123 :: Type ::<class 'str'> 
2023-08-18 20:32:51 - INFO - [registration_controller.py : 22] :: Validation for Request-body is  :: [SUCCESS]
2023-08-18 20:32:51 - INFO - [registration_controller.py : 30] :: Processing the request data... :: [STARTED]
2023-08-18 20:32:51 - INFO - [registration_controller.py : 32] :: Instance creation for User :: [SUCCESS] :: UserName :: kamal,FirstName :: kamal, LastName :: devarapalli, Emailaddress :: devarapallikamalsai@gmail.com , Password :: b'$2b$12$juo3JSqqr1NYRf7oJKYnUeEa/irQZ1Nq7Md0fB26rrWx9DFZPk2mK', CreatedAt :: 2023-08-18 20:32:47.706262, UpdatedAt :: 2023-08-18 20:32:47.706268
2023-08-18 20:32:51 - INFO - [registration_controller.py : 33] :: Mapping the request data to the database model:: [STARTED]
2023-08-18 20:32:51 - INFO - [registration_controller.py : 42] :: Mapping the request data to the database model:: [SUCCESS]
2023-08-18 20:32:51 - INFO - [create_app.py : 163] :: Creating session using pool of connections  :: [STARTED]
2023-08-18 20:32:51 - INFO - [create_app.py : 164] :: Creating session using Pool_info :: <sqlalchemy.pool.impl.QueuePool object at 0x1044a93a0>
2023-08-18 20:32:51 - INFO - [create_app.py : 165] :: Initialising  a session maker for database interactions
2023-08-18 20:32:51 - INFO - [create_app.py : 167] :: Initialised a session maker for database interactions sessionmaker(class_='Session', bind=Engine(mysql+pymysql://root:***@127.0.0.1:3304/REGISTRATIONS), autoflush=True, expire_on_commit=True)
2023-08-18 20:32:51 - INFO - [create_app.py : 169] :: Created session to store the data in to DataBase Session-Id  :: <sqlalchemy.orm.session.Session object at 0x104a69100>
2023-08-18 20:32:51 - INFO - [create_app.py : 150] :: #---------------------------------[ POOL - INFO ]----------------------------------------#
2023-08-18 20:32:51 - INFO - [create_app.py : 151] :: Displaying Pool_Info for Service ==>[registration] 
2023-08-18 20:32:51 - INFO - [create_app.py : 152] :: Current Pool Info :: <sqlalchemy.pool.impl.QueuePool object at 0x1044a93a0> - ID: 4366963616
2023-08-18 20:32:51 - INFO - [create_app.py : 153] :: Current Pool Size ::  100
2023-08-18 20:32:51 - INFO - [create_app.py : 154] :: Checked Out Connections from Pool  0
2023-08-18 20:32:51 - INFO - [create_app.py : 155] :: Checked in Connections available in Pool :: 0
2023-08-18 20:32:51 - INFO - [create_app.py : 156] :: Current Pool Overflow Info :: -100
2023-08-18 20:32:51 - INFO - [create_app.py : 157] :: #---------------------------------[ POOL - INFO ]----------------------------------------#
2023-08-18 20:32:51 - INFO - [registration_controller.py : 47] :: Data added into  DataBase session UserID='None', UserName='kamal',         FirstName='kamal', LastName='devarapalli',         Email='devarapallikamalsai@gmail.com', Password='b'$2b$12$juo3JSqqr1NYRf7oJKYnUeEa/irQZ1Nq7Md0fB26rrWx9DFZPk2mK'',         DateOfBirth='06-4-1995', CreatedAt='2023-08-18 20:32:47.706262', UpdatedAt='2023-08-18 20:32:47.706268':: SUCCESS
2023-08-18 20:32:51 - INFO - [registration_controller.py : 49] :: Added Data is committed into  DataBase <sqlalchemy.orm.session.Session object at 0x104a69100>:: SUCCESS
2023-08-18 20:32:51 - INFO - [registration_controller.py : 50] :: Generating Success response  :: [STARTED]
2023-08-18 20:32:51 - INFO - [registration_controller.py : 53] :: Generating Success response  :: [STARTED] :: {'message': 'User  is created', 'user': {'userId': 10, 'username': 'kamal', 'email': 'devarapallikamalsai@gmail.com', 'dateOfBirth': '06-4-1995', 'firstName': 'kamal', 'lastName': 'devarapalli', 'CreatedAt': datetime.datetime(2023, 8, 18, 20, 32, 48), 'UpdatedAt': datetime.datetime(2023, 8, 18, 20, 32, 48)}}
2023-08-18 20:32:52 - INFO - [registration_controller.py : 11] :: REQUEST ==> Received Endpoint :: registration_bp.add_user
2023-08-18 20:32:52 - INFO - [registration_controller.py : 13] :: Received Headers from the request :: {'Content-Type': 'application/json', 'User-Agent': 'PostmanRuntime/7.32.3', 'Accept': '*/*', 'Host': '127.0.0.1:9091', 'Accept-Encoding': 'gzip, deflate, br', 'Connection': 'keep-alive', 'Content-Length': '195'}
2023-08-18 20:32:52 - INFO - [registration_controller.py : 14] :: Validation for Request-Header is  :: [STARTED]
2023-08-18 20:32:52 - DEBUG - [req_header_validation.py : 8] :: REQUEST <==> HEADER.params ==> Param :: Content-Type :: Value :: application/json :: Type ::<class 'str'> 
2023-08-18 20:32:52 - DEBUG - [req_header_validation.py : 8] :: REQUEST <==> HEADER.params ==> Param :: User-Agent :: Value :: PostmanRuntime/7.32.3 :: Type ::<class 'str'> 
2023-08-18 20:32:52 - DEBUG - [req_header_validation.py : 8] :: REQUEST <==> HEADER.params ==> Param :: Accept :: Value :: */* :: Type ::<class 'str'> 
2023-08-18 20:32:52 - DEBUG - [req_header_validation.py : 8] :: REQUEST <==> HEADER.params ==> Param :: Host :: Value :: 127.0.0.1:9091 :: Type ::<class 'str'> 
2023-08-18 20:32:52 - DEBUG - [req_header_validation.py : 8] :: REQUEST <==> HEADER.params ==> Param :: Accept-Encoding :: Value :: gzip, deflate, br :: Type ::<class 'str'> 
2023-08-18 20:32:52 - DEBUG - [req_header_validation.py : 8] :: REQUEST <==> HEADER.params ==> Param :: Connection :: Value :: keep-alive :: Type ::<class 'str'> 
2023-08-18 20:32:52 - DEBUG - [req_header_validation.py : 8] :: REQUEST <==> HEADER.params ==> Param :: Content-Length :: Value :: 195 :: Type ::<class 'str'> 
2023-08-18 20:32:52 - INFO - [registration_controller.py : 17] :: Validation for Request-Header is  :: [SUCCESS]
2023-08-18 20:32:52 - INFO - [registration_controller.py : 20] :: Validation for Request-Body is  :: [STARTED]
2023-08-18 20:32:52 - DEBUG - [req_header_validation.py : 8] :: REQUEST <==> HEADER.params ==> Param :: username :: Value :: kamal :: Type ::<class 'str'> 
2023-08-18 20:32:52 - DEBUG - [req_header_validation.py : 8] :: REQUEST <==> HEADER.params ==> Param :: email :: Value :: devarapallikamalsai@gmail.com :: Type ::<class 'str'> 
2023-08-18 20:32:52 - DEBUG - [req_header_validation.py : 8] :: REQUEST <==> HEADER.params ==> Param :: firstName :: Value :: kamal :: Type ::<class 'str'> 
2023-08-18 20:32:52 - DEBUG - [req_header_validation.py : 8] :: REQUEST <==> HEADER.params ==> Param :: lastName :: Value :: devarapalli :: Type ::<class 'str'> 
2023-08-18 20:32:52 - DEBUG - [req_header_validation.py : 8] :: REQUEST <==> HEADER.params ==> Param :: dateOfBirth :: Value :: 06-4-1995 :: Type ::<class 'str'> 
2023-08-18 20:32:52 - DEBUG - [req_header_validation.py : 8] :: REQUEST <==> HEADER.params ==> Param :: password :: Value :: testeventstreammonitor#123 :: Type ::<class 'str'> 
2023-08-18 20:32:52 - INFO - [registration_controller.py : 22] :: Validation for Request-body is  :: [SUCCESS]
2023-08-18 20:32:52 - INFO - [registration_controller.py : 30] :: Processing the request data... :: [STARTED]
2023-08-18 20:32:52 - INFO - [registration_controller.py : 32] :: Instance creation for User :: [SUCCESS] :: UserName :: kamal,FirstName :: kamal, LastName :: devarapalli, Emailaddress :: devarapallikamalsai@gmail.com , Password :: b'$2b$12$reukOu5j2yJyREcaqYZbFOQ7EkQ8lbEtpIwj8.U9MiZNXZlnJGCFC', CreatedAt :: 2023-08-18 20:32:47.706262, UpdatedAt :: 2023-08-18 20:32:47.706268
2023-08-18 20:32:52 - INFO - [registration_controller.py : 33] :: Mapping the request data to the database model:: [STARTED]
2023-08-18 20:32:52 - INFO - [registration_controller.py : 42] :: Mapping the request data to the database model:: [SUCCESS]
2023-08-18 20:32:52 - INFO - [create_app.py : 163] :: Creating session using pool of connections  :: [STARTED]
2023-08-18 20:32:52 - INFO - [create_app.py : 164] :: Creating session using Pool_info :: <sqlalchemy.pool.impl.QueuePool object at 0x1044a93a0>
2023-08-18 20:32:52 - INFO - [create_app.py : 165] :: Initialising  a session maker for database interactions
2023-08-18 20:32:52 - INFO - [create_app.py : 167] :: Initialised a session maker for database interactions sessionmaker(class_='Session', bind=Engine(mysql+pymysql://root:***@127.0.0.1:3304/REGISTRATIONS), autoflush=True, expire_on_commit=True)
2023-08-18 20:32:52 - INFO - [create_app.py : 169] :: Created session to store the data in to DataBase Session-Id  :: <sqlalchemy.orm.session.Session object at 0x104a699a0>
2023-08-18 20:32:52 - INFO - [create_app.py : 150] :: #---------------------------------[ POOL - INFO ]----------------------------------------#
2023-08-18 20:32:52 - INFO - [create_app.py : 151] :: Displaying Pool_Info for Service ==>[registration] 
2023-08-18 20:32:52 - INFO - [create_app.py : 152] :: Current Pool Info :: <sqlalchemy.pool.impl.QueuePool object at 0x1044a93a0> - ID: 4366963616
2023-08-18 20:32:52 - INFO - [create_app.py : 153] :: Current Pool Size ::  100
2023-08-18 20:32:52 - INFO - [create_app.py : 154] :: Checked Out Connections from Pool  0
2023-08-18 20:32:52 - INFO - [create_app.py : 155] :: Checked in Connections available in Pool :: 0
2023-08-18 20:32:52 - INFO - [create_app.py : 156] :: Current Pool Overflow Info :: -100
2023-08-18 20:32:52 - INFO - [create_app.py : 157] :: #---------------------------------[ POOL - INFO ]----------------------------------------#
2023-08-18 20:32:52 - INFO - [registration_controller.py : 47] :: Data added into  DataBase session UserID='None', UserName='kamal',         FirstName='kamal', LastName='devarapalli',         Email='devarapallikamalsai@gmail.com', Password='b'$2b$12$reukOu5j2yJyREcaqYZbFOQ7EkQ8lbEtpIwj8.U9MiZNXZlnJGCFC'',         DateOfBirth='06-4-1995', CreatedAt='2023-08-18 20:32:47.706262', UpdatedAt='2023-08-18 20:32:47.706268':: SUCCESS
2023-08-18 20:32:52 - INFO - [registration_controller.py : 49] :: Added Data is committed into  DataBase <sqlalchemy.orm.session.Session object at 0x104a699a0>:: SUCCESS
2023-08-18 20:32:52 - INFO - [registration_controller.py : 50] :: Generating Success response  :: [STARTED]
2023-08-18 20:32:52 - INFO - [registration_controller.py : 53] :: Generating Success response  :: [STARTED] :: {'message': 'User  is created', 'user': {'userId': 11, 'username': 'kamal', 'email': 'devarapallikamalsai@gmail.com', 'dateOfBirth': '06-4-1995', 'firstName': 'kamal', 'lastName': 'devarapalli', 'CreatedAt': datetime.datetime(2023, 8, 18, 20, 32, 48), 'UpdatedAt': datetime.datetime(2023, 8, 18, 20, 32, 48)}}
2023-08-18 20:32:52 - INFO - [registration_controller.py : 11] :: REQUEST ==> Received Endpoint :: registration_bp.add_user
2023-08-18 20:32:52 - INFO - [registration_controller.py : 13] :: Received Headers from the request :: {'Content-Type': 'application/json', 'User-Agent': 'PostmanRuntime/7.32.3', 'Accept': '*/*', 'Host': '127.0.0.1:9091', 'Accept-Encoding': 'gzip, deflate, br', 'Connection': 'keep-alive', 'Content-Length': '195'}
2023-08-18 20:32:52 - INFO - [registration_controller.py : 14] :: Validation for Request-Header is  :: [STARTED]
2023-08-18 20:32:52 - DEBUG - [req_header_validation.py : 8] :: REQUEST <==> HEADER.params ==> Param :: Content-Type :: Value :: application/json :: Type ::<class 'str'> 
2023-08-18 20:32:52 - DEBUG - [req_header_validation.py : 8] :: REQUEST <==> HEADER.params ==> Param :: User-Agent :: Value :: PostmanRuntime/7.32.3 :: Type ::<class 'str'> 
2023-08-18 20:32:52 - DEBUG - [req_header_validation.py : 8] :: REQUEST <==> HEADER.params ==> Param :: Accept :: Value :: */* :: Type ::<class 'str'> 
2023-08-18 20:32:52 - DEBUG - [req_header_validation.py : 8] :: REQUEST <==> HEADER.params ==> Param :: Host :: Value :: 127.0.0.1:9091 :: Type ::<class 'str'> 
2023-08-18 20:32:52 - DEBUG - [req_header_validation.py : 8] :: REQUEST <==> HEADER.params ==> Param :: Accept-Encoding :: Value :: gzip, deflate, br :: Type ::<class 'str'> 
2023-08-18 20:32:52 - DEBUG - [req_header_validation.py : 8] :: REQUEST <==> HEADER.params ==> Param :: Connection :: Value :: keep-alive :: Type ::<class 'str'> 
2023-08-18 20:32:52 - DEBUG - [req_header_validation.py : 8] :: REQUEST <==> HEADER.params ==> Param :: Content-Length :: Value :: 195 :: Type ::<class 'str'> 
2023-08-18 20:32:52 - INFO - [registration_controller.py : 17] :: Validation for Request-Header is  :: [SUCCESS]
2023-08-18 20:32:52 - INFO - [registration_controller.py : 20] :: Validation for Request-Body is  :: [STARTED]
2023-08-18 20:32:52 - DEBUG - [req_header_validation.py : 8] :: REQUEST <==> HEADER.params ==> Param :: username :: Value :: kamal :: Type ::<class 'str'> 
2023-08-18 20:32:52 - DEBUG - [req_header_validation.py : 8] :: REQUEST <==> HEADER.params ==> Param :: email :: Value :: devarapallikamalsai@gmail.com :: Type ::<class 'str'> 
2023-08-18 20:32:52 - DEBUG - [req_header_validation.py : 8] :: REQUEST <==> HEADER.params ==> Param :: firstName :: Value :: kamal :: Type ::<class 'str'> 
2023-08-18 20:32:52 - DEBUG - [req_header_validation.py : 8] :: REQUEST <==> HEADER.params ==> Param :: lastName :: Value :: devarapalli :: Type ::<class 'str'> 
2023-08-18 20:32:52 - DEBUG - [req_header_validation.py : 8] :: REQUEST <==> HEADER.params ==> Param :: dateOfBirth :: Value :: 06-4-1995 :: Type ::<class 'str'> 
2023-08-18 20:32:52 - DEBUG - [req_header_validation.py : 8] :: REQUEST <==> HEADER.params ==> Param :: password :: Value :: testeventstreammonitor#123 :: Type ::<class 'str'> 
2023-08-18 20:32:52 - INFO - [registration_controller.py : 22] :: Validation for Request-body is  :: [SUCCESS]
2023-08-18 20:32:52 - INFO - [registration_controller.py : 30] :: Processing the request data... :: [STARTED]
2023-08-18 20:32:52 - INFO - [registration_controller.py : 32] :: Instance creation for User :: [SUCCESS] :: UserName :: kamal,FirstName :: kamal, LastName :: devarapalli, Emailaddress :: devarapallikamalsai@gmail.com , Password :: b'$2b$12$gPiR0tInmwnuMmojEFK20uMVrp/xc1qLH3.FYYoIdFFQffRFe8DMC', CreatedAt :: 2023-08-18 20:32:47.706262, UpdatedAt :: 2023-08-18 20:32:47.706268
2023-08-18 20:32:52 - INFO - [registration_controller.py : 33] :: Mapping the request data to the database model:: [STARTED]
2023-08-18 20:32:52 - INFO - [registration_controller.py : 42] :: Mapping the request data to the database model:: [SUCCESS]
2023-08-18 20:32:52 - INFO - [create_app.py : 163] :: Creating session using pool of connections  :: [STARTED]
2023-08-18 20:32:52 - INFO - [create_app.py : 164] :: Creating session using Pool_info :: <sqlalchemy.pool.impl.QueuePool object at 0x1044a93a0>
2023-08-18 20:32:52 - INFO - [create_app.py : 165] :: Initialising  a session maker for database interactions
2023-08-18 20:32:52 - INFO - [create_app.py : 167] :: Initialised a session maker for database interactions sessionmaker(class_='Session', bind=Engine(mysql+pymysql://root:***@127.0.0.1:3304/REGISTRATIONS), autoflush=True, expire_on_commit=True)
2023-08-18 20:32:52 - INFO - [create_app.py : 169] :: Created session to store the data in to DataBase Session-Id  :: <sqlalchemy.orm.session.Session object at 0x104ab17c0>
2023-08-18 20:32:52 - INFO - [create_app.py : 150] :: #---------------------------------[ POOL - INFO ]----------------------------------------#
2023-08-18 20:32:52 - INFO - [create_app.py : 151] :: Displaying Pool_Info for Service ==>[registration] 
2023-08-18 20:32:52 - INFO - [create_app.py : 152] :: Current Pool Info :: <sqlalchemy.pool.impl.QueuePool object at 0x1044a93a0> - ID: 4366963616
2023-08-18 20:32:52 - INFO - [create_app.py : 153] :: Current Pool Size ::  100
2023-08-18 20:32:52 - INFO - [create_app.py : 154] :: Checked Out Connections from Pool  0
2023-08-18 20:32:52 - INFO - [create_app.py : 155] :: Checked in Connections available in Pool :: 0
2023-08-18 20:32:52 - INFO - [create_app.py : 156] :: Current Pool Overflow Info :: -100
2023-08-18 20:32:52 - INFO - [create_app.py : 157] :: #---------------------------------[ POOL - INFO ]----------------------------------------#
2023-08-18 20:32:52 - INFO - [registration_controller.py : 47] :: Data added into  DataBase session UserID='None', UserName='kamal',         FirstName='kamal', LastName='devarapalli',         Email='devarapallikamalsai@gmail.com', Password='b'$2b$12$gPiR0tInmwnuMmojEFK20uMVrp/xc1qLH3.FYYoIdFFQffRFe8DMC'',         DateOfBirth='06-4-1995', CreatedAt='2023-08-18 20:32:47.706262', UpdatedAt='2023-08-18 20:32:47.706268':: SUCCESS
2023-08-18 20:32:52 - INFO - [registration_controller.py : 49] :: Added Data is committed into  DataBase <sqlalchemy.orm.session.Session object at 0x104ab17c0>:: SUCCESS
2023-08-18 20:32:52 - INFO - [registration_controller.py : 50] :: Generating Success response  :: [STARTED]
2023-08-18 20:32:52 - INFO - [registration_controller.py : 53] :: Generating Success response  :: [STARTED] :: {'message': 'User  is created', 'user': {'userId': 12, 'username': 'kamal', 'email': 'devarapallikamalsai@gmail.com', 'dateOfBirth': '06-4-1995', 'firstName': 'kamal', 'lastName': 'devarapalli', 'CreatedAt': datetime.datetime(2023, 8, 18, 20, 32, 48), 'UpdatedAt': datetime.datetime(2023, 8, 18, 20, 32, 48)}}
2023-08-18 20:32:52 - INFO - [registration_controller.py : 32] :: Instance creation for User :: [SUCCESS] :: UserName :: kamal,FirstName :: kamal, LastName :: devarapalli, Emailaddress :: devarapallikamalsai@gmail.com , Password :: b'$2b$12$rpfqxRmruGEI11YSkBGfTuXszrHFiuV/j53nCoMiA9UjiOKa9ItJ6', CreatedAt :: 2023-08-18 20:32:47.706262, UpdatedAt :: 2023-08-18 20:32:47.706268
2023-08-18 20:32:52 - INFO - [registration_controller.py : 33] :: Mapping the request data to the database model:: [STARTED]
2023-08-18 20:32:52 - INFO - [registration_controller.py : 42] :: Mapping the request data to the database model:: [SUCCESS]
2023-08-18 20:32:52 - INFO - [create_app.py : 163] :: Creating session using pool of connections  :: [STARTED]
2023-08-18 20:32:52 - INFO - [create_app.py : 164] :: Creating session using Pool_info :: <sqlalchemy.pool.impl.QueuePool object at 0x1044a93a0>
2023-08-18 20:32:52 - INFO - [create_app.py : 165] :: Initialising  a session maker for database interactions
2023-08-18 20:32:52 - INFO - [create_app.py : 167] :: Initialised a session maker for database interactions sessionmaker(class_='Session', bind=Engine(mysql+pymysql://root:***@127.0.0.1:3304/REGISTRATIONS), autoflush=True, expire_on_commit=True)
2023-08-18 20:32:52 - INFO - [create_app.py : 169] :: Created session to store the data in to DataBase Session-Id  :: <sqlalchemy.orm.session.Session object at 0x104a692e0>
2023-08-18 20:32:52 - INFO - [create_app.py : 150] :: #---------------------------------[ POOL - INFO ]----------------------------------------#
2023-08-18 20:32:52 - INFO - [create_app.py : 151] :: Displaying Pool_Info for Service ==>[registration] 
2023-08-18 20:32:52 - INFO - [create_app.py : 152] :: Current Pool Info :: <sqlalchemy.pool.impl.QueuePool object at 0x1044a93a0> - ID: 4366963616
2023-08-18 20:32:52 - INFO - [create_app.py : 153] :: Current Pool Size ::  100
2023-08-18 20:32:52 - INFO - [create_app.py : 154] :: Checked Out Connections from Pool  0
2023-08-18 20:32:52 - INFO - [create_app.py : 155] :: Checked in Connections available in Pool :: 0
2023-08-18 20:32:52 - INFO - [create_app.py : 156] :: Current Pool Overflow Info :: -100
2023-08-18 20:32:52 - INFO - [create_app.py : 157] :: #---------------------------------[ POOL - INFO ]----------------------------------------#
2023-08-18 20:32:52 - INFO - [registration_controller.py : 47] :: Data added into  DataBase session UserID='None', UserName='kamal',         FirstName='kamal', LastName='devarapalli',         Email='devarapallikamalsai@gmail.com', Password='b'$2b$12$rpfqxRmruGEI11YSkBGfTuXszrHFiuV/j53nCoMiA9UjiOKa9ItJ6'',         DateOfBirth='06-4-1995', CreatedAt='2023-08-18 20:32:47.706262', UpdatedAt='2023-08-18 20:32:47.706268':: SUCCESS
2023-08-18 20:32:52 - INFO - [registration_controller.py : 49] :: Added Data is committed into  DataBase <sqlalchemy.orm.session.Session object at 0x104a692e0>:: SUCCESS
2023-08-18 20:32:52 - INFO - [registration_controller.py : 50] :: Generating Success response  :: [STARTED]
2023-08-18 20:32:52 - INFO - [registration_controller.py : 53] :: Generating Success response  :: [STARTED] :: {'message': 'User  is created', 'user': {'userId': 13, 'username': 'kamal', 'email': 'devarapallikamalsai@gmail.com', 'dateOfBirth': '06-4-1995', 'firstName': 'kamal', 'lastName': 'devarapalli', 'CreatedAt': datetime.datetime(2023, 8, 18, 20, 32, 48), 'UpdatedAt': datetime.datetime(2023, 8, 18, 20, 32, 48)}}
2023-08-18 20:32:54 - INFO - [registration_controller.py : 11] :: REQUEST ==> Received Endpoint :: registration_bp.add_user
2023-08-18 20:32:54 - INFO - [registration_controller.py : 13] :: Received Headers from the request :: {'Content-Type': 'application/json', 'User-Agent': 'PostmanRuntime/7.32.3', 'Accept': '*/*', 'Host': '127.0.0.1:9091', 'Accept-Encoding': 'gzip, deflate, br', 'Connection': 'keep-alive', 'Content-Length': '195'}
2023-08-18 20:32:54 - INFO - [registration_controller.py : 14] :: Validation for Request-Header is  :: [STARTED]
2023-08-18 20:32:54 - DEBUG - [req_header_validation.py : 8] :: REQUEST <==> HEADER.params ==> Param :: Content-Type :: Value :: application/json :: Type ::<class 'str'> 
2023-08-18 20:32:54 - DEBUG - [req_header_validation.py : 8] :: REQUEST <==> HEADER.params ==> Param :: User-Agent :: Value :: PostmanRuntime/7.32.3 :: Type ::<class 'str'> 
2023-08-18 20:32:54 - DEBUG - [req_header_validation.py : 8] :: REQUEST <==> HEADER.params ==> Param :: Accept :: Value :: */* :: Type ::<class 'str'> 
2023-08-18 20:32:54 - DEBUG - [req_header_validation.py : 8] :: REQUEST <==> HEADER.params ==> Param :: Host :: Value :: 127.0.0.1:9091 :: Type ::<class 'str'> 
2023-08-18 20:32:54 - DEBUG - [req_header_validation.py : 8] :: REQUEST <==> HEADER.params ==> Param :: Accept-Encoding :: Value :: gzip, deflate, br :: Type ::<class 'str'> 
2023-08-18 20:32:54 - DEBUG - [req_header_validation.py : 8] :: REQUEST <==> HEADER.params ==> Param :: Connection :: Value :: keep-alive :: Type ::<class 'str'> 
2023-08-18 20:32:54 - DEBUG - [req_header_validation.py : 8] :: REQUEST <==> HEADER.params ==> Param :: Content-Length :: Value :: 195 :: Type ::<class 'str'> 
2023-08-18 20:32:54 - INFO - [registration_controller.py : 17] :: Validation for Request-Header is  :: [SUCCESS]
2023-08-18 20:32:54 - INFO - [registration_controller.py : 20] :: Validation for Request-Body is  :: [STARTED]
2023-08-18 20:32:54 - DEBUG - [req_header_validation.py : 8] :: REQUEST <==> HEADER.params ==> Param :: username :: Value :: kamal :: Type ::<class 'str'> 
2023-08-18 20:32:54 - DEBUG - [req_header_validation.py : 8] :: REQUEST <==> HEADER.params ==> Param :: email :: Value :: devarapallikamalsai@gmail.com :: Type ::<class 'str'> 
2023-08-18 20:32:54 - DEBUG - [req_header_validation.py : 8] :: REQUEST <==> HEADER.params ==> Param :: firstName :: Value :: kamal :: Type ::<class 'str'> 
2023-08-18 20:32:54 - DEBUG - [req_header_validation.py : 8] :: REQUEST <==> HEADER.params ==> Param :: lastName :: Value :: devarapalli :: Type ::<class 'str'> 
2023-08-18 20:32:54 - DEBUG - [req_header_validation.py : 8] :: REQUEST <==> HEADER.params ==> Param :: dateOfBirth :: Value :: 06-4-1995 :: Type ::<class 'str'> 
2023-08-18 20:32:54 - DEBUG - [req_header_validation.py : 8] :: REQUEST <==> HEADER.params ==> Param :: password :: Value :: testeventstreammonitor#123 :: Type ::<class 'str'> 
2023-08-18 20:32:54 - INFO - [registration_controller.py : 22] :: Validation for Request-body is  :: [SUCCESS]
2023-08-18 20:32:54 - INFO - [registration_controller.py : 30] :: Processing the request data... :: [STARTED]
2023-08-18 20:32:54 - INFO - [registration_controller.py : 32] :: Instance creation for User :: [SUCCESS] :: UserName :: kamal,FirstName :: kamal, LastName :: devarapalli, Emailaddress :: devarapallikamalsai@gmail.com , Password :: b'$2b$12$kn0CAC07LFP1uHeLdF8KmuvkmSbaF000GcschqFhs.ddtAn3kYE3S', CreatedAt :: 2023-08-18 20:32:47.706262, UpdatedAt :: 2023-08-18 20:32:47.706268
2023-08-18 20:32:54 - INFO - [registration_controller.py : 33] :: Mapping the request data to the database model:: [STARTED]
2023-08-18 20:32:54 - INFO - [registration_controller.py : 42] :: Mapping the request data to the database model:: [SUCCESS]
2023-08-18 20:32:54 - INFO - [create_app.py : 163] :: Creating session using pool of connections  :: [STARTED]
2023-08-18 20:32:54 - INFO - [create_app.py : 164] :: Creating session using Pool_info :: <sqlalchemy.pool.impl.QueuePool object at 0x1044a93a0>
2023-08-18 20:32:54 - INFO - [create_app.py : 165] :: Initialising  a session maker for database interactions
2023-08-18 20:32:54 - INFO - [create_app.py : 167] :: Initialised a session maker for database interactions sessionmaker(class_='Session', bind=Engine(mysql+pymysql://root:***@127.0.0.1:3304/REGISTRATIONS), autoflush=True, expire_on_commit=True)
2023-08-18 20:32:54 - INFO - [create_app.py : 169] :: Created session to store the data in to DataBase Session-Id  :: <sqlalchemy.orm.session.Session object at 0x104a69160>
2023-08-18 20:32:54 - INFO - [create_app.py : 150] :: #---------------------------------[ POOL - INFO ]----------------------------------------#
2023-08-18 20:32:54 - INFO - [create_app.py : 151] :: Displaying Pool_Info for Service ==>[registration] 
2023-08-18 20:32:54 - INFO - [create_app.py : 152] :: Current Pool Info :: <sqlalchemy.pool.impl.QueuePool object at 0x1044a93a0> - ID: 4366963616
2023-08-18 20:32:54 - INFO - [create_app.py : 153] :: Current Pool Size ::  100
2023-08-18 20:32:54 - INFO - [create_app.py : 154] :: Checked Out Connections from Pool  0
2023-08-18 20:32:54 - INFO - [create_app.py : 155] :: Checked in Connections available in Pool :: 0
2023-08-18 20:32:54 - INFO - [create_app.py : 156] :: Current Pool Overflow Info :: -100
2023-08-18 20:32:54 - INFO - [create_app.py : 157] :: #---------------------------------[ POOL - INFO ]----------------------------------------#
2023-08-18 20:32:54 - INFO - [registration_controller.py : 47] :: Data added into  DataBase session UserID='None', UserName='kamal',         FirstName='kamal', LastName='devarapalli',         Email='devarapallikamalsai@gmail.com', Password='b'$2b$12$kn0CAC07LFP1uHeLdF8KmuvkmSbaF000GcschqFhs.ddtAn3kYE3S'',         DateOfBirth='06-4-1995', CreatedAt='2023-08-18 20:32:47.706262', UpdatedAt='2023-08-18 20:32:47.706268':: SUCCESS
2023-08-18 20:32:54 - INFO - [registration_controller.py : 49] :: Added Data is committed into  DataBase <sqlalchemy.orm.session.Session object at 0x104a69160>:: SUCCESS
2023-08-18 20:32:54 - INFO - [registration_controller.py : 50] :: Generating Success response  :: [STARTED]
2023-08-18 20:32:54 - INFO - [registration_controller.py : 53] :: Generating Success response  :: [STARTED] :: {'message': 'User  is created', 'user': {'userId': 14, 'username': 'kamal', 'email': 'devarapallikamalsai@gmail.com', 'dateOfBirth': '06-4-1995', 'firstName': 'kamal', 'lastName': 'devarapalli', 'CreatedAt': datetime.datetime(2023, 8, 18, 20, 32, 48), 'UpdatedAt': datetime.datetime(2023, 8, 18, 20, 32, 48)}}
