2023-08-24 16:37:53 - INFO - [base_logger.py : create_logger_for_service - 34] :: Initialized logger for the service [registration] :: [SUCCESS]
2023-08-24 16:37:53 - INFO - [create_app.py : create_app_instance - 60] :: Received Service [registration]
2023-08-24 16:37:53 - INFO - [create_app.py : create_app_instance - 62] :: Flask of Application Instance created for service [registration] ,  App Name :: [<Flask 'registration'>] ==> SUCCESS
2023-08-24 16:37:53 - INFO - [create_app.py : read_json_schema - 283] :: Received Schema File Path : /Users/kamalsaidevarapalli/Desktop/Workshop/AirlinerAdminstration/src/registration_service/schemas/headers/reg_headers_schema.json
2023-08-24 16:37:53 - INFO - [create_app.py : read_json_schema - 293] :: Schema Validation True
2023-08-24 16:37:53 - INFO - [create_app.py : read_json_schema - 283] :: Received Schema File Path : /Users/kamalsaidevarapalli/Desktop/Workshop/AirlinerAdminstration/src/registration_service/schemas/requests/register_user/req_schema.json
2023-08-24 16:37:53 - INFO - [create_app.py : read_json_schema - 293] :: Schema Validation True
2023-08-24 16:37:53 - INFO - [create_app.py : create_blueprint - 79] :: Created Blueprint :: <Blueprint 'registration_bp'> for the Application service ::registration
2023-08-24 16:37:53 - INFO - [create_app.py : display_registered_blueprints_for_service - 111] :: Added Blueprints :: /static/<path:filename>
2023-08-24 16:37:53 - INFO - [create_app.py : create_db_engine - 131] :: Creating DB-Engine using DatabaseURI for Service :: [registration]
2023-08-24 16:37:53 - INFO - [create_app.py : get_database_uri - 120] :: Preparing DatabaseURI for Service :: [registration]
2023-08-24 16:37:53 - INFO - [create_app.py : get_database_uri - 122] :: Prepared DatabaseURI for Service :: [registration] - postgresql://airlineradmin:Ishi%2306041995@127.0.0.1:3304/REGISTRATIONS
2023-08-24 16:37:53 - INFO - [create_app.py : create_db_engine - 134] :: Created DB-Engine using DatabaseURI for Service :: [Engine(postgresql://airlineradmin:***@127.0.0.1:3304/REGISTRATIONS)]
2023-08-24 16:37:53 - INFO - [create_app.py : check_database_connectivity - 233] :: Current Connection status set to :: False for the service :: registration
2023-08-24 16:37:53 - INFO - [create_app.py : check_database_connectivity - 234] :: Trying to establish the connection to the database :: [IN-PROGRESS]
2023-08-24 16:37:53 - INFO - [create_app.py : check_database_connectivity - 238] :: Established the connection to the database :: [SUCCESS]
2023-08-24 16:37:53 - INFO - [create_app.py : check_database_connectivity - 240] :: Current Connection status set to :: True for the service :: registration
2023-08-24 16:37:53 - INFO - [create_app.py : check_database_connectivity - 242] :: Closing the Current Connection as the connection was established for the service :: registration
2023-08-24 16:37:53 - INFO - [create_app.py : init_databases_for_service - 275] :: Database already exists :: REGISTRATIONS
2023-08-24 16:37:53 - INFO - [create_app.py : create_tables_associated_to_db_model - 251] :: Trying to create the tables if not present in the database...
2023-08-24 16:37:53 - INFO - [create_app.py : create_tables_associated_to_db_model - 253] :: Going to create the tables ...
2023-08-24 16:37:53 - INFO - [create_app.py : create_tables_associated_to_db_model - 256] :: Created the tables ...
2023-08-24 16:37:53 - INFO - [create_app.py : bind_db_app - 153] :: Binding SQLALCHEMY using DatabaseURI:: [postgresql://airlineradmin:Ishi%2306041995@127.0.0.1:3304/REGISTRATIONS] to Application Instance for Service :: [registration]
2023-08-24 16:37:53 - INFO - [create_app.py : bind_db_app - 155] :: Binded SQLALCHEMY :: [<SQLAlchemy>] to Application Instance for Service :: [registration]
2023-08-24 16:37:53 - INFO - [create_app.py : create_pool_of_connections - 162] :: Creating Pool of connections for Service ==>[registration] :: [STARTED]
2023-08-24 16:37:53 - INFO - [create_app.py : create_pool_of_connections - 164] :: Created Pool of connections for Service ==>[registration] :: [SUCCESS]
2023-08-24 16:37:53 - INFO - [create_app.py : create_pool_of_connections - 165] :: Creating session using pool of connections  :: [STARTED]
2023-08-24 16:37:53 - INFO - [create_app.py : create_pool_of_connections - 166] :: Creating  a session maker for database interactions
2023-08-24 16:37:53 - INFO - [create_app.py : create_pool_of_connections - 168] :: Created session using Pool_info :: <sqlalchemy.pool.impl.QueuePool object at 0x1044e79a0>
2023-08-24 16:37:53 - INFO - [create_app.py : create_pool_of_connections - 169] :: Initialised a session maker for database interactions sessionmaker(class_='Session', bind=Engine(postgresql://airlineradmin:***@127.0.0.1:3304/REGISTRATIONS), autoflush=True, expire_on_commit=True)
2023-08-24 16:37:53 - INFO - [create_app.py : display_pool_info - 210] :: #---------------------------------[ POOL - INFO ]----------------------------------------#
2023-08-24 16:37:53 - INFO - [create_app.py : display_pool_info - 211] :: Displaying Pool_Info for Service ==>[registration] 
2023-08-24 16:37:53 - INFO - [create_app.py : display_pool_info - 212] :: Current Pool Info :: <sqlalchemy.pool.impl.QueuePool object at 0x1044e79a0> - ID: 4367219104
2023-08-24 16:37:53 - INFO - [create_app.py : display_pool_info - 213] :: Current Pool Size ::  100
2023-08-24 16:37:53 - INFO - [create_app.py : display_pool_info - 214] :: Checked Out Connections from Pool  0
2023-08-24 16:37:53 - INFO - [create_app.py : display_pool_info - 215] :: Checked in Connections available in Pool :: 0
2023-08-24 16:37:53 - INFO - [create_app.py : display_pool_info - 216] :: Current Pool Overflow Info :: -100
2023-08-24 16:37:53 - INFO - [create_app.py : display_pool_info - 217] :: #---------------------------------[ POOL - INFO ]----------------------------------------#
2023-08-24 16:37:53 - INFO - [create_app.py : register_blueprint - 86] :: Registering blueprints to the service :: <Flask 'registration'>
2023-08-24 16:37:53 - INFO - [create_app.py : display_registered_blueprints_for_service - 111] :: Added Blueprints :: /static/<path:filename>
2023-08-24 16:37:53 - INFO - [create_app.py : display_registered_blueprints_for_service - 111] :: Added Blueprints :: /api/v1/airliner/registerUser
2023-08-24 16:37:53 - INFO - [create_app.py : register_err_handler - 94] :: Registering Error Handler 500-<function internal_server_error at 0x104516820> to the service :: <Flask 'registration'>
2023-08-24 16:37:53 - INFO - [create_app.py : register_err_handler - 94] :: Registering Error Handler 400-<function bad_request at 0x1045161f0> to the service :: <Flask 'registration'>
2023-08-24 16:37:53 - INFO - [create_app.py : register_err_handler - 94] :: Registering Error Handler 404-<function not_found at 0x1045168b0> to the service :: <Flask 'registration'>
2023-08-24 16:37:53 - INFO - [create_app.py : display_registered_err_handlers - 103] :: Error Code: None, Handler Function: {}
2023-08-24 16:37:53 - INFO - [__init__.py : <module> - 61] :: Created GRPC server with the workers of max :: 10
2023-08-24 16:37:53 - INFO - [__init__.py : <module> - 64] :: Registered GRPC server to the server :: UserValidationForTokenGenerationService
2023-08-24 16:37:53 - INFO - [__init__.py : <module> - 67] :: Starting GRPC server for the Token-User service with the IP & PORT:: localhost:8081
2023-08-24 16:37:53 - INFO - [registration_app.py : <module> - 5] :: Started the grpc server ...
2023-08-24 16:37:53 - INFO - [registration_app.py : <module> - 6] :: Started the REGISTRATION server ...
2023-08-24 16:37:53 - INFO - [registration_app.py : <module> - 7] :: Application is ready to server traffic.
