2023-08-23 08:17:34 - INFO - [base_logger.py : 34] :: Initialized logger for the service [registration] :: [SUCCESS]
2023-08-23 08:17:34 - INFO - [create_app.py : 42] :: Received Service [registration]
2023-08-23 08:17:34 - INFO - [create_app.py : 44] :: Flask of Application Instance created for service [registration] ,  App Name :: [<Flask 'registration'>] ==> SUCCESS
2023-08-23 08:17:34 - INFO - [create_app.py : 53] :: Created Blueprint :: <Blueprint 'registration_bp'> for the Application service ::registration
2023-08-23 08:17:34 - INFO - [create_app.py : 70] :: Added Blueprints :: /static/<path:filename>
2023-08-23 08:17:34 - INFO - [create_app.py : 80] :: Creating DB-Engine using DatabaseURI for Service :: [registration]
2023-08-23 08:17:34 - INFO - [create_app.py : 74] :: Preparing DatabaseURI for Service :: [registration]
2023-08-23 08:17:34 - INFO - [create_app.py : 76] :: Prepared DatabaseURI for Service :: [registration] - mysql+pymysql://root:testeventstreammonitor#123@127.0.0.1:3304/REGISTRATIONS
2023-08-23 08:17:34 - INFO - [create_app.py : 82] :: Created DB-Engine using DatabaseURIfor Service :: [Engine(mysql+pymysql://root:***@127.0.0.1:3304/REGISTRATIONS)]
2023-08-23 08:17:34 - INFO - [create_app.py : 111] :: Current Connection status set to :: False for the service :: registration
2023-08-23 08:17:34 - INFO - [create_app.py : 112] :: Trying to establish the connection to the database :: [IN-PROGRESS]
2023-08-23 08:17:35 - INFO - [create_app.py : 116] :: Established the connection to the database :: [SUCCESS]
2023-08-23 08:17:35 - INFO - [create_app.py : 118] :: Current Connection status set to :: True for the service :: registration
2023-08-23 08:17:35 - INFO - [create_app.py : 120] :: Closing the Current Connection as the connection was established for the service :: registration
2023-08-23 08:17:35 - INFO - [create_app.py : 153] :: Database already exists :: REGISTRATIONS
2023-08-23 08:17:35 - INFO - [create_app.py : 129] :: Trying to create the tables if not present in the database...
2023-08-23 08:17:35 - INFO - [create_app.py : 131] :: Going to create the tables ...
2023-08-23 08:17:35 - INFO - [create_app.py : 134] :: Created the tables ...
2023-08-23 08:17:35 - INFO - [create_app.py : 87] :: Binding SQLALCHEMY using DatabaseURI:: [mysql+pymysql://root:testeventstreammonitor#123@127.0.0.1:3304/REGISTRATIONS] to Application Instance for Service :: [registration]
2023-08-23 08:17:35 - INFO - [create_app.py : 89] :: Binded SQLALCHEMY :: [<SQLAlchemy>] to Application Instance for Service :: [registration]
2023-08-23 08:17:35 - INFO - [create_app.py : 93] :: Initialized Pool for Service ==>[registration] :: [SUCCESS]
2023-08-23 08:17:35 - INFO - [create_app.py : 162] :: #---------------------------------[ POOL - INFO ]----------------------------------------#
2023-08-23 08:17:35 - INFO - [create_app.py : 163] :: Displaying Pool_Info for Service ==>[registration] 
2023-08-23 08:17:35 - INFO - [create_app.py : 164] :: Current Pool Info :: <sqlalchemy.pool.impl.QueuePool object at 0x105be8d60> - ID: 4391341408
2023-08-23 08:17:35 - INFO - [create_app.py : 165] :: Current Pool Size ::  100
2023-08-23 08:17:35 - INFO - [create_app.py : 166] :: Checked Out Connections from Pool  0
2023-08-23 08:17:35 - INFO - [create_app.py : 167] :: Checked in Connections available in Pool :: 0
2023-08-23 08:17:35 - INFO - [create_app.py : 168] :: Current Pool Overflow Info :: -100
2023-08-23 08:17:35 - INFO - [create_app.py : 169] :: #---------------------------------[ POOL - INFO ]----------------------------------------#
2023-08-23 08:17:35 - INFO - [create_app.py : 57] :: Registering blueprints to the service :: <Flask 'registration'>
2023-08-23 08:17:35 - INFO - [create_app.py : 70] :: Added Blueprints :: /static/<path:filename>
2023-08-23 08:17:35 - INFO - [create_app.py : 70] :: Added Blueprints :: /api/v1/airliner/registerUser
2023-08-23 08:17:35 - INFO - [create_app.py : 61] :: Registering Error Handler 500-<function internal_server_error at 0x105f84d30> to the service :: <Flask 'registration'>
2023-08-23 08:17:35 - INFO - [create_app.py : 61] :: Registering Error Handler 400-<function bad_request at 0x105f84b80> to the service :: <Flask 'registration'>
2023-08-23 08:17:35 - INFO - [create_app.py : 61] :: Registering Error Handler 404-<function not_found at 0x105f921f0> to the service :: <Flask 'registration'>
2023-08-23 08:17:35 - INFO - [create_app.py : 66] :: Error Code: None, Handler Function: {}
2023-08-23 08:17:35 - INFO - [__init__.py : 60] :: Created GRPC server with the workers of max :: 10
2023-08-23 08:17:35 - INFO - [__init__.py : 63] :: Registered GRPC server to the server :: UserValidationForTokenGenerationService
2023-08-23 08:17:35 - INFO - [__init__.py : 66] :: Starting GRPC server for the Token-User service with the IP & PORT:: localhost:8081
2023-08-23 08:17:35 - INFO - [registration_app.py : 5] :: Started the grpc server ...
2023-08-23 08:17:35 - INFO - [registration_app.py : 6] :: Started the REGISTRATION server ...
2023-08-23 08:17:35 - INFO - [registration_app.py : 7] :: Application is ready to server traffic.
2023-08-23 08:47:12 - INFO - [registration_controller.py : 10] :: REQUEST ==> Received Endpoint :: registration_bp.add_user
2023-08-23 08:47:12 - INFO - [registration_controller.py : 12] :: Received Headers from the request :: {'Content-Type': 'application/json', 'User-Agent': 'PostmanRuntime/7.32.3', 'Accept': '*/*', 'Host': '127.0.0.1:9091', 'Accept-Encoding': 'gzip, deflate, br', 'Connection': 'keep-alive', 'Content-Length': '175'}
2023-08-23 08:47:12 - INFO - [registration_controller.py : 13] :: Validation for Request-Header is  :: [STARTED]
2023-08-23 08:47:12 - DEBUG - [req_header_validation.py : 8] :: REQUEST <==> params ==> Param :: Content-Type :: Value :: application/json :: Type ::<class 'str'> 
2023-08-23 08:47:12 - DEBUG - [req_header_validation.py : 8] :: REQUEST <==> params ==> Param :: User-Agent :: Value :: PostmanRuntime/7.32.3 :: Type ::<class 'str'> 
2023-08-23 08:47:12 - DEBUG - [req_header_validation.py : 8] :: REQUEST <==> params ==> Param :: Accept :: Value :: */* :: Type ::<class 'str'> 
2023-08-23 08:47:12 - DEBUG - [req_header_validation.py : 8] :: REQUEST <==> params ==> Param :: Host :: Value :: 127.0.0.1:9091 :: Type ::<class 'str'> 
2023-08-23 08:47:12 - DEBUG - [req_header_validation.py : 8] :: REQUEST <==> params ==> Param :: Accept-Encoding :: Value :: gzip, deflate, br :: Type ::<class 'str'> 
2023-08-23 08:47:12 - DEBUG - [req_header_validation.py : 8] :: REQUEST <==> params ==> Param :: Connection :: Value :: keep-alive :: Type ::<class 'str'> 
2023-08-23 08:47:12 - DEBUG - [req_header_validation.py : 8] :: REQUEST <==> params ==> Param :: Content-Length :: Value :: 175 :: Type ::<class 'str'> 
2023-08-23 08:47:12 - INFO - [registration_controller.py : 16] :: Validation for Request-Header is  :: [SUCCESS]
2023-08-23 08:47:12 - INFO - [registration_controller.py : 19] :: Validation for Request-Body is  :: [STARTED]
2023-08-23 08:47:12 - DEBUG - [req_header_validation.py : 8] :: REQUEST <==> params ==> Param :: email :: Value :: devarapallikamalsai@gmail.com :: Type ::<class 'str'> 
2023-08-23 08:47:12 - DEBUG - [req_header_validation.py : 8] :: REQUEST <==> params ==> Param :: firstName :: Value :: kamal :: Type ::<class 'str'> 
2023-08-23 08:47:12 - DEBUG - [req_header_validation.py : 8] :: REQUEST <==> params ==> Param :: lastName :: Value :: devarapalli :: Type ::<class 'str'> 
2023-08-23 08:47:12 - DEBUG - [req_header_validation.py : 8] :: REQUEST <==> params ==> Param :: dateOfBirth :: Value :: 06-4-1995 :: Type ::<class 'str'> 
2023-08-23 08:47:12 - DEBUG - [req_header_validation.py : 8] :: REQUEST <==> params ==> Param :: password :: Value :: testeventstreammonitor#123 :: Type ::<class 'str'> 
2023-08-23 08:47:12 - INFO - [req_header_validation.py : 12] :: Checking the data and do validations...
2023-08-23 08:47:12 - INFO - [req_header_validation.py : 15] :: Required_Properties_As_Per_Schema :: ['username', 'email', 'password']
2023-08-23 08:47:12 - INFO - [req_header_validation.py : 18] :: Missing params found :: ['username']
2023-08-23 08:47:12 - INFO - [req_header_validation.py : 20] :: Packing message for missing property which are found :: ['username']
2023-08-23 08:47:12 - ERROR - [registration_controller.py : 74] :: Validation for Request-Data is  :: [FAILED]
2023-08-23 08:47:12 - INFO - [registration_controller.py : 76] :: Sending Error response back to client :: {'details': {'params': ['username']}, 'message': 'Request data of params missing'}
2023-08-23 08:47:13 - INFO - [registration_controller.py : 10] :: REQUEST ==> Received Endpoint :: registration_bp.add_user
2023-08-23 08:47:13 - INFO - [registration_controller.py : 12] :: Received Headers from the request :: {'Content-Type': 'application/json', 'User-Agent': 'PostmanRuntime/7.32.3', 'Accept': '*/*', 'Host': '127.0.0.1:9091', 'Accept-Encoding': 'gzip, deflate, br', 'Connection': 'keep-alive', 'Content-Length': '175'}
2023-08-23 08:47:13 - INFO - [registration_controller.py : 13] :: Validation for Request-Header is  :: [STARTED]
2023-08-23 08:47:13 - DEBUG - [req_header_validation.py : 8] :: REQUEST <==> params ==> Param :: Content-Type :: Value :: application/json :: Type ::<class 'str'> 
2023-08-23 08:47:13 - DEBUG - [req_header_validation.py : 8] :: REQUEST <==> params ==> Param :: User-Agent :: Value :: PostmanRuntime/7.32.3 :: Type ::<class 'str'> 
2023-08-23 08:47:13 - DEBUG - [req_header_validation.py : 8] :: REQUEST <==> params ==> Param :: Accept :: Value :: */* :: Type ::<class 'str'> 
2023-08-23 08:47:13 - DEBUG - [req_header_validation.py : 8] :: REQUEST <==> params ==> Param :: Host :: Value :: 127.0.0.1:9091 :: Type ::<class 'str'> 
2023-08-23 08:47:13 - DEBUG - [req_header_validation.py : 8] :: REQUEST <==> params ==> Param :: Accept-Encoding :: Value :: gzip, deflate, br :: Type ::<class 'str'> 
2023-08-23 08:47:13 - DEBUG - [req_header_validation.py : 8] :: REQUEST <==> params ==> Param :: Connection :: Value :: keep-alive :: Type ::<class 'str'> 
2023-08-23 08:47:13 - DEBUG - [req_header_validation.py : 8] :: REQUEST <==> params ==> Param :: Content-Length :: Value :: 175 :: Type ::<class 'str'> 
2023-08-23 08:47:13 - INFO - [registration_controller.py : 16] :: Validation for Request-Header is  :: [SUCCESS]
2023-08-23 08:47:13 - INFO - [registration_controller.py : 19] :: Validation for Request-Body is  :: [STARTED]
2023-08-23 08:47:13 - DEBUG - [req_header_validation.py : 8] :: REQUEST <==> params ==> Param :: email :: Value :: devarapallikamalsai@gmail.com :: Type ::<class 'str'> 
2023-08-23 08:47:13 - DEBUG - [req_header_validation.py : 8] :: REQUEST <==> params ==> Param :: firstName :: Value :: kamal :: Type ::<class 'str'> 
2023-08-23 08:47:13 - DEBUG - [req_header_validation.py : 8] :: REQUEST <==> params ==> Param :: lastName :: Value :: devarapalli :: Type ::<class 'str'> 
2023-08-23 08:47:13 - DEBUG - [req_header_validation.py : 8] :: REQUEST <==> params ==> Param :: dateOfBirth :: Value :: 06-4-1995 :: Type ::<class 'str'> 
2023-08-23 08:47:13 - DEBUG - [req_header_validation.py : 8] :: REQUEST <==> params ==> Param :: password :: Value :: testeventstreammonitor#123 :: Type ::<class 'str'> 
2023-08-23 08:47:13 - INFO - [req_header_validation.py : 12] :: Checking the data and do validations...
2023-08-23 08:47:13 - INFO - [req_header_validation.py : 15] :: Required_Properties_As_Per_Schema :: ['username', 'email', 'password']
2023-08-23 08:47:13 - INFO - [req_header_validation.py : 18] :: Missing params found :: ['username']
2023-08-23 08:47:13 - INFO - [req_header_validation.py : 20] :: Packing message for missing property which are found :: ['username']
2023-08-23 08:47:13 - ERROR - [registration_controller.py : 74] :: Validation for Request-Data is  :: [FAILED]
2023-08-23 08:47:13 - INFO - [registration_controller.py : 76] :: Sending Error response back to client :: {'details': {'params': ['username']}, 'message': 'Request data of params missing'}
2023-08-23 08:47:19 - INFO - [registration_controller.py : 10] :: REQUEST ==> Received Endpoint :: registration_bp.add_user
2023-08-23 08:47:19 - INFO - [registration_controller.py : 12] :: Received Headers from the request :: {'Content-Type': 'application/json', 'User-Agent': 'PostmanRuntime/7.32.3', 'Accept': '*/*', 'Host': '127.0.0.1:9091', 'Accept-Encoding': 'gzip, deflate, br', 'Connection': 'keep-alive', 'Content-Length': '195'}
2023-08-23 08:47:19 - INFO - [registration_controller.py : 13] :: Validation for Request-Header is  :: [STARTED]
2023-08-23 08:47:19 - DEBUG - [req_header_validation.py : 8] :: REQUEST <==> params ==> Param :: Content-Type :: Value :: application/json :: Type ::<class 'str'> 
2023-08-23 08:47:19 - DEBUG - [req_header_validation.py : 8] :: REQUEST <==> params ==> Param :: User-Agent :: Value :: PostmanRuntime/7.32.3 :: Type ::<class 'str'> 
2023-08-23 08:47:19 - DEBUG - [req_header_validation.py : 8] :: REQUEST <==> params ==> Param :: Accept :: Value :: */* :: Type ::<class 'str'> 
2023-08-23 08:47:19 - DEBUG - [req_header_validation.py : 8] :: REQUEST <==> params ==> Param :: Host :: Value :: 127.0.0.1:9091 :: Type ::<class 'str'> 
2023-08-23 08:47:19 - DEBUG - [req_header_validation.py : 8] :: REQUEST <==> params ==> Param :: Accept-Encoding :: Value :: gzip, deflate, br :: Type ::<class 'str'> 
2023-08-23 08:47:19 - DEBUG - [req_header_validation.py : 8] :: REQUEST <==> params ==> Param :: Connection :: Value :: keep-alive :: Type ::<class 'str'> 
2023-08-23 08:47:19 - DEBUG - [req_header_validation.py : 8] :: REQUEST <==> params ==> Param :: Content-Length :: Value :: 195 :: Type ::<class 'str'> 
2023-08-23 08:47:19 - INFO - [registration_controller.py : 16] :: Validation for Request-Header is  :: [SUCCESS]
2023-08-23 08:47:19 - INFO - [registration_controller.py : 19] :: Validation for Request-Body is  :: [STARTED]
2023-08-23 08:47:19 - DEBUG - [req_header_validation.py : 8] :: REQUEST <==> params ==> Param :: username :: Value :: kamal :: Type ::<class 'str'> 
2023-08-23 08:47:19 - DEBUG - [req_header_validation.py : 8] :: REQUEST <==> params ==> Param :: email :: Value :: devarapallikamalsai@gmail.com :: Type ::<class 'str'> 
2023-08-23 08:47:19 - DEBUG - [req_header_validation.py : 8] :: REQUEST <==> params ==> Param :: firstName :: Value :: kamal :: Type ::<class 'str'> 
2023-08-23 08:47:19 - DEBUG - [req_header_validation.py : 8] :: REQUEST <==> params ==> Param :: lastName :: Value :: devarapalli :: Type ::<class 'str'> 
2023-08-23 08:47:19 - DEBUG - [req_header_validation.py : 8] :: REQUEST <==> params ==> Param :: dateOfBirth :: Value :: 06-4-1995 :: Type ::<class 'str'> 
2023-08-23 08:47:19 - DEBUG - [req_header_validation.py : 8] :: REQUEST <==> params ==> Param :: password :: Value :: testeventstreammonitor#123 :: Type ::<class 'str'> 
2023-08-23 08:47:19 - INFO - [registration_controller.py : 22] :: Validation for Request-body is  :: [SUCCESS]
2023-08-23 08:47:19 - INFO - [registration_controller.py : 30] :: Processing the request data... :: [STARTED]
2023-08-23 08:47:19 - INFO - [registration_controller.py : 32] :: Instance creation for User :: [SUCCESS] :: UserName :: kamal,FirstName :: kamal, LastName :: devarapalli, Emailaddress :: devarapallikamalsai@gmail.com , Password :: b'$2b$12$a4jASfni2WhjT.h8iYXzme6T.uCGrCRKhQEkVm0DvM46jwGVSLNze', CreatedAt :: 2023-08-23 08:17:35.207161, UpdatedAt :: 2023-08-23 08:17:35.207187
2023-08-23 08:47:19 - INFO - [registration_controller.py : 33] :: Mapping the request data to the database model:: [STARTED]
2023-08-23 08:47:19 - INFO - [registration_controller.py : 42] :: Mapping the request data to the database model:: [SUCCESS]
2023-08-23 08:47:19 - INFO - [create_app.py : 175] :: Creating session using pool of connections  :: [STARTED]
2023-08-23 08:47:19 - INFO - [create_app.py : 176] :: Creating session using Pool_info :: <sqlalchemy.pool.impl.QueuePool object at 0x105be8d60>
2023-08-23 08:47:19 - INFO - [create_app.py : 177] :: Initialising  a session maker for database interactions
2023-08-23 08:47:19 - INFO - [create_app.py : 179] :: Initialised a session maker for database interactions sessionmaker(class_='Session', bind=Engine(mysql+pymysql://root:***@127.0.0.1:3304/REGISTRATIONS), autoflush=True, expire_on_commit=True)
2023-08-23 08:47:19 - INFO - [create_app.py : 181] :: Created session to store the data in to DataBase Session-Id  :: <sqlalchemy.orm.session.Session object at 0x106109d30>
2023-08-23 08:47:19 - INFO - [create_app.py : 162] :: #---------------------------------[ POOL - INFO ]----------------------------------------#
2023-08-23 08:47:19 - INFO - [create_app.py : 163] :: Displaying Pool_Info for Service ==>[registration] 
2023-08-23 08:47:19 - INFO - [create_app.py : 164] :: Current Pool Info :: <sqlalchemy.pool.impl.QueuePool object at 0x105be8d60> - ID: 4391341408
2023-08-23 08:47:19 - INFO - [create_app.py : 165] :: Current Pool Size ::  100
2023-08-23 08:47:19 - INFO - [create_app.py : 166] :: Checked Out Connections from Pool  0
2023-08-23 08:47:19 - INFO - [create_app.py : 167] :: Checked in Connections available in Pool :: 0
2023-08-23 08:47:19 - INFO - [create_app.py : 168] :: Current Pool Overflow Info :: -100
2023-08-23 08:47:19 - INFO - [create_app.py : 169] :: #---------------------------------[ POOL - INFO ]----------------------------------------#
2023-08-23 08:47:19 - INFO - [registration_controller.py : 47] :: Data added into  DataBase session UserID='None', UserName='kamal',         FirstName='kamal', LastName='devarapalli',         Email='devarapallikamalsai@gmail.com', Password='b'$2b$12$a4jASfni2WhjT.h8iYXzme6T.uCGrCRKhQEkVm0DvM46jwGVSLNze'',         DateOfBirth='06-4-1995', CreatedAt='2023-08-23 08:17:35.207161', UpdatedAt='2023-08-23 08:17:35.207187':: SUCCESS
2023-08-23 08:47:19 - INFO - [registration_controller.py : 49] :: Added Data is committed into  DataBase <sqlalchemy.orm.session.Session object at 0x106109d30>:: SUCCESS
2023-08-23 08:47:19 - INFO - [registration_controller.py : 50] :: Generating Success response  :: [STARTED]
2023-08-23 08:47:19 - INFO - [registration_controller.py : 53] :: Generating Success response  :: [STARTED] :: {'message': 'User  is created', 'user': {'userId': 16, 'username': 'kamal', 'email': 'devarapallikamalsai@gmail.com', 'dateOfBirth': '06-4-1995', 'firstName': 'kamal', 'lastName': 'devarapalli', 'CreatedAt': datetime.datetime(2023, 8, 23, 8, 17, 35), 'UpdatedAt': datetime.datetime(2023, 8, 23, 8, 17, 35)}}
2023-08-23 08:47:43 - INFO - [registration_controller.py : 10] :: REQUEST ==> Received Endpoint :: registration_bp.add_user
2023-08-23 08:47:43 - INFO - [registration_controller.py : 12] :: Received Headers from the request :: {'User-Agent': 'PostmanRuntime/7.32.3', 'Accept': '*/*', 'Host': '127.0.0.1:9091', 'Accept-Encoding': 'gzip, deflate, br', 'Connection': 'keep-alive', 'Content-Length': '195'}
2023-08-23 08:47:43 - INFO - [registration_controller.py : 13] :: Validation for Request-Header is  :: [STARTED]
2023-08-23 08:47:43 - DEBUG - [req_header_validation.py : 8] :: REQUEST <==> params ==> Param :: User-Agent :: Value :: PostmanRuntime/7.32.3 :: Type ::<class 'str'> 
2023-08-23 08:47:43 - DEBUG - [req_header_validation.py : 8] :: REQUEST <==> params ==> Param :: Accept :: Value :: */* :: Type ::<class 'str'> 
2023-08-23 08:47:43 - DEBUG - [req_header_validation.py : 8] :: REQUEST <==> params ==> Param :: Host :: Value :: 127.0.0.1:9091 :: Type ::<class 'str'> 
2023-08-23 08:47:43 - DEBUG - [req_header_validation.py : 8] :: REQUEST <==> params ==> Param :: Accept-Encoding :: Value :: gzip, deflate, br :: Type ::<class 'str'> 
2023-08-23 08:47:43 - DEBUG - [req_header_validation.py : 8] :: REQUEST <==> params ==> Param :: Connection :: Value :: keep-alive :: Type ::<class 'str'> 
2023-08-23 08:47:43 - DEBUG - [req_header_validation.py : 8] :: REQUEST <==> params ==> Param :: Content-Length :: Value :: 195 :: Type ::<class 'str'> 
2023-08-23 08:47:43 - INFO - [registration_controller.py : 16] :: Validation for Request-Header is  :: [SUCCESS]
2023-08-23 08:47:49 - INFO - [registration_controller.py : 10] :: REQUEST ==> Received Endpoint :: registration_bp.add_user
2023-08-23 08:47:49 - INFO - [registration_controller.py : 12] :: Received Headers from the request :: {'Content-Type': 'application/json', 'User-Agent': 'PostmanRuntime/7.32.3', 'Accept': '*/*', 'Host': '127.0.0.1:9091', 'Accept-Encoding': 'gzip, deflate, br', 'Connection': 'keep-alive'}
2023-08-23 08:47:49 - INFO - [registration_controller.py : 13] :: Validation for Request-Header is  :: [STARTED]
2023-08-23 08:47:49 - DEBUG - [req_header_validation.py : 8] :: REQUEST <==> params ==> Param :: Content-Type :: Value :: application/json :: Type ::<class 'str'> 
2023-08-23 08:47:49 - DEBUG - [req_header_validation.py : 8] :: REQUEST <==> params ==> Param :: User-Agent :: Value :: PostmanRuntime/7.32.3 :: Type ::<class 'str'> 
2023-08-23 08:47:49 - DEBUG - [req_header_validation.py : 8] :: REQUEST <==> params ==> Param :: Accept :: Value :: */* :: Type ::<class 'str'> 
2023-08-23 08:47:49 - DEBUG - [req_header_validation.py : 8] :: REQUEST <==> params ==> Param :: Host :: Value :: 127.0.0.1:9091 :: Type ::<class 'str'> 
2023-08-23 08:47:49 - DEBUG - [req_header_validation.py : 8] :: REQUEST <==> params ==> Param :: Accept-Encoding :: Value :: gzip, deflate, br :: Type ::<class 'str'> 
2023-08-23 08:47:49 - DEBUG - [req_header_validation.py : 8] :: REQUEST <==> params ==> Param :: Connection :: Value :: keep-alive :: Type ::<class 'str'> 
2023-08-23 08:47:49 - INFO - [registration_controller.py : 16] :: Validation for Request-Header is  :: [SUCCESS]
