2023-08-28 23:14:33 - INFO - [base_logger.py : create_logger_for_service - 30] :: Initialized logger for the service [registration] :: [SUCCESS]
2023-08-28 23:14:33 - INFO - [create_app.py : create_app_instance - 60] :: Received Service [registration]
2023-08-28 23:14:33 - INFO - [create_app.py : create_app_instance - 62] :: Flask of Application Instance created for service [registration] ,  App Name :: [<Flask 'registration'>] ==> SUCCESS
2023-08-28 23:14:33 - INFO - [create_app.py : read_json_schema - 282] :: Received Schema File Path : /Users/kamalsaidevarapalli/Desktop/Workshop/AirlinerAdminstration/src/registration_service/schemas/headers/reg_headers_schema.json
2023-08-28 23:14:33 - INFO - [create_app.py : read_json_schema - 292] :: Schema Validation True
2023-08-28 23:14:33 - INFO - [create_app.py : read_json_schema - 282] :: Received Schema File Path : /Users/kamalsaidevarapalli/Desktop/Workshop/AirlinerAdminstration/src/registration_service/schemas/requests/register_user/req_schema.json
2023-08-28 23:14:33 - INFO - [create_app.py : read_json_schema - 292] :: Schema Validation True
2023-08-28 23:14:33 - INFO - [create_app.py : create_blueprint - 78] :: Created Blueprint :: <Blueprint 'registration_bp'> for the Application service ::registration
2023-08-28 23:14:33 - INFO - [create_app.py : display_registered_blueprints_for_service - 110] :: Added Blueprints :: /static/<path:filename>
2023-08-28 23:14:33 - INFO - [create_app.py : create_db_engine - 130] :: Creating DB-Engine using DatabaseURI for Service :: [registration]
2023-08-28 23:14:33 - INFO - [create_app.py : get_database_uri - 119] :: Preparing DatabaseURI for Service :: [registration]
2023-08-28 23:14:33 - INFO - [create_app.py : get_database_uri - 121] :: Prepared DatabaseURI for Service :: [registration] - postgresql://airlineradmin:Ishi%2306041995@0.0.0.0:3304/REGISTRATIONS
2023-08-28 23:14:33 - INFO - [create_app.py : create_db_engine - 133] :: Created DB-Engine using DatabaseURI for Service :: [Engine(postgresql://airlineradmin:***@0.0.0.0:3304/REGISTRATIONS)]
2023-08-28 23:14:33 - INFO - [create_app.py : check_database_connectivity - 232] :: Current Connection status set to :: False for the service :: registration
2023-08-28 23:14:33 - INFO - [create_app.py : check_database_connectivity - 233] :: Trying to establish the connection to the database :: [IN-PROGRESS]
2023-08-28 23:14:33 - INFO - [create_app.py : check_database_connectivity - 237] :: Established the connection to the database :: [SUCCESS]
2023-08-28 23:14:33 - INFO - [create_app.py : check_database_connectivity - 239] :: Current Connection status set to :: True for the service :: registration
2023-08-28 23:14:33 - INFO - [create_app.py : check_database_connectivity - 241] :: Closing the Current Connection as the connection was established for the service :: registration
2023-08-28 23:14:33 - INFO - [create_app.py : init_databases_for_service - 274] :: Database already exists :: REGISTRATIONS
2023-08-28 23:14:33 - INFO - [create_app.py : create_tables_associated_to_db_model - 250] :: Trying to create the tables if not present in the database...
2023-08-28 23:14:33 - INFO - [create_app.py : create_tables_associated_to_db_model - 252] :: Going to create the tables ...
2023-08-28 23:14:33 - INFO - [create_app.py : create_tables_associated_to_db_model - 255] :: Created the tables ...
2023-08-28 23:14:33 - INFO - [create_app.py : bind_db_app - 152] :: Binding SQLALCHEMY using DatabaseURI:: [postgresql://airlineradmin:Ishi%2306041995@0.0.0.0:3304/REGISTRATIONS] to Application Instance for Service :: [registration]
2023-08-28 23:14:33 - INFO - [create_app.py : bind_db_app - 154] :: Binded SQLALCHEMY :: [<SQLAlchemy>] to Application Instance for Service :: [registration]
2023-08-28 23:14:33 - INFO - [create_app.py : create_pool_of_connections - 161] :: Creating Pool of connections for Service ==>[registration] :: [STARTED]
2023-08-28 23:14:33 - INFO - [create_app.py : create_pool_of_connections - 163] :: Created Pool of connections for Service ==>[registration] :: [SUCCESS]
2023-08-28 23:14:33 - INFO - [create_app.py : create_pool_of_connections - 164] :: Creating session using pool of connections  :: [STARTED]
2023-08-28 23:14:33 - INFO - [create_app.py : create_pool_of_connections - 165] :: Creating  a session maker for database interactions
2023-08-28 23:14:33 - INFO - [create_app.py : create_pool_of_connections - 167] :: Created session using Pool_info :: <sqlalchemy.pool.impl.QueuePool object at 0x104d0cc40>
2023-08-28 23:14:33 - INFO - [create_app.py : create_pool_of_connections - 168] :: Initialised a session maker for database interactions sessionmaker(class_='Session', bind=Engine(postgresql://airlineradmin:***@0.0.0.0:3304/REGISTRATIONS), autoflush=True, expire_on_commit=True)
2023-08-28 23:14:33 - INFO - [create_app.py : display_pool_info - 209] :: #---------------------------------[ POOL - INFO ]----------------------------------------#
2023-08-28 23:14:33 - INFO - [create_app.py : display_pool_info - 210] :: Displaying Pool_Info for Service ==>[registration] 
2023-08-28 23:14:33 - INFO - [create_app.py : display_pool_info - 211] :: Current Pool Info :: <sqlalchemy.pool.impl.QueuePool object at 0x104d0cc40> - ID: 4375759936
2023-08-28 23:14:33 - INFO - [create_app.py : display_pool_info - 212] :: Current Pool Size ::  100
2023-08-28 23:14:33 - INFO - [create_app.py : display_pool_info - 213] :: Checked Out Connections from Pool  0
2023-08-28 23:14:33 - INFO - [create_app.py : display_pool_info - 214] :: Checked in Connections available in Pool :: 0
2023-08-28 23:14:33 - INFO - [create_app.py : display_pool_info - 215] :: Current Pool Overflow Info :: -100
2023-08-28 23:14:33 - INFO - [create_app.py : display_pool_info - 216] :: #---------------------------------[ POOL - INFO ]----------------------------------------#
2023-08-28 23:14:33 - INFO - [create_app.py : register_blueprint - 85] :: Registering blueprints to the service :: <Flask 'registration'>
2023-08-28 23:14:33 - INFO - [create_app.py : display_registered_blueprints_for_service - 110] :: Added Blueprints :: /static/<path:filename>
2023-08-28 23:14:33 - INFO - [create_app.py : display_registered_blueprints_for_service - 110] :: Added Blueprints :: /api/v1/airliner/registerUser
2023-08-28 23:14:33 - INFO - [create_app.py : register_err_handler - 93] :: Registering Error Handler 500-<function internal_server_error at 0x104de3ca0> to the service :: <Flask 'registration'>
2023-08-28 23:14:33 - INFO - [create_app.py : register_err_handler - 93] :: Registering Error Handler 400-<function bad_request at 0x104de3670> to the service :: <Flask 'registration'>
2023-08-28 23:14:33 - INFO - [create_app.py : register_err_handler - 93] :: Registering Error Handler 404-<function not_found at 0x104de3d30> to the service :: <Flask 'registration'>
2023-08-28 23:14:33 - INFO - [create_app.py : display_registered_err_handlers - 102] :: Error Code: None, Handler Function: {}
2023-08-28 23:14:33 - INFO - [__init__.py : <module> - 101] :: Created GRPC server with the workers of max :: 10
2023-08-28 23:14:33 - INFO - [__init__.py : <module> - 103] :: Registered GRPC server to the server :: UserValidationForTokenGenerationService
2023-08-28 23:14:33 - INFO - [__init__.py : <module> - 105] :: Starting GRPC server for the Token-User service with the IP & PORT:: 0.0.0.0:5002
2023-08-28 23:14:33 - INFO - [registration_app.py : <module> - 7] :: Started the grpc server ...
2023-08-28 23:14:33 - INFO - [registration_app.py : <module> - 8] :: Started the REGISTRATION server ...
2023-08-28 23:14:33 - INFO - [registration_app.py : <module> - 9] :: Binded REGISTRATION-SERVICE at IP-ADDRESS:PORT :: 0.0.0.0:5001
2023-08-28 23:14:33 - INFO - [registration_app.py : <module> - 10] :: Application is ready to server traffic.
