2023-08-23 12:16:52 - INFO - [base_logger.py : 34] :: Initialized logger for the service [registration] :: [SUCCESS]
2023-08-23 12:16:52 - INFO - [create_app.py : 42] :: Received Service [registration]
2023-08-23 12:16:52 - INFO - [create_app.py : 44] :: Flask of Application Instance created for service [registration] ,  App Name :: [<Flask 'registration'>] ==> SUCCESS
2023-08-23 12:16:52 - INFO - [create_app.py : 53] :: Created Blueprint :: <Blueprint 'registration_bp'> for the Application service ::registration
2023-08-23 12:16:52 - INFO - [create_app.py : 70] :: Added Blueprints :: /static/<path:filename>
2023-08-23 12:16:52 - INFO - [create_app.py : 80] :: Creating DB-Engine using DatabaseURI for Service :: [registration]
2023-08-23 12:16:52 - INFO - [create_app.py : 74] :: Preparing DatabaseURI for Service :: [registration]
2023-08-23 12:16:52 - INFO - [create_app.py : 76] :: Prepared DatabaseURI for Service :: [registration] - mysql+pymysql://root:testeventstreammonitor#123@127.0.0.1:3304/REGISTRATIONS
2023-08-23 12:16:52 - INFO - [create_app.py : 82] :: Created DB-Engine using DatabaseURIfor Service :: [Engine(mysql+pymysql://root:***@127.0.0.1:3304/REGISTRATIONS)]
2023-08-23 12:16:52 - INFO - [create_app.py : 111] :: Current Connection status set to :: False for the service :: registration
2023-08-23 12:16:52 - INFO - [create_app.py : 112] :: Trying to establish the connection to the database :: [IN-PROGRESS]
2023-08-23 12:16:52 - INFO - [create_app.py : 116] :: Established the connection to the database :: [SUCCESS]
2023-08-23 12:16:52 - INFO - [create_app.py : 118] :: Current Connection status set to :: True for the service :: registration
2023-08-23 12:16:52 - INFO - [create_app.py : 120] :: Closing the Current Connection as the connection was established for the service :: registration
2023-08-23 12:16:52 - INFO - [create_app.py : 153] :: Database already exists :: REGISTRATIONS
2023-08-23 12:16:52 - INFO - [create_app.py : 129] :: Trying to create the tables if not present in the database...
2023-08-23 12:16:52 - INFO - [create_app.py : 131] :: Going to create the tables ...
2023-08-23 12:16:52 - INFO - [create_app.py : 134] :: Created the tables ...
2023-08-23 12:16:52 - INFO - [create_app.py : 87] :: Binding SQLALCHEMY using DatabaseURI:: [mysql+pymysql://root:testeventstreammonitor#123@127.0.0.1:3304/REGISTRATIONS] to Application Instance for Service :: [registration]
2023-08-23 12:16:52 - INFO - [create_app.py : 89] :: Binded SQLALCHEMY :: [<SQLAlchemy>] to Application Instance for Service :: [registration]
2023-08-23 12:16:52 - INFO - [create_app.py : 93] :: Initialized Pool for Service ==>[registration] :: [SUCCESS]
2023-08-23 12:16:52 - INFO - [create_app.py : 162] :: #---------------------------------[ POOL - INFO ]----------------------------------------#
2023-08-23 12:16:52 - INFO - [create_app.py : 163] :: Displaying Pool_Info for Service ==>[registration] 
2023-08-23 12:16:52 - INFO - [create_app.py : 164] :: Current Pool Info :: <sqlalchemy.pool.impl.QueuePool object at 0x1037c03d0> - ID: 4353426384
2023-08-23 12:16:52 - INFO - [create_app.py : 165] :: Current Pool Size ::  100
2023-08-23 12:16:52 - INFO - [create_app.py : 166] :: Checked Out Connections from Pool  0
2023-08-23 12:16:52 - INFO - [create_app.py : 167] :: Checked in Connections available in Pool :: 0
2023-08-23 12:16:52 - INFO - [create_app.py : 168] :: Current Pool Overflow Info :: -100
2023-08-23 12:16:52 - INFO - [create_app.py : 169] :: #---------------------------------[ POOL - INFO ]----------------------------------------#
2023-08-23 12:16:52 - INFO - [create_app.py : 57] :: Registering blueprints to the service :: <Flask 'registration'>
2023-08-23 12:16:52 - INFO - [create_app.py : 70] :: Added Blueprints :: /static/<path:filename>
2023-08-23 12:16:52 - INFO - [create_app.py : 70] :: Added Blueprints :: /api/v1/airliner/registerUser
2023-08-23 12:16:52 - INFO - [create_app.py : 61] :: Registering Error Handler 500-<function internal_server_error at 0x103b69430> to the service :: <Flask 'registration'>
2023-08-23 12:16:52 - INFO - [create_app.py : 61] :: Registering Error Handler 400-<function bad_request at 0x103b5edc0> to the service :: <Flask 'registration'>
2023-08-23 12:16:52 - INFO - [create_app.py : 61] :: Registering Error Handler 404-<function not_found at 0x103b694c0> to the service :: <Flask 'registration'>
2023-08-23 12:16:52 - INFO - [create_app.py : 66] :: Error Code: None, Handler Function: {}
2023-08-23 12:16:52 - INFO - [__init__.py : 60] :: Created GRPC server with the workers of max :: 10
2023-08-23 12:16:52 - INFO - [__init__.py : 63] :: Registered GRPC server to the server :: UserValidationForTokenGenerationService
2023-08-23 12:16:52 - INFO - [__init__.py : 66] :: Starting GRPC server for the Token-User service with the IP & PORT:: localhost:8081
2023-08-23 12:16:52 - INFO - [registration_app.py : 5] :: Started the grpc server ...
2023-08-23 12:16:52 - INFO - [registration_app.py : 6] :: Started the REGISTRATION server ...
2023-08-23 12:16:52 - INFO - [registration_app.py : 7] :: Application is ready to server traffic.
2023-08-23 12:16:56 - INFO - [registration_controller.py : 10] :: REQUEST ==> Received Endpoint :: registration_bp.add_user
2023-08-23 12:16:56 - INFO - [registration_controller.py : 12] :: Received Headers from the request :: {'Content-Type': 'application/json', 'User-Agent': 'PostmanRuntime/7.32.3', 'Accept': '*/*', 'Host': '127.0.0.1:9091', 'Accept-Encoding': 'gzip, deflate, br', 'Connection': 'keep-alive', 'Content-Length': '195'}
2023-08-23 12:16:56 - INFO - [registration_controller.py : 13] :: Validation for Request-Header is  :: [STARTED]
2023-08-23 12:16:56 - DEBUG - [req_header_validation.py : 8] :: REQUEST <==> params ==> Param :: Content-Type :: Value :: application/json :: Type ::<class 'str'> 
2023-08-23 12:16:56 - DEBUG - [req_header_validation.py : 8] :: REQUEST <==> params ==> Param :: User-Agent :: Value :: PostmanRuntime/7.32.3 :: Type ::<class 'str'> 
2023-08-23 12:16:56 - DEBUG - [req_header_validation.py : 8] :: REQUEST <==> params ==> Param :: Accept :: Value :: */* :: Type ::<class 'str'> 
2023-08-23 12:16:56 - DEBUG - [req_header_validation.py : 8] :: REQUEST <==> params ==> Param :: Host :: Value :: 127.0.0.1:9091 :: Type ::<class 'str'> 
2023-08-23 12:16:56 - DEBUG - [req_header_validation.py : 8] :: REQUEST <==> params ==> Param :: Accept-Encoding :: Value :: gzip, deflate, br :: Type ::<class 'str'> 
2023-08-23 12:16:56 - DEBUG - [req_header_validation.py : 8] :: REQUEST <==> params ==> Param :: Connection :: Value :: keep-alive :: Type ::<class 'str'> 
2023-08-23 12:16:56 - DEBUG - [req_header_validation.py : 8] :: REQUEST <==> params ==> Param :: Content-Length :: Value :: 195 :: Type ::<class 'str'> 
2023-08-23 12:16:56 - INFO - [registration_controller.py : 16] :: Validation for Request-Header is  :: [SUCCESS]
2023-08-23 12:16:56 - INFO - [registration_controller.py : 19] :: Validation for Request-Body is  :: [STARTED]
2023-08-23 12:16:56 - DEBUG - [req_header_validation.py : 8] :: REQUEST <==> params ==> Param :: username :: Value :: kamal :: Type ::<class 'str'> 
2023-08-23 12:16:56 - DEBUG - [req_header_validation.py : 8] :: REQUEST <==> params ==> Param :: email :: Value :: devarapallikamalsai@gmail.com :: Type ::<class 'str'> 
2023-08-23 12:16:56 - DEBUG - [req_header_validation.py : 8] :: REQUEST <==> params ==> Param :: firstName :: Value :: kamal :: Type ::<class 'str'> 
2023-08-23 12:16:56 - DEBUG - [req_header_validation.py : 8] :: REQUEST <==> params ==> Param :: lastName :: Value :: devarapalli :: Type ::<class 'str'> 
2023-08-23 12:16:56 - DEBUG - [req_header_validation.py : 8] :: REQUEST <==> params ==> Param :: dateOfBirth :: Value :: 06-4-1995 :: Type ::<class 'str'> 
2023-08-23 12:16:56 - DEBUG - [req_header_validation.py : 8] :: REQUEST <==> params ==> Param :: password :: Value :: testeventstreammonitor#123 :: Type ::<class 'str'> 
2023-08-23 12:16:57 - INFO - [registration_controller.py : 22] :: Validation for Request-body is  :: [SUCCESS]
2023-08-23 12:16:57 - INFO - [registration_controller.py : 30] :: Processing the request data... :: [STARTED]
2023-08-23 12:16:57 - INFO - [registration_controller.py : 32] :: Instance creation for User :: [SUCCESS] :: UserName :: kamal,FirstName :: kamal, LastName :: devarapalli, Emailaddress :: devarapallikamalsai@gmail.com , Password :: b'$2b$12$TXLgrr1rNrS3Vdw5yU79wOB51O5WSufwNifYAajBEOYDKdClQmovS', CreatedAt :: 2023-08-23 12:16:52.630043, UpdatedAt :: 2023-08-23 12:16:52.630050
2023-08-23 12:16:57 - INFO - [registration_controller.py : 33] :: Mapping the request data to the database model:: [STARTED]
2023-08-23 12:16:57 - INFO - [registration_controller.py : 42] :: Mapping the request data to the database model:: [SUCCESS]
2023-08-23 12:16:57 - INFO - [create_app.py : 175] :: Creating session using pool of connections  :: [STARTED]
2023-08-23 12:16:57 - INFO - [create_app.py : 176] :: Creating session using Pool_info :: <sqlalchemy.pool.impl.QueuePool object at 0x1037c03d0>
2023-08-23 12:16:57 - INFO - [create_app.py : 177] :: Initialising  a session maker for database interactions
2023-08-23 12:16:57 - INFO - [create_app.py : 179] :: Initialised a session maker for database interactions sessionmaker(class_='Session', bind=Engine(mysql+pymysql://root:***@127.0.0.1:3304/REGISTRATIONS), autoflush=True, expire_on_commit=True)
2023-08-23 12:16:57 - INFO - [create_app.py : 181] :: Created session to store the data in to DataBase Session-Id  :: <sqlalchemy.orm.session.Session object at 0x103ce1e80>
2023-08-23 12:16:57 - INFO - [create_app.py : 162] :: #---------------------------------[ POOL - INFO ]----------------------------------------#
2023-08-23 12:16:57 - INFO - [create_app.py : 163] :: Displaying Pool_Info for Service ==>[registration] 
2023-08-23 12:16:57 - INFO - [create_app.py : 164] :: Current Pool Info :: <sqlalchemy.pool.impl.QueuePool object at 0x1037c03d0> - ID: 4353426384
2023-08-23 12:16:57 - INFO - [create_app.py : 165] :: Current Pool Size ::  100
2023-08-23 12:16:57 - INFO - [create_app.py : 166] :: Checked Out Connections from Pool  0
2023-08-23 12:16:57 - INFO - [create_app.py : 167] :: Checked in Connections available in Pool :: 0
2023-08-23 12:16:57 - INFO - [create_app.py : 168] :: Current Pool Overflow Info :: -100
2023-08-23 12:16:57 - INFO - [create_app.py : 169] :: #---------------------------------[ POOL - INFO ]----------------------------------------#
2023-08-23 12:16:57 - INFO - [registration_controller.py : 47] :: Data added into  DataBase session UserID='None', UserName='kamal',         FirstName='kamal', LastName='devarapalli',         Email='devarapallikamalsai@gmail.com', Password='b'$2b$12$TXLgrr1rNrS3Vdw5yU79wOB51O5WSufwNifYAajBEOYDKdClQmovS'',         DateOfBirth='06-4-1995', CreatedAt='2023-08-23 12:16:52.630043', UpdatedAt='2023-08-23 12:16:52.630050':: SUCCESS
2023-08-23 12:16:57 - INFO - [registration_controller.py : 49] :: Added Data is committed into  DataBase <sqlalchemy.orm.session.Session object at 0x103ce1e80>:: SUCCESS
2023-08-23 12:16:57 - INFO - [registration_controller.py : 50] :: Generating Success response  :: [STARTED]
2023-08-23 12:16:57 - INFO - [registration_controller.py : 53] :: Generating Success response  :: [STARTED] :: {'message': 'User  is created', 'user': {'userId': 18, 'username': 'kamal', 'email': 'devarapallikamalsai@gmail.com', 'dateOfBirth': '06-4-1995', 'firstName': 'kamal', 'lastName': 'devarapalli', 'CreatedAt': datetime.datetime(2023, 8, 23, 12, 16, 53), 'UpdatedAt': datetime.datetime(2023, 8, 23, 12, 16, 53)}}
2023-08-23 12:17:00 - INFO - [registration_controller.py : 10] :: REQUEST ==> Received Endpoint :: registration_bp.add_user
2023-08-23 12:17:00 - INFO - [registration_controller.py : 12] :: Received Headers from the request :: {'Content-Type': 'application/json', 'User-Agent': 'PostmanRuntime/7.32.3', 'Accept': '*/*', 'Host': '127.0.0.1:9091', 'Accept-Encoding': 'gzip, deflate, br', 'Connection': 'keep-alive'}
2023-08-23 12:17:00 - INFO - [registration_controller.py : 13] :: Validation for Request-Header is  :: [STARTED]
2023-08-23 12:17:00 - DEBUG - [req_header_validation.py : 8] :: REQUEST <==> params ==> Param :: Content-Type :: Value :: application/json :: Type ::<class 'str'> 
2023-08-23 12:17:00 - DEBUG - [req_header_validation.py : 8] :: REQUEST <==> params ==> Param :: User-Agent :: Value :: PostmanRuntime/7.32.3 :: Type ::<class 'str'> 
2023-08-23 12:17:00 - DEBUG - [req_header_validation.py : 8] :: REQUEST <==> params ==> Param :: Accept :: Value :: */* :: Type ::<class 'str'> 
2023-08-23 12:17:00 - DEBUG - [req_header_validation.py : 8] :: REQUEST <==> params ==> Param :: Host :: Value :: 127.0.0.1:9091 :: Type ::<class 'str'> 
2023-08-23 12:17:00 - DEBUG - [req_header_validation.py : 8] :: REQUEST <==> params ==> Param :: Accept-Encoding :: Value :: gzip, deflate, br :: Type ::<class 'str'> 
2023-08-23 12:17:00 - DEBUG - [req_header_validation.py : 8] :: REQUEST <==> params ==> Param :: Connection :: Value :: keep-alive :: Type ::<class 'str'> 
2023-08-23 12:17:00 - INFO - [req_header_validation.py : 12] :: Checking the data and do validations...
2023-08-23 12:17:00 - INFO - [req_header_validation.py : 15] :: Required_Properties_As_Per_Schema :: ['Host', 'User-Agent', 'Accept', 'Connection', 'Accept-Encoding', 'Content-Length', 'Content-Type']
2023-08-23 12:17:00 - INFO - [req_header_validation.py : 18] :: Missing params found :: ['Content-Length']
2023-08-23 12:17:00 - INFO - [req_header_validation.py : 20] :: Packing message for missing property which are found :: ['Content-Length']
2023-08-23 12:17:00 - ERROR - [registration_controller.py : 80] :: Validation for Request-Header is  :: [FAILED]
2023-08-23 12:17:00 - INFO - [registration_controller.py : 82] :: Sending Error response back to client :: {'details': {'params': ['Content-Length']}, 'message': 'Request Header Missing'}
2023-08-23 12:17:03 - INFO - [registration_controller.py : 10] :: REQUEST ==> Received Endpoint :: registration_bp.add_user
2023-08-23 12:17:03 - INFO - [registration_controller.py : 12] :: Received Headers from the request :: {'Content-Type': 'application/json', 'User-Agent': 'PostmanRuntime/7.32.3', 'Accept': '*/*', 'Host': '127.0.0.1:9091', 'Accept-Encoding': 'gzip, deflate, br', 'Connection': 'keep-alive', 'Content-Length': '195'}
2023-08-23 12:17:03 - INFO - [registration_controller.py : 13] :: Validation for Request-Header is  :: [STARTED]
2023-08-23 12:17:03 - DEBUG - [req_header_validation.py : 8] :: REQUEST <==> params ==> Param :: Content-Type :: Value :: application/json :: Type ::<class 'str'> 
2023-08-23 12:17:03 - DEBUG - [req_header_validation.py : 8] :: REQUEST <==> params ==> Param :: User-Agent :: Value :: PostmanRuntime/7.32.3 :: Type ::<class 'str'> 
2023-08-23 12:17:03 - DEBUG - [req_header_validation.py : 8] :: REQUEST <==> params ==> Param :: Accept :: Value :: */* :: Type ::<class 'str'> 
2023-08-23 12:17:03 - DEBUG - [req_header_validation.py : 8] :: REQUEST <==> params ==> Param :: Host :: Value :: 127.0.0.1:9091 :: Type ::<class 'str'> 
2023-08-23 12:17:03 - DEBUG - [req_header_validation.py : 8] :: REQUEST <==> params ==> Param :: Accept-Encoding :: Value :: gzip, deflate, br :: Type ::<class 'str'> 
2023-08-23 12:17:03 - DEBUG - [req_header_validation.py : 8] :: REQUEST <==> params ==> Param :: Connection :: Value :: keep-alive :: Type ::<class 'str'> 
2023-08-23 12:17:03 - DEBUG - [req_header_validation.py : 8] :: REQUEST <==> params ==> Param :: Content-Length :: Value :: 195 :: Type ::<class 'str'> 
2023-08-23 12:17:03 - INFO - [registration_controller.py : 16] :: Validation for Request-Header is  :: [SUCCESS]
2023-08-23 12:17:03 - INFO - [registration_controller.py : 19] :: Validation for Request-Body is  :: [STARTED]
2023-08-23 12:17:03 - DEBUG - [req_header_validation.py : 8] :: REQUEST <==> params ==> Param :: username :: Value :: kamal :: Type ::<class 'str'> 
2023-08-23 12:17:03 - DEBUG - [req_header_validation.py : 8] :: REQUEST <==> params ==> Param :: email :: Value :: devarapallikamalsai@gmail.com :: Type ::<class 'str'> 
2023-08-23 12:17:03 - DEBUG - [req_header_validation.py : 8] :: REQUEST <==> params ==> Param :: firstName :: Value :: kamal :: Type ::<class 'str'> 
2023-08-23 12:17:03 - DEBUG - [req_header_validation.py : 8] :: REQUEST <==> params ==> Param :: lastName :: Value :: devarapalli :: Type ::<class 'str'> 
2023-08-23 12:17:03 - DEBUG - [req_header_validation.py : 8] :: REQUEST <==> params ==> Param :: dateOfBirth :: Value :: 06-4-1995 :: Type ::<class 'str'> 
2023-08-23 12:17:03 - DEBUG - [req_header_validation.py : 8] :: REQUEST <==> params ==> Param :: password :: Value :: testeventstreammonitor#123 :: Type ::<class 'str'> 
2023-08-23 12:17:03 - INFO - [registration_controller.py : 22] :: Validation for Request-body is  :: [SUCCESS]
2023-08-23 12:17:03 - INFO - [registration_controller.py : 30] :: Processing the request data... :: [STARTED]
2023-08-23 12:17:03 - INFO - [registration_controller.py : 32] :: Instance creation for User :: [SUCCESS] :: UserName :: kamal,FirstName :: kamal, LastName :: devarapalli, Emailaddress :: devarapallikamalsai@gmail.com , Password :: b'$2b$12$mLWvDQYBXYKbDKlAOEMHK.xgKBBhSxa/LP2gOyOpHHc9iMEIoagUi', CreatedAt :: 2023-08-23 12:16:52.630043, UpdatedAt :: 2023-08-23 12:16:52.630050
2023-08-23 12:17:03 - INFO - [registration_controller.py : 33] :: Mapping the request data to the database model:: [STARTED]
2023-08-23 12:17:03 - INFO - [registration_controller.py : 42] :: Mapping the request data to the database model:: [SUCCESS]
2023-08-23 12:17:03 - INFO - [create_app.py : 175] :: Creating session using pool of connections  :: [STARTED]
2023-08-23 12:17:03 - INFO - [create_app.py : 176] :: Creating session using Pool_info :: <sqlalchemy.pool.impl.QueuePool object at 0x1037c03d0>
2023-08-23 12:17:03 - INFO - [create_app.py : 177] :: Initialising  a session maker for database interactions
2023-08-23 12:17:03 - INFO - [create_app.py : 179] :: Initialised a session maker for database interactions sessionmaker(class_='Session', bind=Engine(mysql+pymysql://root:***@127.0.0.1:3304/REGISTRATIONS), autoflush=True, expire_on_commit=True)
2023-08-23 12:17:03 - INFO - [create_app.py : 181] :: Created session to store the data in to DataBase Session-Id  :: <sqlalchemy.orm.session.Session object at 0x103d436a0>
2023-08-23 12:17:03 - INFO - [create_app.py : 162] :: #---------------------------------[ POOL - INFO ]----------------------------------------#
2023-08-23 12:17:03 - INFO - [create_app.py : 163] :: Displaying Pool_Info for Service ==>[registration] 
2023-08-23 12:17:03 - INFO - [create_app.py : 164] :: Current Pool Info :: <sqlalchemy.pool.impl.QueuePool object at 0x1037c03d0> - ID: 4353426384
2023-08-23 12:17:03 - INFO - [create_app.py : 165] :: Current Pool Size ::  100
2023-08-23 12:17:03 - INFO - [create_app.py : 166] :: Checked Out Connections from Pool  0
2023-08-23 12:17:03 - INFO - [create_app.py : 167] :: Checked in Connections available in Pool :: 0
2023-08-23 12:17:03 - INFO - [create_app.py : 168] :: Current Pool Overflow Info :: -100
2023-08-23 12:17:03 - INFO - [create_app.py : 169] :: #---------------------------------[ POOL - INFO ]----------------------------------------#
2023-08-23 12:17:03 - INFO - [registration_controller.py : 47] :: Data added into  DataBase session UserID='None', UserName='kamal',         FirstName='kamal', LastName='devarapalli',         Email='devarapallikamalsai@gmail.com', Password='b'$2b$12$mLWvDQYBXYKbDKlAOEMHK.xgKBBhSxa/LP2gOyOpHHc9iMEIoagUi'',         DateOfBirth='06-4-1995', CreatedAt='2023-08-23 12:16:52.630043', UpdatedAt='2023-08-23 12:16:52.630050':: SUCCESS
2023-08-23 12:17:03 - INFO - [registration_controller.py : 49] :: Added Data is committed into  DataBase <sqlalchemy.orm.session.Session object at 0x103d436a0>:: SUCCESS
2023-08-23 12:17:03 - INFO - [registration_controller.py : 50] :: Generating Success response  :: [STARTED]
2023-08-23 12:17:03 - INFO - [registration_controller.py : 53] :: Generating Success response  :: [STARTED] :: {'message': 'User  is created', 'user': {'userId': 19, 'username': 'kamal', 'email': 'devarapallikamalsai@gmail.com', 'dateOfBirth': '06-4-1995', 'firstName': 'kamal', 'lastName': 'devarapalli', 'CreatedAt': datetime.datetime(2023, 8, 23, 12, 16, 53), 'UpdatedAt': datetime.datetime(2023, 8, 23, 12, 16, 53)}}
2023-08-23 12:17:09 - INFO - [registration_controller.py : 10] :: REQUEST ==> Received Endpoint :: registration_bp.add_user
2023-08-23 12:17:09 - INFO - [registration_controller.py : 12] :: Received Headers from the request :: {'Content-Type': 'application/json', 'User-Agent': 'PostmanRuntime/7.32.3', 'Accept': '*/*', 'Host': '127.0.0.1:9091', 'Accept-Encoding': 'gzip, deflate, br', 'Connection': 'keep-alive', 'Content-Length': '175'}
2023-08-23 12:17:09 - INFO - [registration_controller.py : 13] :: Validation for Request-Header is  :: [STARTED]
2023-08-23 12:17:09 - DEBUG - [req_header_validation.py : 8] :: REQUEST <==> params ==> Param :: Content-Type :: Value :: application/json :: Type ::<class 'str'> 
2023-08-23 12:17:09 - DEBUG - [req_header_validation.py : 8] :: REQUEST <==> params ==> Param :: User-Agent :: Value :: PostmanRuntime/7.32.3 :: Type ::<class 'str'> 
2023-08-23 12:17:09 - DEBUG - [req_header_validation.py : 8] :: REQUEST <==> params ==> Param :: Accept :: Value :: */* :: Type ::<class 'str'> 
2023-08-23 12:17:09 - DEBUG - [req_header_validation.py : 8] :: REQUEST <==> params ==> Param :: Host :: Value :: 127.0.0.1:9091 :: Type ::<class 'str'> 
2023-08-23 12:17:09 - DEBUG - [req_header_validation.py : 8] :: REQUEST <==> params ==> Param :: Accept-Encoding :: Value :: gzip, deflate, br :: Type ::<class 'str'> 
2023-08-23 12:17:09 - DEBUG - [req_header_validation.py : 8] :: REQUEST <==> params ==> Param :: Connection :: Value :: keep-alive :: Type ::<class 'str'> 
2023-08-23 12:17:09 - DEBUG - [req_header_validation.py : 8] :: REQUEST <==> params ==> Param :: Content-Length :: Value :: 175 :: Type ::<class 'str'> 
2023-08-23 12:17:09 - INFO - [registration_controller.py : 16] :: Validation for Request-Header is  :: [SUCCESS]
2023-08-23 12:17:09 - INFO - [registration_controller.py : 19] :: Validation for Request-Body is  :: [STARTED]
2023-08-23 12:17:09 - DEBUG - [req_header_validation.py : 8] :: REQUEST <==> params ==> Param :: email :: Value :: devarapallikamalsai@gmail.com :: Type ::<class 'str'> 
2023-08-23 12:17:09 - DEBUG - [req_header_validation.py : 8] :: REQUEST <==> params ==> Param :: firstName :: Value :: kamal :: Type ::<class 'str'> 
2023-08-23 12:17:09 - DEBUG - [req_header_validation.py : 8] :: REQUEST <==> params ==> Param :: lastName :: Value :: devarapalli :: Type ::<class 'str'> 
2023-08-23 12:17:09 - DEBUG - [req_header_validation.py : 8] :: REQUEST <==> params ==> Param :: dateOfBirth :: Value :: 06-4-1995 :: Type ::<class 'str'> 
2023-08-23 12:17:09 - DEBUG - [req_header_validation.py : 8] :: REQUEST <==> params ==> Param :: password :: Value :: testeventstreammonitor#123 :: Type ::<class 'str'> 
2023-08-23 12:17:09 - INFO - [req_header_validation.py : 12] :: Checking the data and do validations...
2023-08-23 12:17:09 - INFO - [req_header_validation.py : 15] :: Required_Properties_As_Per_Schema :: ['username', 'email', 'password']
2023-08-23 12:17:09 - INFO - [req_header_validation.py : 18] :: Missing params found :: ['username']
2023-08-23 12:17:09 - INFO - [req_header_validation.py : 20] :: Packing message for missing property which are found :: ['username']
2023-08-23 12:17:09 - ERROR - [registration_controller.py : 74] :: Validation for Request-Body is  :: [FAILED]
2023-08-23 12:17:09 - INFO - [registration_controller.py : 76] :: Sending Error response back to client :: {'details': {'params': ['username']}, 'message': 'Request Params Missing'}
2023-08-23 12:17:19 - INFO - [registration_controller.py : 10] :: REQUEST ==> Received Endpoint :: registration_bp.add_user
2023-08-23 12:17:19 - INFO - [registration_controller.py : 12] :: Received Headers from the request :: {'Content-Type': 'application/json', 'User-Agent': 'PostmanRuntime/7.32.3', 'Accept': '*/*', 'Host': '127.0.0.1:9091', 'Accept-Encoding': 'gzip, deflate, br', 'Connection': 'keep-alive', 'Content-Length': '134'}
2023-08-23 12:17:19 - INFO - [registration_controller.py : 13] :: Validation for Request-Header is  :: [STARTED]
2023-08-23 12:17:19 - DEBUG - [req_header_validation.py : 8] :: REQUEST <==> params ==> Param :: Content-Type :: Value :: application/json :: Type ::<class 'str'> 
2023-08-23 12:17:19 - DEBUG - [req_header_validation.py : 8] :: REQUEST <==> params ==> Param :: User-Agent :: Value :: PostmanRuntime/7.32.3 :: Type ::<class 'str'> 
2023-08-23 12:17:19 - DEBUG - [req_header_validation.py : 8] :: REQUEST <==> params ==> Param :: Accept :: Value :: */* :: Type ::<class 'str'> 
2023-08-23 12:17:19 - DEBUG - [req_header_validation.py : 8] :: REQUEST <==> params ==> Param :: Host :: Value :: 127.0.0.1:9091 :: Type ::<class 'str'> 
2023-08-23 12:17:19 - DEBUG - [req_header_validation.py : 8] :: REQUEST <==> params ==> Param :: Accept-Encoding :: Value :: gzip, deflate, br :: Type ::<class 'str'> 
2023-08-23 12:17:19 - DEBUG - [req_header_validation.py : 8] :: REQUEST <==> params ==> Param :: Connection :: Value :: keep-alive :: Type ::<class 'str'> 
2023-08-23 12:17:19 - DEBUG - [req_header_validation.py : 8] :: REQUEST <==> params ==> Param :: Content-Length :: Value :: 134 :: Type ::<class 'str'> 
2023-08-23 12:17:19 - INFO - [registration_controller.py : 16] :: Validation for Request-Header is  :: [SUCCESS]
2023-08-23 12:17:19 - INFO - [registration_controller.py : 19] :: Validation for Request-Body is  :: [STARTED]
2023-08-23 12:17:19 - DEBUG - [req_header_validation.py : 8] :: REQUEST <==> params ==> Param :: firstName :: Value :: kamal :: Type ::<class 'str'> 
2023-08-23 12:17:19 - DEBUG - [req_header_validation.py : 8] :: REQUEST <==> params ==> Param :: lastName :: Value :: devarapalli :: Type ::<class 'str'> 
2023-08-23 12:17:19 - DEBUG - [req_header_validation.py : 8] :: REQUEST <==> params ==> Param :: dateOfBirth :: Value :: 06-4-1995 :: Type ::<class 'str'> 
2023-08-23 12:17:19 - DEBUG - [req_header_validation.py : 8] :: REQUEST <==> params ==> Param :: password :: Value :: testeventstreammonitor#123 :: Type ::<class 'str'> 
2023-08-23 12:17:19 - INFO - [req_header_validation.py : 12] :: Checking the data and do validations...
2023-08-23 12:17:19 - INFO - [req_header_validation.py : 15] :: Required_Properties_As_Per_Schema :: ['username', 'email', 'password']
2023-08-23 12:17:19 - INFO - [req_header_validation.py : 18] :: Missing params found :: ['username', 'email']
2023-08-23 12:17:19 - INFO - [req_header_validation.py : 20] :: Packing message for missing property which are found :: ['username', 'email']
2023-08-23 12:17:19 - ERROR - [registration_controller.py : 74] :: Validation for Request-Body is  :: [FAILED]
2023-08-23 12:17:19 - INFO - [registration_controller.py : 76] :: Sending Error response back to client :: {'details': {'params': ['username', 'email']}, 'message': 'Request Params Missing'}
2023-08-23 12:17:29 - INFO - [registration_controller.py : 10] :: REQUEST ==> Received Endpoint :: registration_bp.add_user
2023-08-23 12:17:29 - INFO - [registration_controller.py : 12] :: Received Headers from the request :: {'Content-Type': 'application/json', 'User-Agent': 'PostmanRuntime/7.32.3', 'Accept': '*/*', 'Host': '127.0.0.1:9091', 'Accept-Encoding': 'gzip, deflate, br', 'Connection': 'keep-alive', 'Content-Length': '195'}
2023-08-23 12:17:29 - INFO - [registration_controller.py : 13] :: Validation for Request-Header is  :: [STARTED]
2023-08-23 12:17:29 - DEBUG - [req_header_validation.py : 8] :: REQUEST <==> params ==> Param :: Content-Type :: Value :: application/json :: Type ::<class 'str'> 
2023-08-23 12:17:29 - DEBUG - [req_header_validation.py : 8] :: REQUEST <==> params ==> Param :: User-Agent :: Value :: PostmanRuntime/7.32.3 :: Type ::<class 'str'> 
2023-08-23 12:17:29 - DEBUG - [req_header_validation.py : 8] :: REQUEST <==> params ==> Param :: Accept :: Value :: */* :: Type ::<class 'str'> 
2023-08-23 12:17:29 - DEBUG - [req_header_validation.py : 8] :: REQUEST <==> params ==> Param :: Host :: Value :: 127.0.0.1:9091 :: Type ::<class 'str'> 
2023-08-23 12:17:29 - DEBUG - [req_header_validation.py : 8] :: REQUEST <==> params ==> Param :: Accept-Encoding :: Value :: gzip, deflate, br :: Type ::<class 'str'> 
2023-08-23 12:17:29 - DEBUG - [req_header_validation.py : 8] :: REQUEST <==> params ==> Param :: Connection :: Value :: keep-alive :: Type ::<class 'str'> 
2023-08-23 12:17:29 - DEBUG - [req_header_validation.py : 8] :: REQUEST <==> params ==> Param :: Content-Length :: Value :: 195 :: Type ::<class 'str'> 
2023-08-23 12:17:29 - INFO - [registration_controller.py : 16] :: Validation for Request-Header is  :: [SUCCESS]
2023-08-23 12:17:29 - INFO - [registration_controller.py : 19] :: Validation for Request-Body is  :: [STARTED]
2023-08-23 12:17:29 - DEBUG - [req_header_validation.py : 8] :: REQUEST <==> params ==> Param :: username :: Value :: kamal :: Type ::<class 'str'> 
2023-08-23 12:17:29 - DEBUG - [req_header_validation.py : 8] :: REQUEST <==> params ==> Param :: email :: Value :: devarapallikamalsai@gmail.com :: Type ::<class 'str'> 
2023-08-23 12:17:29 - DEBUG - [req_header_validation.py : 8] :: REQUEST <==> params ==> Param :: firstName :: Value :: kamal :: Type ::<class 'str'> 
2023-08-23 12:17:29 - DEBUG - [req_header_validation.py : 8] :: REQUEST <==> params ==> Param :: lastName :: Value :: devarapalli :: Type ::<class 'str'> 
2023-08-23 12:17:29 - DEBUG - [req_header_validation.py : 8] :: REQUEST <==> params ==> Param :: dateOfBirth :: Value :: 06-4-1995 :: Type ::<class 'str'> 
2023-08-23 12:17:29 - DEBUG - [req_header_validation.py : 8] :: REQUEST <==> params ==> Param :: password :: Value :: testeventstreammonitor#123 :: Type ::<class 'str'> 
2023-08-23 12:17:29 - INFO - [registration_controller.py : 22] :: Validation for Request-body is  :: [SUCCESS]
2023-08-23 12:17:29 - INFO - [registration_controller.py : 30] :: Processing the request data... :: [STARTED]
2023-08-23 12:17:29 - INFO - [registration_controller.py : 32] :: Instance creation for User :: [SUCCESS] :: UserName :: kamal,FirstName :: kamal, LastName :: devarapalli, Emailaddress :: devarapallikamalsai@gmail.com , Password :: b'$2b$12$BsW6KO9mY7y.wME8/VhzruqAbDaAlHAx3WXoKBUdL5CBlHBI6lt5m', CreatedAt :: 2023-08-23 12:16:52.630043, UpdatedAt :: 2023-08-23 12:16:52.630050
2023-08-23 12:17:29 - INFO - [registration_controller.py : 33] :: Mapping the request data to the database model:: [STARTED]
2023-08-23 12:17:29 - INFO - [registration_controller.py : 42] :: Mapping the request data to the database model:: [SUCCESS]
2023-08-23 12:17:29 - INFO - [create_app.py : 175] :: Creating session using pool of connections  :: [STARTED]
2023-08-23 12:17:29 - INFO - [create_app.py : 176] :: Creating session using Pool_info :: <sqlalchemy.pool.impl.QueuePool object at 0x1037c03d0>
2023-08-23 12:17:29 - INFO - [create_app.py : 177] :: Initialising  a session maker for database interactions
2023-08-23 12:17:29 - INFO - [create_app.py : 179] :: Initialised a session maker for database interactions sessionmaker(class_='Session', bind=Engine(mysql+pymysql://root:***@127.0.0.1:3304/REGISTRATIONS), autoflush=True, expire_on_commit=True)
2023-08-23 12:17:29 - INFO - [create_app.py : 181] :: Created session to store the data in to DataBase Session-Id  :: <sqlalchemy.orm.session.Session object at 0x103d436d0>
2023-08-23 12:17:29 - INFO - [create_app.py : 162] :: #---------------------------------[ POOL - INFO ]----------------------------------------#
2023-08-23 12:17:29 - INFO - [create_app.py : 163] :: Displaying Pool_Info for Service ==>[registration] 
2023-08-23 12:17:29 - INFO - [create_app.py : 164] :: Current Pool Info :: <sqlalchemy.pool.impl.QueuePool object at 0x1037c03d0> - ID: 4353426384
2023-08-23 12:17:29 - INFO - [create_app.py : 165] :: Current Pool Size ::  100
2023-08-23 12:17:29 - INFO - [create_app.py : 166] :: Checked Out Connections from Pool  0
2023-08-23 12:17:29 - INFO - [create_app.py : 167] :: Checked in Connections available in Pool :: 0
2023-08-23 12:17:29 - INFO - [create_app.py : 168] :: Current Pool Overflow Info :: -100
2023-08-23 12:17:29 - INFO - [create_app.py : 169] :: #---------------------------------[ POOL - INFO ]----------------------------------------#
2023-08-23 12:17:29 - INFO - [registration_controller.py : 47] :: Data added into  DataBase session UserID='None', UserName='kamal',         FirstName='kamal', LastName='devarapalli',         Email='devarapallikamalsai@gmail.com', Password='b'$2b$12$BsW6KO9mY7y.wME8/VhzruqAbDaAlHAx3WXoKBUdL5CBlHBI6lt5m'',         DateOfBirth='06-4-1995', CreatedAt='2023-08-23 12:16:52.630043', UpdatedAt='2023-08-23 12:16:52.630050':: SUCCESS
2023-08-23 12:17:29 - INFO - [registration_controller.py : 49] :: Added Data is committed into  DataBase <sqlalchemy.orm.session.Session object at 0x103d436d0>:: SUCCESS
2023-08-23 12:17:29 - INFO - [registration_controller.py : 50] :: Generating Success response  :: [STARTED]
2023-08-23 12:17:29 - INFO - [registration_controller.py : 53] :: Generating Success response  :: [STARTED] :: {'message': 'User  is created', 'user': {'userId': 20, 'username': 'kamal', 'email': 'devarapallikamalsai@gmail.com', 'dateOfBirth': '06-4-1995', 'firstName': 'kamal', 'lastName': 'devarapalli', 'CreatedAt': datetime.datetime(2023, 8, 23, 12, 16, 53), 'UpdatedAt': datetime.datetime(2023, 8, 23, 12, 16, 53)}}
